name	length	score	pvalue	qvalue
NZ_CAOI01000428.1 Cellulosimicrobium cellulans LMG 16121, whole genome shotgun sequence	105	0.00078615956910683	0.999304865938431	0.999757458161533
NZ_CAOI01000427.1 Cellulosimicrobium cellulans LMG 16121, whole genome shotgun sequence	119	0.978964718518175	0.000794438927507448	0.170009930486594
NZ_CAOI01000426.1 Cellulosimicrobium cellulans LMG 16121, whole genome shotgun sequence	119	0.0966609176031689	0.680933465739821	0.995201889717281
NZ_CAOI01000425.1 Cellulosimicrobium cellulans LMG 16121, whole genome shotgun sequence	127	0.990378393339053	5.95829195630586e-05	0.0255014895729891
NZ_CAOI01000424.1 Cellulosimicrobium cellulans LMG 16121, whole genome shotgun sequence	129	0.901256004374547	0.0132869910625621	0.995201889717281
NZ_CAOI01000423.1 Cellulosimicrobium cellulans LMG 16121, whole genome shotgun sequence	194	0.00362329435999509	0.991857000993049	0.999757458161533
NZ_CAOI01000422.1 Cellulosimicrobium cellulans LMG 16121, whole genome shotgun sequence	216	0.643434506524109	0.112135054617676	0.995201889717281
NZ_CAOI01000421.1 Cellulosimicrobium cellulans LMG 16121, whole genome shotgun sequence	221	0.900010147875593	0.0135849056603774	0.995201889717281
NZ_CAOI01000420.1 Cellulosimicrobium cellulans LMG 16121, whole genome shotgun sequence	428	0.738389461122172	0.0681429990069513	0.995201889717281
NZ_CAOI01000419.1 Cellulosimicrobium cellulans LMG 16121, whole genome shotgun sequence	488	0.00746257990352857	0.977795431976167	0.999757458161533
NZ_CAOI01000418.1 Cellulosimicrobium cellulans LMG 16121, whole genome shotgun sequence	494	0.517518345789062	0.182959285004965	0.995201889717281
NZ_CAOI01000417.1 Cellulosimicrobium cellulans LMG 16121, whole genome shotgun sequence	508	0.0873029849927379	0.704627606752731	0.995201889717281
NZ_CAOI01000416.1 Cellulosimicrobium cellulans LMG 16121, whole genome shotgun sequence	563	0.100360999731663	0.67304865938431	0.995201889717281
NZ_CAOI01000415.1 Cellulosimicrobium cellulans LMG 16121, whole genome shotgun sequence	592	0.609153131907742	0.129632571996028	0.995201889717281
NZ_CAOI01000414.1 Cellulosimicrobium cellulans LMG 16121, whole genome shotgun sequence	626	0.0710809282911543	0.747825223435948	0.995201889717281
NZ_CAOI01000413.1 Cellulosimicrobium cellulans LMG 16121, whole genome shotgun sequence	649	0.00430101232431214	0.989553128103277	0.999757458161533
NZ_CAOI01000412.1 Cellulosimicrobium cellulans LMG 16121, whole genome shotgun sequence	653	0.0166955808938192	0.938192651439921	0.995201889717281
NZ_CAOI01000411.1 Cellulosimicrobium cellulans LMG 16121, whole genome shotgun sequence	662	0.280568037793894	0.383217477656405	0.995201889717281
NZ_CAOI01000410.1 Cellulosimicrobium cellulans LMG 16121, whole genome shotgun sequence	669	0.0892216063551494	0.699761668321748	0.995201889717281
NZ_CAOI01000409.1 Cellulosimicrobium cellulans LMG 16121, whole genome shotgun sequence	691	0.0123358586945173	0.956722939424032	0.995201889717281
NZ_CAOI01000408.1 Cellulosimicrobium cellulans LMG 16121, whole genome shotgun sequence	710	0.0031668369576757	0.993108242303873	0.999757458161533
NZ_CAOI01000407.1 Cellulosimicrobium cellulans LMG 16121, whole genome shotgun sequence	725	0.110042712316334	0.649930486593843	0.995201889717281
NZ_CAOI01000406.1 Cellulosimicrobium cellulans LMG 16121, whole genome shotgun sequence	735	0.0281438627168238	0.892591857000993	0.995201889717281
NZ_CAOI01000405.1 Cellulosimicrobium cellulans LMG 16121, whole genome shotgun sequence	756	0.0749232036771611	0.737179741807349	0.995201889717281
NZ_CAOI01000404.1 Cellulosimicrobium cellulans LMG 16121, whole genome shotgun sequence	768	0.0286842206327591	0.890347567030785	0.995201889717281
NZ_CAOI01000403.1 Cellulosimicrobium cellulans LMG 16121, whole genome shotgun sequence	789	0.630276233200411	0.118808341608739	0.995201889717281
NZ_CAOI01000402.1 Cellulosimicrobium cellulans LMG 16121, whole genome shotgun sequence	810	0.0632492081644057	0.771002979145978	0.995201889717281
NZ_CAOI01000401.1 Cellulosimicrobium cellulans LMG 16121, whole genome shotgun sequence	826	0.0323954608993706	0.876246276067527	0.995201889717281
NZ_CAOI01000400.1 Cellulosimicrobium cellulans LMG 16121, whole genome shotgun sequence	834	0.0212177692770773	0.91922542204568	0.995201889717281
NZ_CAOI01000399.1 Cellulosimicrobium cellulans LMG 16121, whole genome shotgun sequence	842	0.075891740864639	0.734280039721946	0.995201889717281
NZ_CAOI01000398.1 Cellulosimicrobium cellulans LMG 16121, whole genome shotgun sequence	855	0.0655221465163812	0.763892750744786	0.995201889717281
NZ_CAOI01000397.1 Cellulosimicrobium cellulans LMG 16121, whole genome shotgun sequence	893	0.211201337536614	0.470506454816286	0.995201889717281
NZ_CAOI01000396.1 Cellulosimicrobium cellulans LMG 16121, whole genome shotgun sequence	936	0.143453293332509	0.57948361469712	0.995201889717281
NZ_CAOI01000395.1 Cellulosimicrobium cellulans LMG 16121, whole genome shotgun sequence	939	0.0263418876854591	0.899364448857994	0.995201889717281
NZ_CAOI01000394.1 Cellulosimicrobium cellulans LMG 16121, whole genome shotgun sequence	940	0.149629352993137	0.568679245283019	0.995201889717281
NZ_CAOI01000393.1 Cellulosimicrobium cellulans LMG 16121, whole genome shotgun sequence	948	0.0557251853998128	0.793843098311817	0.995201889717281
NZ_CAOI01000392.1 Cellulosimicrobium cellulans LMG 16121, whole genome shotgun sequence	984	0.03695168026212	0.859046673286991	0.995201889717281
NZ_CAOI01000391.1 Cellulosimicrobium cellulans LMG 16121, whole genome shotgun sequence	987	0.0483124082974147	0.818430983118173	0.995201889717281
NZ_CAOI01000390.1 Cellulosimicrobium cellulans LMG 16121, whole genome shotgun sequence	991	0.201642272742095	0.483912611717974	0.995201889717281
NZ_CAOI01000389.1 Cellulosimicrobium cellulans LMG 16121, whole genome shotgun sequence	992	0.108688493419212	0.653187686196624	0.995201889717281
NZ_CAOI01000388.1 Cellulosimicrobium cellulans LMG 16121, whole genome shotgun sequence	1013	0.0219678412683507	0.820624227687647	0.995201889717281
NZ_CAOI01000387.1 Cellulosimicrobium cellulans LMG 16121, whole genome shotgun sequence	1041	0.153568617481717	0.445808586120301	0.995201889717281
NZ_CAOI01000386.1 Cellulosimicrobium cellulans LMG 16121, whole genome shotgun sequence	1056	0.196373949595054	0.385299158926934	0.995201889717281
NZ_CAOI01000385.1 Cellulosimicrobium cellulans LMG 16121, whole genome shotgun sequence	1074	0.00487168111698032	0.951927293020289	0.995201889717281
NZ_CAOI01000384.1 Cellulosimicrobium cellulans LMG 16121, whole genome shotgun sequence	1116	0.0247720075224406	0.803523737393869	0.995201889717281
NZ_CAOI01000383.1 Cellulosimicrobium cellulans LMG 16121, whole genome shotgun sequence	1124	0.00511847617801987	0.9491768645115	0.995201889717281
NZ_CAOI01000382.1 Cellulosimicrobium cellulans LMG 16121, whole genome shotgun sequence	1133	0.0791879569003441	0.592139355044445	0.995201889717281
NZ_CAOI01000381.1 Cellulosimicrobium cellulans LMG 16121, whole genome shotgun sequence	1170	0.0746532124631125	0.605213855781879	0.995201889717281
NZ_CAOI01000380.1 Cellulosimicrobium cellulans LMG 16121, whole genome shotgun sequence	1172	0.503803416344385	0.154263164188624	0.995201889717281
NZ_CAOI01000379.1 Cellulosimicrobium cellulans LMG 16121, whole genome shotgun sequence	1195	0.0157472049591866	0.861203013512975	0.995201889717281
NZ_CAOI01000378.1 Cellulosimicrobium cellulans LMG 16121, whole genome shotgun sequence	1202	0.0585740120830147	0.654881014071033	0.995201889717281
NZ_CAOI01000377.1 Cellulosimicrobium cellulans LMG 16121, whole genome shotgun sequence	1220	0.01107588759282	0.895962052058835	0.995201889717281
NZ_CAOI01000376.1 Cellulosimicrobium cellulans LMG 16121, whole genome shotgun sequence	1261	0.0426427768186068	0.714872244588831	0.995201889717281
NZ_CAOI01000375.1 Cellulosimicrobium cellulans LMG 16121, whole genome shotgun sequence	1315	0.088654853357408	0.568461753099215	0.995201889717281
NZ_CAOI01000374.1 Cellulosimicrobium cellulans LMG 16121, whole genome shotgun sequence	1360	0.0065273003472428	0.936421254035955	0.995201889717281
NZ_CAOI01000373.1 Cellulosimicrobium cellulans LMG 16121, whole genome shotgun sequence	1375	0.00183938429497479	0.982979232271694	0.999757458161533
NZ_CAOI01000372.1 Cellulosimicrobium cellulans LMG 16121, whole genome shotgun sequence	1398	0.0323271199757517	0.764698848008929	0.995201889717281
NZ_CAOI01000371.1 Cellulosimicrobium cellulans LMG 16121, whole genome shotgun sequence	1427	0.058357036410661	0.65551879459481	0.995201889717281
NZ_CAOI01000370.1 Cellulosimicrobium cellulans LMG 16121, whole genome shotgun sequence	1567	0.00260041245308111	0.975246143420895	0.999757458161533
NZ_CAOI01000369.1 Cellulosimicrobium cellulans LMG 16121, whole genome shotgun sequence	1645	0.0216254709345664	0.822457846693507	0.995201889717281
NZ_CAOI01000368.1 Cellulosimicrobium cellulans LMG 16121, whole genome shotgun sequence	1659	0.0109862365609146	0.897078167975445	0.995201889717281
NZ_CAOI01000367.1 Cellulosimicrobium cellulans LMG 16121, whole genome shotgun sequence	1710	0.0203644130148401	0.830310519392514	0.995201889717281
NZ_CAOI01000366.1 Cellulosimicrobium cellulans LMG 16121, whole genome shotgun sequence	1711	0.0746480118760921	0.605213855781879	0.995201889717281
NZ_CAOI01000365.1 Cellulosimicrobium cellulans LMG 16121, whole genome shotgun sequence	1722	0.0819983102004036	0.584804879021007	0.995201889717281
NZ_CAOI01000364.1 Cellulosimicrobium cellulans LMG 16121, whole genome shotgun sequence	1754	0.014855755213778	0.866624147965081	0.995201889717281
NZ_CAOI01000363.1 Cellulosimicrobium cellulans LMG 16121, whole genome shotgun sequence	1767	0.266474970327444	0.310041057121218	0.995201889717281
NZ_CAOI01000362.1 Cellulosimicrobium cellulans LMG 16121, whole genome shotgun sequence	1804	0.0930278605280516	0.55813768087057	0.995201889717281
NZ_CAOI01000361.1 Cellulosimicrobium cellulans LMG 16121, whole genome shotgun sequence	1837	0.218438314354881	0.35779487383904	0.995201889717281
NZ_CAOI01000360.1 Cellulosimicrobium cellulans LMG 16121, whole genome shotgun sequence	1851	0.00816623817149783	0.921273966596245	0.995201889717281
NZ_CAOI01000359.1 Cellulosimicrobium cellulans LMG 16121, whole genome shotgun sequence	1852	0.208217441607112	0.370470761749113	0.995201889717281
NZ_CAOI01000358.1 Cellulosimicrobium cellulans LMG 16121, whole genome shotgun sequence	1903	0.0077024165356162	0.926097181807311	0.995201889717281
NZ_CAOI01000357.1 Cellulosimicrobium cellulans LMG 16121, whole genome shotgun sequence	1898	0.0874719332835119	0.571451349304421	0.995201889717281
NZ_CAOI01000356.1 Cellulosimicrobium cellulans LMG 16121, whole genome shotgun sequence	1904	0.0252673355768322	0.800653725036872	0.995201889717281
NZ_CAOI01000355.1 Cellulosimicrobium cellulans LMG 16121, whole genome shotgun sequence	1922	0.00520819475179591	0.94826005500857	0.995201889717281
NZ_CAOI01000354.1 Cellulosimicrobium cellulans LMG 16121, whole genome shotgun sequence	1968	0.00508375935810325	0.949575477338861	0.995201889717281
NZ_CAOI01000353.1 Cellulosimicrobium cellulans LMG 16121, whole genome shotgun sequence	1986	0.123932456403025	0.495156854147566	0.995201889717281
NZ_CAOI01000352.1 Cellulosimicrobium cellulans LMG 16121, whole genome shotgun sequence	2011	0.0474898152415917	0.695938135289194	0.995201889717281
NZ_CAOI01000351.1 Cellulosimicrobium cellulans LMG 16121, whole genome shotgun sequence	2057	0.0144933178599686	0.869294853908399	0.995201889717281
NZ_CAOI01000350.1 Cellulosimicrobium cellulans LMG 16121, whole genome shotgun sequence	2070	0.0666563149765841	0.628692151313429	0.995201889717281
NZ_CAOI01000349.1 Cellulosimicrobium cellulans LMG 16121, whole genome shotgun sequence	2083	0.0102949596460696	0.90261888627576	0.995201889717281
NZ_CAOI01000348.1 Cellulosimicrobium cellulans LMG 16121, whole genome shotgun sequence	2093	0.222943290950395	0.353449994020808	0.995201889717281
NZ_CAOI01000347.1 Cellulosimicrobium cellulans LMG 16121, whole genome shotgun sequence	2145	0.0204127795776105	0.829951767847889	0.995201889717281
NZ_CAOI01000346.1 Cellulosimicrobium cellulans LMG 16121, whole genome shotgun sequence	2163	0.0516959691013907	0.679834177063818	0.995201889717281
NZ_CAOI01000345.1 Cellulosimicrobium cellulans LMG 16121, whole genome shotgun sequence	2171	0.0101278220952273	0.903854586040579	0.995201889717281
NZ_CAOI01000344.1 Cellulosimicrobium cellulans LMG 16121, whole genome shotgun sequence	2215	0.0574415536482351	0.659186032606529	0.995201889717281
NZ_CAOI01000343.1 Cellulosimicrobium cellulans LMG 16121, whole genome shotgun sequence	2220	0.0800078244551025	0.589787539363017	0.995201889717281
NZ_CAOI01000342.1 Cellulosimicrobium cellulans LMG 16121, whole genome shotgun sequence	2232	0.0579866477748673	0.657033523338781	0.995201889717281
NZ_CAOI01000341.1 Cellulosimicrobium cellulans LMG 16121, whole genome shotgun sequence	2261	0.0237134071029301	0.809542791087017	0.995201889717281
NZ_CAOI01000340.1 Cellulosimicrobium cellulans LMG 16121, whole genome shotgun sequence	2272	0.0126053277715908	0.884202973651692	0.995201889717281
NZ_CAOI01000339.1 Cellulosimicrobium cellulans LMG 16121, whole genome shotgun sequence	2282	0.116070516914487	0.509068441822458	0.995201889717281
NZ_CAOI01000338.1 Cellulosimicrobium cellulans LMG 16121, whole genome shotgun sequence	2343	0.0294546614651505	0.779288077490334	0.995201889717281
NZ_CAOI01000337.1 Cellulosimicrobium cellulans LMG 16121, whole genome shotgun sequence	2376	0.00519262111020488	0.948299916291306	0.995201889717281
NZ_CAOI01000336.1 Cellulosimicrobium cellulans LMG 16121, whole genome shotgun sequence	2391	0.0410395551502521	0.72240602702595	0.995201889717281
NZ_CAOI01000335.1 Cellulosimicrobium cellulans LMG 16121, whole genome shotgun sequence	2404	0.129943016940997	0.483357914457687	0.995201889717281
NZ_CAOI01000334.1 Cellulosimicrobium cellulans LMG 16121, whole genome shotgun sequence	2412	0.0475274059465875	0.695818551440985	0.995201889717281
NZ_CAOI01000333.1 Cellulosimicrobium cellulans LMG 16121, whole genome shotgun sequence	2472	0.0687247131856507	0.622154900944712	0.995201889717281
NZ_CAOI01000332.1 Cellulosimicrobium cellulans LMG 16121, whole genome shotgun sequence	2493	0.105507944278933	0.529915892693427	0.995201889717281
NZ_CAOI01000331.1 Cellulosimicrobium cellulans LMG 16121, whole genome shotgun sequence	2513	0.0163583939768223	0.856818272412006	0.995201889717281
NZ_CAOI01000330.1 Cellulosimicrobium cellulans LMG 16121, whole genome shotgun sequence	2521	0.0448777302495937	0.706421652648782	0.995201889717281
NZ_CAOI01000329.1 Cellulosimicrobium cellulans LMG 16121, whole genome shotgun sequence	2645	0.0223574447994918	0.818033244309802	0.995201889717281
NZ_CAOI01000328.1 Cellulosimicrobium cellulans LMG 16121, whole genome shotgun sequence	2666	0.217657196158196	0.358831267190178	0.995201889717281
NZ_CAOI01000327.1 Cellulosimicrobium cellulans LMG 16121, whole genome shotgun sequence	2676	0.00847968091136446	0.918204647825567	0.995201889717281
NZ_CAOI01000326.1 Cellulosimicrobium cellulans LMG 16121, whole genome shotgun sequence	2728	0.0489967272056205	0.689560330051421	0.995201889717281
NZ_CAOI01000325.1 Cellulosimicrobium cellulans LMG 16121, whole genome shotgun sequence	2742	0.0655914943261651	0.631681747518635	0.995201889717281
NZ_CAOI01000324.1 Cellulosimicrobium cellulans LMG 16121, whole genome shotgun sequence	2741	0.364812590370993	0.230477936780006	0.995201889717281
NZ_CAOI01000323.1 Cellulosimicrobium cellulans LMG 16121, whole genome shotgun sequence	2801	0.0479864789976157	0.693506597042293	0.995201889717281
NZ_CAOI01000322.1 Cellulosimicrobium cellulans LMG 16121, whole genome shotgun sequence	2815	0.0481136836216383	0.692828955235779	0.995201889717281
NZ_CAOI01000321.1 Cellulosimicrobium cellulans LMG 16121, whole genome shotgun sequence	2826	0.0172937200991819	0.850440467174234	0.995201889717281
NZ_CAOI01000320.1 Cellulosimicrobium cellulans LMG 16121, whole genome shotgun sequence	2844	0.0515312980201644	0.68063140271854	0.995201889717281
NZ_CAOI01000319.1 Cellulosimicrobium cellulans LMG 16121, whole genome shotgun sequence	2861	0.160430833451406	0.43616215569817	0.995201889717281
NZ_CAOI01000318.1 Cellulosimicrobium cellulans LMG 16121, whole genome shotgun sequence	2921	0.0284233430002691	0.783991708853191	0.995201889717281
NZ_CAOI01000317.1 Cellulosimicrobium cellulans LMG 16121, whole genome shotgun sequence	2950	0.0109641183741713	0.897317335671862	0.995201889717281
NZ_CAOI01000316.1 Cellulosimicrobium cellulans LMG 16121, whole genome shotgun sequence	2950	0.00879374018673393	0.915613664447722	0.995201889717281
NZ_CAOI01000315.1 Cellulosimicrobium cellulans LMG 16121, whole genome shotgun sequence	2978	0.017707035534227	0.847211703272611	0.995201889717281
NZ_CAOI01000314.1 Cellulosimicrobium cellulans LMG 16121, whole genome shotgun sequence	3005	0.0328297540702619	0.528013582342954	0.995201889717281
NZ_CAOI01000313.1 Cellulosimicrobium cellulans LMG 16121, whole genome shotgun sequence	3057	0.000741129953371843	0.953917050691244	0.995201889717281
NZ_CAOI01000312.1 Cellulosimicrobium cellulans LMG 16121, whole genome shotgun sequence	3061	0.0284156677230432	0.555178268251273	0.995201889717281
NZ_CAOI01000311.1 Cellulosimicrobium cellulans LMG 16121, whole genome shotgun sequence	3075	0.00234202875740249	0.886247877758913	0.995201889717281
NZ_CAOI01000310.1 Cellulosimicrobium cellulans LMG 16121, whole genome shotgun sequence	3121	0.0514670476132636	0.448459859325734	0.995201889717281
NZ_CAOI01000309.1 Cellulosimicrobium cellulans LMG 16121, whole genome shotgun sequence	3129	0.000591375419745272	0.962648556876061	0.995201889717281
NZ_CAOI01000308.1 Cellulosimicrobium cellulans LMG 16121, whole genome shotgun sequence	3131	0.0385325791961549	0.496483143342227	0.995201889717281
NZ_CAOI01000307.1 Cellulosimicrobium cellulans LMG 16121, whole genome shotgun sequence	3149	2.98814856516023e-05	0.998423478049964	0.999757458161533
NZ_CAOI01000306.1 Cellulosimicrobium cellulans LMG 16121, whole genome shotgun sequence	3153	0.157930988821173	0.261702643706039	0.995201889717281
NZ_CAOI01000305.1 Cellulosimicrobium cellulans LMG 16121, whole genome shotgun sequence	3160	0.014244156005134	0.672568518069367	0.995201889717281
NZ_CAOI01000304.1 Cellulosimicrobium cellulans LMG 16121, whole genome shotgun sequence	3161	0.0017606991234233	0.907955372301722	0.995201889717281
NZ_CAOI01000303.1 Cellulosimicrobium cellulans LMG 16121, whole genome shotgun sequence	3162	0.00134074849752261	0.925054571913655	0.995201889717281
NZ_CAOI01000302.1 Cellulosimicrobium cellulans LMG 16121, whole genome shotgun sequence	3169	0.0454508510341348	0.46871210283774	0.995201889717281
NZ_CAOI01000301.1 Cellulosimicrobium cellulans LMG 16121, whole genome shotgun sequence	3201	3.75099719580722e-06	0.999757458161533	0.999757458161533
NZ_CAOI01000300.1 Cellulosimicrobium cellulans LMG 16121, whole genome shotgun sequence	3293	0.002755424928077	0.870967741935484	0.995201889717281
NZ_CAOI01000299.1 Cellulosimicrobium cellulans LMG 16121, whole genome shotgun sequence	3295	0.19898814233797	0.225078826097502	0.995201889717281
NZ_CAOI01000298.1 Cellulosimicrobium cellulans LMG 16121, whole genome shotgun sequence	3389	0.000606688674114095	0.961072034926025	0.995201889717281
NZ_CAOI01000297.1 Cellulosimicrobium cellulans LMG 16121, whole genome shotgun sequence	3399	0.0240245524422163	0.582828037836527	0.995201889717281
NZ_CAOI01000296.1 Cellulosimicrobium cellulans LMG 16121, whole genome shotgun sequence	3445	0.0006309375503491	0.959374242056755	0.995201889717281
NZ_CAOI01000295.1 Cellulosimicrobium cellulans LMG 16121, whole genome shotgun sequence	3459	0.0314371754292416	0.535774921173902	0.995201889717281
NZ_CAOI01000294.1 Cellulosimicrobium cellulans LMG 16121, whole genome shotgun sequence	3540	0.0081640826117519	0.754547659471259	0.995201889717281
NZ_CAOI01000293.1 Cellulosimicrobium cellulans LMG 16121, whole genome shotgun sequence	3551	0.00112866702814982	0.934513703613873	0.995201889717281
NZ_CAOI01000292.1 Cellulosimicrobium cellulans LMG 16121, whole genome shotgun sequence	3565	0.004378216563773	0.826825127334465	0.995201889717281
NZ_CAOI01000291.1 Cellulosimicrobium cellulans LMG 16121, whole genome shotgun sequence	3616	9.57065773463467e-05	0.994664079553723	0.999757458161533
NZ_CAOI01000290.1 Cellulosimicrobium cellulans LMG 16121, whole genome shotgun sequence	3619	0.00539982536232468	0.806572883822459	0.995201889717281
NZ_CAOI01000289.1 Cellulosimicrobium cellulans LMG 16121, whole genome shotgun sequence	3659	0.03256936719662	0.529953917050691	0.995201889717281
NZ_CAOI01000288.1 Cellulosimicrobium cellulans LMG 16121, whole genome shotgun sequence	3695	0.00916230440961203	0.739388794567063	0.995201889717281
NZ_CAOI01000287.1 Cellulosimicrobium cellulans LMG 16121, whole genome shotgun sequence	3695	0.00175022503382966	0.908440455978656	0.995201889717281
NZ_CAOI01000286.1 Cellulosimicrobium cellulans LMG 16121, whole genome shotgun sequence	3718	0.000185427901358285	0.988600533592045	0.999757458161533
NZ_CAOI01000285.1 Cellulosimicrobium cellulans LMG 16121, whole genome shotgun sequence	3751	0.0143688092681669	0.671719621634732	0.995201889717281
NZ_CAOI01000284.1 Cellulosimicrobium cellulans LMG 16121, whole genome shotgun sequence	3771	0.00424982661048106	0.830827067669173	0.995201889717281
NZ_CAOI01000283.1 Cellulosimicrobium cellulans LMG 16121, whole genome shotgun sequence	3821	0.0318531727339387	0.533713315546932	0.995201889717281
NZ_CAOI01000282.1 Cellulosimicrobium cellulans LMG 16121, whole genome shotgun sequence	3823	0.0391423719865443	0.493815183119088	0.995201889717281
NZ_CAOI01000281.1 Cellulosimicrobium cellulans LMG 16121, whole genome shotgun sequence	3840	0.0498003239426811	0.453310696095076	0.995201889717281
NZ_CAOI01000280.1 Cellulosimicrobium cellulans LMG 16121, whole genome shotgun sequence	3859	0.00271827594922544	0.872301722047053	0.995201889717281
NZ_CAOI01000279.1 Cellulosimicrobium cellulans LMG 16121, whole genome shotgun sequence	3862	0.00085759085045363	0.9483385884065	0.995201889717281
NZ_CAOI01000278.1 Cellulosimicrobium cellulans LMG 16121, whole genome shotgun sequence	3878	0.0325181170742145	0.530196458889158	0.995201889717281
NZ_CAOI01000277.1 Cellulosimicrobium cellulans LMG 16121, whole genome shotgun sequence	3886	0.117054429549245	0.309119573126364	0.995201889717281
NZ_CAOI01000276.1 Cellulosimicrobium cellulans LMG 16121, whole genome shotgun sequence	3937	0.00938448841960341	0.735993208828523	0.995201889717281
NZ_CAOI01000275.1 Cellulosimicrobium cellulans LMG 16121, whole genome shotgun sequence	3958	0.00357122195107949	0.849866601988843	0.995201889717281
NZ_CAOI01000274.1 Cellulosimicrobium cellulans LMG 16121, whole genome shotgun sequence	3966	0.0623520706952511	0.413533834586466	0.995201889717281
NZ_CAOI01000273.1 Cellulosimicrobium cellulans LMG 16121, whole genome shotgun sequence	4058	0.00180235464633133	0.90686393402862	0.995201889717281
NZ_CAOI01000272.1 Cellulosimicrobium cellulans LMG 16121, whole genome shotgun sequence	4082	0.103840691670396	0.328886732961436	0.995201889717281
NZ_CAOI01000271.1 Cellulosimicrobium cellulans LMG 16121, whole genome shotgun sequence	4164	0.00139952668265458	0.922386611690517	0.995201889717281
NZ_CAOI01000270.1 Cellulosimicrobium cellulans LMG 16121, whole genome shotgun sequence	4226	0.0156971194405764	0.656196943972835	0.995201889717281
NZ_CAOI01000269.1 Cellulosimicrobium cellulans LMG 16121, whole genome shotgun sequence	4259	0.525100715347262	0.0821004123211254	0.995201889717281
NZ_CAOI01000268.1 Cellulosimicrobium cellulans LMG 16121, whole genome shotgun sequence	4308	0.00374773713766498	0.845743390734902	0.995201889717281
NZ_CAOI01000267.1 Cellulosimicrobium cellulans LMG 16121, whole genome shotgun sequence	4402	0.00856600700643604	0.748362842590347	0.995201889717281
NZ_CAOI01000266.1 Cellulosimicrobium cellulans LMG 16121, whole genome shotgun sequence	4417	0.0590524451437517	0.423356779044385	0.995201889717281
NZ_CAOI01000265.1 Cellulosimicrobium cellulans LMG 16121, whole genome shotgun sequence	4449	0.0502944145735899	0.451491632306573	0.995201889717281
NZ_CAOI01000264.1 Cellulosimicrobium cellulans LMG 16121, whole genome shotgun sequence	4463	0.00270907781985532	0.872786805723987	0.995201889717281
NZ_CAOI01000263.1 Cellulosimicrobium cellulans LMG 16121, whole genome shotgun sequence	4492	0.00623197688465375	0.790322580645161	0.995201889717281
NZ_CAOI01000262.1 Cellulosimicrobium cellulans LMG 16121, whole genome shotgun sequence	4536	0.0500902847674515	0.452219257821974	0.995201889717281
NZ_CAOI01000261.1 Cellulosimicrobium cellulans LMG 16121, whole genome shotgun sequence	4601	0.00314110084962604	0.861629881154499	0.995201889717281
NZ_CAOI01000260.1 Cellulosimicrobium cellulans LMG 16121, whole genome shotgun sequence	4615	0.0647125329276075	0.406621392190153	0.995201889717281
NZ_CAOI01000259.1 Cellulosimicrobium cellulans LMG 16121, whole genome shotgun sequence	4724	0.00278716019817529	0.870361387339316	0.995201889717281
NZ_CAOI01000258.1 Cellulosimicrobium cellulans LMG 16121, whole genome shotgun sequence	4910	0.00341477244083887	0.853989813242784	0.995201889717281
NZ_CAOI01000257.1 Cellulosimicrobium cellulans LMG 16121, whole genome shotgun sequence	4994	0.0165190343381371	0.649163230657288	0.995201889717281
NZ_CAOI01000256.1 Cellulosimicrobium cellulans LMG 16121, whole genome shotgun sequence	5060	0.00125769589104102	0.928692699490662	0.995201889717281
NZ_CAOI01000255.1 Cellulosimicrobium cellulans LMG 16121, whole genome shotgun sequence	5064	0.00198482835418904	0.900436575309241	0.995201889717281
NZ_CAOI01000254.1 Cellulosimicrobium cellulans LMG 16121, whole genome shotgun sequence	5129	0.0195986243528415	0.618602959010429	0.995201889717281
NZ_CAOI01000253.1 Cellulosimicrobium cellulans LMG 16121, whole genome shotgun sequence	5160	0.00285397721082181	0.868663594470046	0.995201889717281
NZ_CAOI01000252.1 Cellulosimicrobium cellulans LMG 16121, whole genome shotgun sequence	5300	0.0260659326419218	0.57070094591317	0.995201889717281
NZ_CAOI01000251.1 Cellulosimicrobium cellulans LMG 16121, whole genome shotgun sequence	5330	0.0435074828170903	0.476109628910987	0.995201889717281
NZ_CAOI01000250.1 Cellulosimicrobium cellulans LMG 16121, whole genome shotgun sequence	5344	0.00848154175047459	0.748969197186515	0.995201889717281
NZ_CAOI01000249.1 Cellulosimicrobium cellulans LMG 16121, whole genome shotgun sequence	5350	0.000146657538125785	0.990783410138249	0.999757458161533
NZ_CAOI01000248.1 Cellulosimicrobium cellulans LMG 16121, whole genome shotgun sequence	5426	0.0033136402941824	0.857870482658259	0.995201889717281
NZ_CAOI01000247.1 Cellulosimicrobium cellulans LMG 16121, whole genome shotgun sequence	5437	0.0030604333500051	0.864297841377638	0.995201889717281
NZ_CAOI01000246.1 Cellulosimicrobium cellulans LMG 16121, whole genome shotgun sequence	5505	0.00564010570908989	0.802813485326219	0.995201889717281
NZ_CAOI01000245.1 Cellulosimicrobium cellulans LMG 16121, whole genome shotgun sequence	5522	0.0240749462220891	0.582342954159593	0.995201889717281
NZ_CAOI01000244.1 Cellulosimicrobium cellulans LMG 16121, whole genome shotgun sequence	5541	0.00560054305945104	0.803419839922387	0.995201889717281
NZ_CAOI01000243.1 Cellulosimicrobium cellulans LMG 16121, whole genome shotgun sequence	5555	0.0290328268000954	0.550084889643463	0.995201889717281
NZ_CAOI01000242.1 Cellulosimicrobium cellulans LMG 16121, whole genome shotgun sequence	5564	0.00644595000194363	0.786563182148921	0.995201889717281
NZ_CAOI01000241.1 Cellulosimicrobium cellulans LMG 16121, whole genome shotgun sequence	5610	0.000951000884158969	0.944579189910259	0.995201889717281
NZ_CAOI01000240.1 Cellulosimicrobium cellulans LMG 16121, whole genome shotgun sequence	5649	0.0136771530605181	0.676934271161775	0.995201889717281
NZ_CAOI01000239.1 Cellulosimicrobium cellulans LMG 16121, whole genome shotgun sequence	5665	0.707664545653179	0.0443851564394858	0.995201889717281
NZ_CAOI01000238.1 Cellulosimicrobium cellulans LMG 16121, whole genome shotgun sequence	5720	0.00361083777126923	0.848896434634975	0.995201889717281
NZ_CAOI01000237.1 Cellulosimicrobium cellulans LMG 16121, whole genome shotgun sequence	5739	0.00901466269552418	0.741207858355566	0.995201889717281
NZ_CAOI01000236.1 Cellulosimicrobium cellulans LMG 16121, whole genome shotgun sequence	5838	0.00451530357960392	0.823186999757458	0.995201889717281
NZ_CAOI01000235.1 Cellulosimicrobium cellulans LMG 16121, whole genome shotgun sequence	5928	0.0112403735542955	0.707979626485569	0.995201889717281
NZ_CAOI01000234.1 Cellulosimicrobium cellulans LMG 16121, whole genome shotgun sequence	6006	0.0703635429090501	0.394251758428329	0.995201889717281
NZ_CAOI01000233.1 Cellulosimicrobium cellulans LMG 16121, whole genome shotgun sequence	6026	0.00608762370602283	0.794081979141402	0.995201889717281
NZ_CAOI01000232.1 Cellulosimicrobium cellulans LMG 16121, whole genome shotgun sequence	6059	0.00211410176187144	0.89497938394373	0.995201889717281
NZ_CAOI01000231.1 Cellulosimicrobium cellulans LMG 16121, whole genome shotgun sequence	6070	0.00316167561916607	0.860902255639098	0.995201889717281
NZ_CAOI01000230.1 Cellulosimicrobium cellulans LMG 16121, whole genome shotgun sequence	6078	0.0087057933040348	0.745694882367208	0.995201889717281
NZ_CAOI01000229.1 Cellulosimicrobium cellulans LMG 16121, whole genome shotgun sequence	6085	0.0202156098725635	0.613509580402619	0.995201889717281
NZ_CAOI01000228.1 Cellulosimicrobium cellulans LMG 16121, whole genome shotgun sequence	6095	0.00246536388184821	0.881882124666505	0.995201889717281
NZ_CAOI01000227.1 Cellulosimicrobium cellulans LMG 16121, whole genome shotgun sequence	6136	0.000399226296065345	0.974654377880184	0.999757458161533
NZ_CAOI01000226.1 Cellulosimicrobium cellulans LMG 16121, whole genome shotgun sequence	6167	0.49832969189646	0.0887703128789716	0.995201889717281
NZ_CAOI01000225.1 Cellulosimicrobium cellulans LMG 16121, whole genome shotgun sequence	6175	0.0102625361664807	0.721319427601261	0.995201889717281
NZ_CAOI01000224.1 Cellulosimicrobium cellulans LMG 16121, whole genome shotgun sequence	6249	6.90411470535015e-05	0.996119330584526	0.999757458161533
NZ_CAOI01000223.1 Cellulosimicrobium cellulans LMG 16121, whole genome shotgun sequence	6312	0.0114089800121681	0.70531166626243	0.995201889717281
NZ_CAOI01000222.1 Cellulosimicrobium cellulans LMG 16121, whole genome shotgun sequence	6314	0.00800322702167626	0.757579432452098	0.995201889717281
NZ_CAOI01000221.1 Cellulosimicrobium cellulans LMG 16121, whole genome shotgun sequence	6319	0.0538600483634882	0.440819791414019	0.995201889717281
NZ_CAOI01000220.1 Cellulosimicrobium cellulans LMG 16121, whole genome shotgun sequence	6332	0.00997632925370226	0.725078826097502	0.995201889717281
NZ_CAOI01000219.1 Cellulosimicrobium cellulans LMG 16121, whole genome shotgun sequence	6411	0.00130287695760067	0.926994906621392	0.995201889717281
NZ_CAOI01000218.1 Cellulosimicrobium cellulans LMG 16121, whole genome shotgun sequence	6418	0.11821746128754	0.307300509337861	0.995201889717281
NZ_CAOI01000217.1 Cellulosimicrobium cellulans LMG 16121, whole genome shotgun sequence	6464	0.00160862097256807	0.913776376424933	0.995201889717281
NZ_CAOI01000216.1 Cellulosimicrobium cellulans LMG 16121, whole genome shotgun sequence	6469	0.0226916475767209	0.595440213436818	0.995201889717281
NZ_CAOI01000215.1 Cellulosimicrobium cellulans LMG 16121, whole genome shotgun sequence	6594	0.0159016598115856	0.654377880184332	0.995201889717281
NZ_CAOI01000214.1 Cellulosimicrobium cellulans LMG 16121, whole genome shotgun sequence	6680	0.0443416301491195	0.472956585010914	0.995201889717281
NZ_CAOI01000213.1 Cellulosimicrobium cellulans LMG 16121, whole genome shotgun sequence	6685	0.0261263896086885	0.570458404074703	0.995201889717281
NZ_CAOI01000212.1 Cellulosimicrobium cellulans LMG 16121, whole genome shotgun sequence	6734	0.0232949300836718	0.590225563909774	0.995201889717281
NZ_CAOI01000211.1 Cellulosimicrobium cellulans LMG 16121, whole genome shotgun sequence	6741	0.00944720570695713	0.734295415959253	0.995201889717281
NZ_CAOI01000210.1 Cellulosimicrobium cellulans LMG 16121, whole genome shotgun sequence	6743	0.005140317958014	0.811908804268736	0.995201889717281
NZ_CAOI01000209.1 Cellulosimicrobium cellulans LMG 16121, whole genome shotgun sequence	6762	0.0193469776763014	0.621877273829736	0.995201889717281
NZ_CAOI01000208.1 Cellulosimicrobium cellulans LMG 16121, whole genome shotgun sequence	6831	0.00999845308787234	0.724836284259035	0.995201889717281
NZ_CAOI01000207.1 Cellulosimicrobium cellulans LMG 16121, whole genome shotgun sequence	6891	0.0490787364817366	0.455372301722047	0.995201889717281
NZ_CAOI01000206.1 Cellulosimicrobium cellulans LMG 16121, whole genome shotgun sequence	6917	0.144536526197336	0.274799902983265	0.995201889717281
NZ_CAOI01000205.1 Cellulosimicrobium cellulans LMG 16121, whole genome shotgun sequence	6927	0.0290979690449962	0.549842347804996	0.995201889717281
NZ_CAOI01000204.1 Cellulosimicrobium cellulans LMG 16121, whole genome shotgun sequence	6939	0.0426891458554544	0.479747756487994	0.995201889717281
NZ_CAOI01000203.1 Cellulosimicrobium cellulans LMG 16121, whole genome shotgun sequence	6978	0.00796939611117773	0.758185787048266	0.995201889717281
NZ_CAOI01000202.1 Cellulosimicrobium cellulans LMG 16121, whole genome shotgun sequence	6983	0.0129773515388313	0.685787048265826	0.995201889717281
NZ_CAOI01000201.1 Cellulosimicrobium cellulans LMG 16121, whole genome shotgun sequence	6985	0.0208769963490661	0.607203492602474	0.995201889717281
NZ_CAOI01000200.1 Cellulosimicrobium cellulans LMG 16121, whole genome shotgun sequence	7009	0.0100674647298649	0.7243512005821	0.995201889717281
NZ_CAOI01000199.1 Cellulosimicrobium cellulans LMG 16121, whole genome shotgun sequence	7041	0.0142122251123828	0.672932330827068	0.995201889717281
NZ_CAOI01000198.1 Cellulosimicrobium cellulans LMG 16121, whole genome shotgun sequence	7052	0.0156998010506122	0.656075673053602	0.995201889717281
NZ_CAOI01000197.1 Cellulosimicrobium cellulans LMG 16121, whole genome shotgun sequence	7065	0.0132662015034639	0.681906378850352	0.995201889717281
NZ_CAOI01000196.1 Cellulosimicrobium cellulans LMG 16121, whole genome shotgun sequence	7078	0.0157555346500479	0.655226776618967	0.995201889717281
NZ_CAOI01000195.1 Cellulosimicrobium cellulans LMG 16121, whole genome shotgun sequence	7097	0.0104081750530845	0.719985447489692	0.995201889717281
NZ_CAOI01000194.1 Cellulosimicrobium cellulans LMG 16121, whole genome shotgun sequence	7280	0.0303764223932552	0.542323550812515	0.995201889717281
NZ_CAOI01000193.1 Cellulosimicrobium cellulans LMG 16121, whole genome shotgun sequence	7340	0.0128612781161148	0.687484841135096	0.995201889717281
NZ_CAOI01000192.1 Cellulosimicrobium cellulans LMG 16121, whole genome shotgun sequence	7412	0.0211835562998955	0.605869512490905	0.995201889717281
NZ_CAOI01000191.1 Cellulosimicrobium cellulans LMG 16121, whole genome shotgun sequence	7464	0.0110195985896271	0.710526315789474	0.995201889717281
NZ_CAOI01000190.1 Cellulosimicrobium cellulans LMG 16121, whole genome shotgun sequence	7484	0.0302348944120811	0.542687363570216	0.995201889717281
NZ_CAOI01000189.1 Cellulosimicrobium cellulans LMG 16121, whole genome shotgun sequence	7655	0.00619644272748357	0.791414018918263	0.995201889717281
NZ_CAOI01000188.1 Cellulosimicrobium cellulans LMG 16121, whole genome shotgun sequence	7715	0.0106626376012176	0.714892068881882	0.995201889717281
NZ_CAOI01000187.1 Cellulosimicrobium cellulans LMG 16121, whole genome shotgun sequence	7783	0.021661325214966	0.601746301236963	0.995201889717281
NZ_CAOI01000186.1 Cellulosimicrobium cellulans LMG 16121, whole genome shotgun sequence	7808	0.0042333285340541	0.831312151346107	0.995201889717281
NZ_CAOI01000185.1 Cellulosimicrobium cellulans LMG 16121, whole genome shotgun sequence	7833	0.0225357006442628	0.59653165170992	0.995201889717281
NZ_CAOI01000184.1 Cellulosimicrobium cellulans LMG 16121, whole genome shotgun sequence	7843	0.133117729607303	0.286805723987388	0.995201889717281
NZ_CAOI01000183.1 Cellulosimicrobium cellulans LMG 16121, whole genome shotgun sequence	7877	0.00966298518061566	0.728838224593742	0.995201889717281
NZ_CAOI01000182.1 Cellulosimicrobium cellulans LMG 16121, whole genome shotgun sequence	7902	0.00285931814792477	0.868542323550813	0.995201889717281
NZ_CAOI01000181.1 Cellulosimicrobium cellulans LMG 16121, whole genome shotgun sequence	7982	0.0158055237581513	0.654741692942033	0.995201889717281
NZ_CAOI01000180.1 Cellulosimicrobium cellulans LMG 16121, whole genome shotgun sequence	8087	0.00272280568498326	0.87218045112782	0.995201889717281
NZ_CAOI01000179.1 Cellulosimicrobium cellulans LMG 16121, whole genome shotgun sequence	8226	0.00886991975460783	0.742541838467136	0.995201889717281
NZ_CAOI01000178.1 Cellulosimicrobium cellulans LMG 16121, whole genome shotgun sequence	8251	0.00764962642768442	0.763521707494543	0.995201889717281
NZ_CAOI01000177.1 Cellulosimicrobium cellulans LMG 16121, whole genome shotgun sequence	8275	0.00854539239317381	0.748362842590347	0.995201889717281
NZ_CAOI01000176.1 Cellulosimicrobium cellulans LMG 16121, whole genome shotgun sequence	8309	0.0793137546619856	0.376667475139462	0.995201889717281
NZ_CAOI01000175.1 Cellulosimicrobium cellulans LMG 16121, whole genome shotgun sequence	8376	0.00410955653607619	0.834950278923114	0.995201889717281
NZ_CAOI01000174.1 Cellulosimicrobium cellulans LMG 16121, whole genome shotgun sequence	8377	0.0345192259539407	0.519524617996604	0.995201889717281
NZ_CAOI01000173.1 Cellulosimicrobium cellulans LMG 16121, whole genome shotgun sequence	8390	0.0655473385100557	0.405044870240116	0.995201889717281
NZ_CAOI01000172.1 Cellulosimicrobium cellulans LMG 16121, whole genome shotgun sequence	8456	0.0950437070067021	0.343924326946398	0.995201889717281
NZ_CAOI01000171.1 Cellulosimicrobium cellulans LMG 16121, whole genome shotgun sequence	8494	0.00316845363168491	0.860659713800631	0.995201889717281
NZ_CAOI01000170.1 Cellulosimicrobium cellulans LMG 16121, whole genome shotgun sequence	8517	0.00251112533366233	0.880911957312636	0.995201889717281
NZ_CAOI01000169.1 Cellulosimicrobium cellulans LMG 16121, whole genome shotgun sequence	8595	0.0447819195502449	0.471016250303177	0.995201889717281
NZ_CAOI01000168.1 Cellulosimicrobium cellulans LMG 16121, whole genome shotgun sequence	8620	0.0119151995414203	0.698884307543051	0.995201889717281
NZ_CAOI01000167.1 Cellulosimicrobium cellulans LMG 16121, whole genome shotgun sequence	8671	0.00163722785608398	0.912806209071065	0.995201889717281
NZ_CAOI01000166.1 Cellulosimicrobium cellulans LMG 16121, whole genome shotgun sequence	8711	0.0118953789094798	0.699248120300752	0.995201889717281
NZ_CAOI01000165.1 Cellulosimicrobium cellulans LMG 16121, whole genome shotgun sequence	8725	0.00190448025245287	0.903347077370847	0.995201889717281
NZ_CAOI01000164.1 Cellulosimicrobium cellulans LMG 16121, whole genome shotgun sequence	8805	0.0104576948910026	0.719257821974291	0.995201889717281
NZ_CAOI01000163.1 Cellulosimicrobium cellulans LMG 16121, whole genome shotgun sequence	8833	0.0093211705984381	0.736720834343924	0.995201889717281
NZ_CAOI01000162.1 Cellulosimicrobium cellulans LMG 16121, whole genome shotgun sequence	8859	0.0204515649652667	0.611205432937182	0.995201889717281
NZ_CAOI01000161.1 Cellulosimicrobium cellulans LMG 16121, whole genome shotgun sequence	8867	0.0051641577291006	0.811544991511036	0.995201889717281
NZ_CAOI01000160.1 Cellulosimicrobium cellulans LMG 16121, whole genome shotgun sequence	8875	0.0452954006019602	0.469560999272374	0.995201889717281
NZ_CAOI01000159.1 Cellulosimicrobium cellulans LMG 16121, whole genome shotgun sequence	9114	0.00220238539736098	0.891826340043658	0.995201889717281
NZ_CAOI01000158.1 Cellulosimicrobium cellulans LMG 16121, whole genome shotgun sequence	9185	0.00649034536420474	0.785350472956585	0.995201889717281
NZ_CAOI01000157.1 Cellulosimicrobium cellulans LMG 16121, whole genome shotgun sequence	9194	0.0103830842624297	0.720227989328159	0.995201889717281
NZ_CAOI01000156.1 Cellulosimicrobium cellulans LMG 16121, whole genome shotgun sequence	9282	0.00792437615638808	0.759398496240602	0.995201889717281
NZ_CAOI01000155.1 Cellulosimicrobium cellulans LMG 16121, whole genome shotgun sequence	9414	0.00712527406689301	0.772131942760126	0.995201889717281
NZ_CAOI01000154.1 Cellulosimicrobium cellulans LMG 16121, whole genome shotgun sequence	9538	0.00648523280153486	0.785471743875819	0.995201889717281
NZ_CAOI01000153.1 Cellulosimicrobium cellulans LMG 16121, whole genome shotgun sequence	9547	0.150226080017444	0.268493815183119	0.995201889717281
NZ_CAOI01000152.1 Cellulosimicrobium cellulans LMG 16121, whole genome shotgun sequence	9566	0.0526618480851508	0.444215377152559	0.995201889717281
NZ_CAOI01000151.1 Cellulosimicrobium cellulans LMG 16121, whole genome shotgun sequence	9590	0.01464551865107	0.668202764976959	0.995201889717281
NZ_CAOI01000150.1 Cellulosimicrobium cellulans LMG 16121, whole genome shotgun sequence	9642	0.0587837223758045	0.423720591802086	0.995201889717281
NZ_CAOI01000149.1 Cellulosimicrobium cellulans LMG 16121, whole genome shotgun sequence	9676	0.00507638867159138	0.813242784380306	0.995201889717281
NZ_CAOI01000148.1 Cellulosimicrobium cellulans LMG 16121, whole genome shotgun sequence	9754	0.0330617747917586	0.526437060392918	0.995201889717281
NZ_CAOI01000147.1 Cellulosimicrobium cellulans LMG 16121, whole genome shotgun sequence	9819	0.0242089477599841	0.58088770312879	0.995201889717281
NZ_CAOI01000146.1 Cellulosimicrobium cellulans LMG 16121, whole genome shotgun sequence	9872	0.0281080169594109	0.55711860295901	0.995201889717281
NZ_CAOI01000145.1 Cellulosimicrobium cellulans LMG 16121, whole genome shotgun sequence	9919	0.0136001970757312	0.677904438515644	0.995201889717281
NZ_CAOI01000144.1 Cellulosimicrobium cellulans LMG 16121, whole genome shotgun sequence	9938	0.0102451161978823	0.721319427601261	0.995201889717281
NZ_CAOI01000143.1 Cellulosimicrobium cellulans LMG 16121, whole genome shotgun sequence	10004	0.0252405977579632	0.574581615328644	0.995201889717281
NZ_CAOI01000142.1 Cellulosimicrobium cellulans LMG 16121, whole genome shotgun sequence	10151	0.699195504524888	0.0462042202279893	0.995201889717281
NZ_CAOI01000141.1 Cellulosimicrobium cellulans LMG 16121, whole genome shotgun sequence	10241	0.00189441280680747	0.903589619209314	0.995201889717281
NZ_CAOI01000140.1 Cellulosimicrobium cellulans LMG 16121, whole genome shotgun sequence	10287	0.00541346037070853	0.806451612903226	0.995201889717281
NZ_CAOI01000139.1 Cellulosimicrobium cellulans LMG 16121, whole genome shotgun sequence	10354	0.0924325841420374	0.349381518311909	0.995201889717281
NZ_CAOI01000138.1 Cellulosimicrobium cellulans LMG 16121, whole genome shotgun sequence	10358	0.00772570933770465	0.76206645646374	0.995201889717281
NZ_CAOI01000137.1 Cellulosimicrobium cellulans LMG 16121, whole genome shotgun sequence	10412	0.0138600694363038	0.675964103807907	0.995201889717281
NZ_CAOI01000136.1 Cellulosimicrobium cellulans LMG 16121, whole genome shotgun sequence	10536	0.00503829429046586	0.814091680814941	0.995201889717281
NZ_CAOI01000135.1 Cellulosimicrobium cellulans LMG 16121, whole genome shotgun sequence	10676	0.0106049534202959	0.716347319912685	0.995201889717281
NZ_CAOI01000134.1 Cellulosimicrobium cellulans LMG 16121, whole genome shotgun sequence	10710	0.13365380276154	0.286320640310454	0.995201889717281
NZ_CAOI01000133.1 Cellulosimicrobium cellulans LMG 16121, whole genome shotgun sequence	10717	0.0018389693280583	0.906136308513219	0.995201889717281
NZ_CAOI01000132.1 Cellulosimicrobium cellulans LMG 16121, whole genome shotgun sequence	10852	0.0269912887260369	0.564879941789959	0.995201889717281
NZ_CAOI01000131.1 Cellulosimicrobium cellulans LMG 16121, whole genome shotgun sequence	11042	0.0194459119326614	0.6206645646374	0.995201889717281
NZ_CAOI01000130.1 Cellulosimicrobium cellulans LMG 16121, whole genome shotgun sequence	11065	0.0538515072187368	0.440819791414019	0.995201889717281
NZ_CAOI01000129.1 Cellulosimicrobium cellulans LMG 16121, whole genome shotgun sequence	11080	0.0137125637863319	0.676934271161775	0.995201889717281
NZ_CAOI01000128.1 Cellulosimicrobium cellulans LMG 16121, whole genome shotgun sequence	11086	0.0143643461985333	0.671719621634732	0.995201889717281
NZ_CAOI01000127.1 Cellulosimicrobium cellulans LMG 16121, whole genome shotgun sequence	11241	0.00183227087018503	0.906378850351686	0.995201889717281
NZ_CAOI01000126.1 Cellulosimicrobium cellulans LMG 16121, whole genome shotgun sequence	11490	0.0233250476772999	0.590104292990541	0.995201889717281
NZ_CAOI01000125.1 Cellulosimicrobium cellulans LMG 16121, whole genome shotgun sequence	11759	0.0351120457186978	0.516129032258065	0.995201889717281
NZ_CAOI01000124.1 Cellulosimicrobium cellulans LMG 16121, whole genome shotgun sequence	11825	0.00906090131297125	0.740358961920931	0.995201889717281
NZ_CAOI01000123.1 Cellulosimicrobium cellulans LMG 16121, whole genome shotgun sequence	11893	0.0134828543359822	0.67948096046568	0.995201889717281
NZ_CAOI01000122.1 Cellulosimicrobium cellulans LMG 16121, whole genome shotgun sequence	11923	0.00542896381758302	0.806330341983992	0.995201889717281
NZ_CAOI01000121.1 Cellulosimicrobium cellulans LMG 16121, whole genome shotgun sequence	11924	0.000731518027460128	0.954280863448945	0.995201889717281
NZ_CAOI01000120.1 Cellulosimicrobium cellulans LMG 16121, whole genome shotgun sequence	11964	0.011795080701727	0.700339558573854	0.995201889717281
NZ_CAOI01000119.1 Cellulosimicrobium cellulans LMG 16121, whole genome shotgun sequence	11996	0.00657147230252629	0.783773951006549	0.995201889717281
NZ_CAOI01000118.1 Cellulosimicrobium cellulans LMG 16121, whole genome shotgun sequence	12014	0.00800531942664397	0.757579432452098	0.995201889717281
NZ_CAOI01000117.1 Cellulosimicrobium cellulans LMG 16121, whole genome shotgun sequence	12201	0.014561351459003	0.66893039049236	0.995201889717281
NZ_CAOI01000116.1 Cellulosimicrobium cellulans LMG 16121, whole genome shotgun sequence	12232	0.0352040877377514	0.515522677661897	0.995201889717281
NZ_CAOI01000115.1 Cellulosimicrobium cellulans LMG 16121, whole genome shotgun sequence	12238	0.00641457300346529	0.787412078583556	0.995201889717281
NZ_CAOI01000114.1 Cellulosimicrobium cellulans LMG 16121, whole genome shotgun sequence	12396	0.0517932434207821	0.447368421052632	0.995201889717281
NZ_CAOI01000113.1 Cellulosimicrobium cellulans LMG 16121, whole genome shotgun sequence	12540	0.0943859394537174	0.345137036138734	0.995201889717281
NZ_CAOI01000112.1 Cellulosimicrobium cellulans LMG 16121, whole genome shotgun sequence	12573	0.0132069902100524	0.682755275284987	0.995201889717281
NZ_CAOI01000111.1 Cellulosimicrobium cellulans LMG 16121, whole genome shotgun sequence	12604	0.154886562775409	0.263642978413776	0.995201889717281
NZ_CAOI01000110.1 Cellulosimicrobium cellulans LMG 16121, whole genome shotgun sequence	12612	0.00896345100941599	0.741935483870968	0.995201889717281
NZ_CAOI01000109.1 Cellulosimicrobium cellulans LMG 16121, whole genome shotgun sequence	12758	0.155788411807109	0.263400436575309	0.995201889717281
NZ_CAOI01000108.1 Cellulosimicrobium cellulans LMG 16121, whole genome shotgun sequence	12779	0.0060982680228974	0.793839437302935	0.995201889717281
NZ_CAOI01000107.1 Cellulosimicrobium cellulans LMG 16121, whole genome shotgun sequence	12795	0.0438236174508469	0.474775648799418	0.995201889717281
NZ_CAOI01000106.1 Cellulosimicrobium cellulans LMG 16121, whole genome shotgun sequence	12903	0.0404914770579484	0.489085617268979	0.995201889717281
NZ_CAOI01000105.1 Cellulosimicrobium cellulans LMG 16121, whole genome shotgun sequence	12962	0.0171043373278623	0.643220955614844	0.995201889717281
NZ_CAOI01000104.1 Cellulosimicrobium cellulans LMG 16121, whole genome shotgun sequence	12996	0.0365920213470048	0.508003880669415	0.995201889717281
NZ_CAOI01000103.1 Cellulosimicrobium cellulans LMG 16121, whole genome shotgun sequence	13608	0.14661020600979	0.27225321367936	0.995201889717281
NZ_CAOI01000102.1 Cellulosimicrobium cellulans LMG 16121, whole genome shotgun sequence	13673	0.0167257553768321	0.646737812272617	0.995201889717281
NZ_CAOI01000101.1 Cellulosimicrobium cellulans LMG 16121, whole genome shotgun sequence	13684	0.0261223654229229	0.570458404074703	0.995201889717281
NZ_CAOI01000100.1 Cellulosimicrobium cellulans LMG 16121, whole genome shotgun sequence	13921	0.0291843945477917	0.549357264128062	0.995201889717281
NZ_CAOI01000099.1 Cellulosimicrobium cellulans LMG 16121, whole genome shotgun sequence	14227	0.00236133080132954	0.885762794081979	0.995201889717281
NZ_CAOI01000098.1 Cellulosimicrobium cellulans LMG 16121, whole genome shotgun sequence	14310	0.0302522315918711	0.542687363570216	0.995201889717281
NZ_CAOI01000097.1 Cellulosimicrobium cellulans LMG 16121, whole genome shotgun sequence	14650	0.00297948709958479	0.866359447004608	0.995201889717281
NZ_CAOI01000096.1 Cellulosimicrobium cellulans LMG 16121, whole genome shotgun sequence	14822	0.0073982867253847	0.766674751394616	0.995201889717281
NZ_CAOI01000095.1 Cellulosimicrobium cellulans LMG 16121, whole genome shotgun sequence	14881	0.00538751678573027	0.806815425660926	0.995201889717281
NZ_CAOI01000094.1 Cellulosimicrobium cellulans LMG 16121, whole genome shotgun sequence	15120	0.0764537658007294	0.382852292020374	0.995201889717281
NZ_CAOI01000093.1 Cellulosimicrobium cellulans LMG 16121, whole genome shotgun sequence	15365	0.00267567914432418	0.873756973077856	0.995201889717281
NZ_CAOI01000092.1 Cellulosimicrobium cellulans LMG 16121, whole genome shotgun sequence	15448	0.00582723713516709	0.798569003153044	0.995201889717281
NZ_CAOI01000091.1 Cellulosimicrobium cellulans LMG 16121, whole genome shotgun sequence	15490	0.0756425213895673	0.38442881397041	0.995201889717281
NZ_CAOI01000090.1 Cellulosimicrobium cellulans LMG 16121, whole genome shotgun sequence	15566	0.0451118506738843	0.470046082949309	0.995201889717281
NZ_CAOI01000089.1 Cellulosimicrobium cellulans LMG 16121, whole genome shotgun sequence	15597	0.0207060448380219	0.608901285471744	0.995201889717281
NZ_CAOI01000088.1 Cellulosimicrobium cellulans LMG 16121, whole genome shotgun sequence	15597	0.00502310757055223	0.814334222653408	0.995201889717281
NZ_CAOI01000087.1 Cellulosimicrobium cellulans LMG 16121, whole genome shotgun sequence	15848	0.0133648895552793	0.680451127819549	0.995201889717281
NZ_CAOI01000086.1 Cellulosimicrobium cellulans LMG 16121, whole genome shotgun sequence	15960	0.0239454752589797	0.583313121513461	0.995201889717281
NZ_CAOI01000085.1 Cellulosimicrobium cellulans LMG 16121, whole genome shotgun sequence	16166	0.00987014984501159	0.725927722532137	0.995201889717281
NZ_CAOI01000084.1 Cellulosimicrobium cellulans LMG 16121, whole genome shotgun sequence	16187	0.0104659704348943	0.719015280135823	0.995201889717281
NZ_CAOI01000083.1 Cellulosimicrobium cellulans LMG 16121, whole genome shotgun sequence	16283	0.00364794787104954	0.847926267281106	0.995201889717281
NZ_CAOI01000082.1 Cellulosimicrobium cellulans LMG 16121, whole genome shotgun sequence	16370	0.0041480101506158	0.83446519524618	0.995201889717281
NZ_CAOI01000081.1 Cellulosimicrobium cellulans LMG 16121, whole genome shotgun sequence	16621	0.0230197373729463	0.592044627698278	0.995201889717281
NZ_CAOI01000080.1 Cellulosimicrobium cellulans LMG 16121, whole genome shotgun sequence	16676	0.0188574958635957	0.625879214164443	0.995201889717281
NZ_CAOI01000079.1 Cellulosimicrobium cellulans LMG 16121, whole genome shotgun sequence	16910	0.0291251998667481	0.549599805966529	0.995201889717281
NZ_CAOI01000078.1 Cellulosimicrobium cellulans LMG 16121, whole genome shotgun sequence	17106	0.00591276646260624	0.79674993936454	0.995201889717281
NZ_CAOI01000077.1 Cellulosimicrobium cellulans LMG 16121, whole genome shotgun sequence	17186	0.0202150213909154	0.613509580402619	0.995201889717281
NZ_CAOI01000076.1 Cellulosimicrobium cellulans LMG 16121, whole genome shotgun sequence	17188	0.00575389219897617	0.800388066941547	0.995201889717281
NZ_CAOI01000075.1 Cellulosimicrobium cellulans LMG 16121, whole genome shotgun sequence	17612	0.011979500702253	0.697914140189183	0.995201889717281
NZ_CAOI01000074.1 Cellulosimicrobium cellulans LMG 16121, whole genome shotgun sequence	17635	0.0180432826497546	0.633640552995392	0.995201889717281
NZ_CAOI01000073.1 Cellulosimicrobium cellulans LMG 16121, whole genome shotgun sequence	17734	0.0284116422858695	0.555178268251273	0.995201889717281
NZ_CAOI01000072.1 Cellulosimicrobium cellulans LMG 16121, whole genome shotgun sequence	17936	0.0126534039744367	0.690395343196701	0.995201889717281
NZ_CAOI01000071.1 Cellulosimicrobium cellulans LMG 16121, whole genome shotgun sequence	17983	0.00499649373638149	0.814819306330342	0.995201889717281
NZ_CAOI01000070.1 Cellulosimicrobium cellulans LMG 16121, whole genome shotgun sequence	18062	0.0338696561654397	0.522677661896677	0.995201889717281
NZ_CAOI01000069.1 Cellulosimicrobium cellulans LMG 16121, whole genome shotgun sequence	18149	0.103572947114978	0.329008003880669	0.995201889717281
NZ_CAOI01000068.1 Cellulosimicrobium cellulans LMG 16121, whole genome shotgun sequence	18170	0.00920408290469142	0.738661169051661	0.995201889717281
NZ_CAOI01000067.1 Cellulosimicrobium cellulans LMG 16121, whole genome shotgun sequence	18527	0.0836910317805371	0.367208343439243	0.995201889717281
NZ_CAOI01000066.1 Cellulosimicrobium cellulans LMG 16121, whole genome shotgun sequence	18968	0.0152611123436642	0.661047780742178	0.995201889717281
NZ_CAOI01000065.1 Cellulosimicrobium cellulans LMG 16121, whole genome shotgun sequence	19358	0.0056003233688649	0.803419839922387	0.995201889717281
NZ_CAOI01000064.1 Cellulosimicrobium cellulans LMG 16121, whole genome shotgun sequence	19435	0.00223167494531588	0.890613630851322	0.995201889717281
NZ_CAOI01000063.1 Cellulosimicrobium cellulans LMG 16121, whole genome shotgun sequence	19521	0.0218653579828015	0.600654862963861	0.995201889717281
NZ_CAOI01000062.1 Cellulosimicrobium cellulans LMG 16121, whole genome shotgun sequence	19847	0.00662651841506694	0.783288867329614	0.995201889717281
NZ_CAOI01000061.1 Cellulosimicrobium cellulans LMG 16121, whole genome shotgun sequence	19904	0.0208635815560514	0.607446034440941	0.995201889717281
NZ_CAOI01000060.1 Cellulosimicrobium cellulans LMG 16121, whole genome shotgun sequence	20210	0.00560323875588023	0.803419839922387	0.995201889717281
NZ_CAOI01000059.1 Cellulosimicrobium cellulans LMG 16121, whole genome shotgun sequence	20250	0.0116662639030943	0.702522435120058	0.995201889717281
NZ_CAOI01000058.1 Cellulosimicrobium cellulans LMG 16121, whole genome shotgun sequence	20322	0.0548818083123934	0.437302934756245	0.995201889717281
NZ_CAOI01000057.1 Cellulosimicrobium cellulans LMG 16121, whole genome shotgun sequence	20564	0.0401982544011	0.490177055542081	0.995201889717281
NZ_CAOI01000056.1 Cellulosimicrobium cellulans LMG 16121, whole genome shotgun sequence	20763	0.0126260977782117	0.690395343196701	0.995201889717281
NZ_CAOI01000055.1 Cellulosimicrobium cellulans LMG 16121, whole genome shotgun sequence	20795	0.0106752150809698	0.714528256124181	0.995201889717281
NZ_CAOI01000054.1 Cellulosimicrobium cellulans LMG 16121, whole genome shotgun sequence	20951	0.00539999898630037	0.806572883822459	0.995201889717281
NZ_CAOI01000053.1 Cellulosimicrobium cellulans LMG 16121, whole genome shotgun sequence	21184	0.0392652456775924	0.493451370361387	0.995201889717281
NZ_CAOI01000052.1 Cellulosimicrobium cellulans LMG 16121, whole genome shotgun sequence	21396	0.0264151283481001	0.568275527528499	0.995201889717281
NZ_CAOI01000051.1 Cellulosimicrobium cellulans LMG 16121, whole genome shotgun sequence	21458	0.0393805701467887	0.49320882852292	0.995201889717281
NZ_CAOI01000050.1 Cellulosimicrobium cellulans LMG 16121, whole genome shotgun sequence	21633	0.0220317074094322	0.599199611933058	0.995201889717281
NZ_CAOI01000049.1 Cellulosimicrobium cellulans LMG 16121, whole genome shotgun sequence	21861	0.00815133358371697	0.754790201309726	0.995201889717281
NZ_CAOI01000048.1 Cellulosimicrobium cellulans LMG 16121, whole genome shotgun sequence	21901	0.0857555914420432	0.362600048508368	0.995201889717281
NZ_CAOI01000047.1 Cellulosimicrobium cellulans LMG 16121, whole genome shotgun sequence	22001	0.0153509651123366	0.660320155226777	0.995201889717281
NZ_CAOI01000046.1 Cellulosimicrobium cellulans LMG 16121, whole genome shotgun sequence	22286	0.0395364193583803	0.492966286684453	0.995201889717281
NZ_CAOI01000045.1 Cellulosimicrobium cellulans LMG 16121, whole genome shotgun sequence	22471	0.0221147513998074	0.598835799175358	0.995201889717281
NZ_CAOI01000044.1 Cellulosimicrobium cellulans LMG 16121, whole genome shotgun sequence	22652	0.0206016587036259	0.609750181906379	0.995201889717281
NZ_CAOI01000043.1 Cellulosimicrobium cellulans LMG 16121, whole genome shotgun sequence	23227	0.0606260515835498	0.419354838709677	0.995201889717281
NZ_CAOI01000042.1 Cellulosimicrobium cellulans LMG 16121, whole genome shotgun sequence	23406	0.00784350805429949	0.760732476352171	0.995201889717281
NZ_CAOI01000041.1 Cellulosimicrobium cellulans LMG 16121, whole genome shotgun sequence	23416	0.0302393408532698	0.542687363570216	0.995201889717281
NZ_CAOI01000040.1 Cellulosimicrobium cellulans LMG 16121, whole genome shotgun sequence	23836	0.0390571914403468	0.494300266796022	0.995201889717281
NZ_CAOI01000039.1 Cellulosimicrobium cellulans LMG 16121, whole genome shotgun sequence	24027	0.00349916281343102	0.85180693669658	0.995201889717281
NZ_CAOI01000038.1 Cellulosimicrobium cellulans LMG 16121, whole genome shotgun sequence	24386	0.0246360509564736	0.577977201067184	0.995201889717281
NZ_CAOI01000037.1 Cellulosimicrobium cellulans LMG 16121, whole genome shotgun sequence	25126	0.0132747495238013	0.681542566092651	0.995201889717281
NZ_CAOI01000036.1 Cellulosimicrobium cellulans LMG 16121, whole genome shotgun sequence	25374	0.00184348751844673	0.905893766674751	0.995201889717281
NZ_CAOI01000035.1 Cellulosimicrobium cellulans LMG 16121, whole genome shotgun sequence	25935	0.0523256444357451	0.445428086344895	0.995201889717281
NZ_CAOI01000034.1 Cellulosimicrobium cellulans LMG 16121, whole genome shotgun sequence	26058	0.0189377527224167	0.625151588649042	0.995201889717281
NZ_CAOI01000033.1 Cellulosimicrobium cellulans LMG 16121, whole genome shotgun sequence	26470	0.052188417322695	0.445791899102595	0.995201889717281
NZ_CAOI01000032.1 Cellulosimicrobium cellulans LMG 16121, whole genome shotgun sequence	26537	0.00639586603302313	0.787654620422023	0.995201889717281
NZ_CAOI01000031.1 Cellulosimicrobium cellulans LMG 16121, whole genome shotgun sequence	27837	0.0125967220061307	0.690637885035169	0.995201889717281
NZ_CAOI01000030.1 Cellulosimicrobium cellulans LMG 16121, whole genome shotgun sequence	28159	0.0114898053620646	0.704341498908562	0.995201889717281
NZ_CAOI01000029.1 Cellulosimicrobium cellulans LMG 16121, whole genome shotgun sequence	29078	0.0133028474915345	0.681057482415717	0.995201889717281
NZ_CAOI01000028.1 Cellulosimicrobium cellulans LMG 16121, whole genome shotgun sequence	29454	0.137499848909473	0.281591074460344	0.995201889717281
NZ_CAOI01000027.1 Cellulosimicrobium cellulans LMG 16121, whole genome shotgun sequence	29637	0.00518070531241374	0.811181178753335	0.995201889717281
NZ_CAOI01000026.1 Cellulosimicrobium cellulans LMG 16121, whole genome shotgun sequence	29700	0.0399125154033805	0.491268493815183	0.995201889717281
NZ_CAOI01000025.1 Cellulosimicrobium cellulans LMG 16121, whole genome shotgun sequence	29967	0.00546937271424906	0.805966529226292	0.995201889717281
NZ_CAOI01000024.1 Cellulosimicrobium cellulans LMG 16121, whole genome shotgun sequence	30449	0.0263184242790313	0.569124423963134	0.995201889717281
NZ_CAOI01000023.1 Cellulosimicrobium cellulans LMG 16121, whole genome shotgun sequence	30546	0.0365166866968603	0.508367693427116	0.995201889717281
NZ_CAOI01000022.1 Cellulosimicrobium cellulans LMG 16121, whole genome shotgun sequence	30660	0.0095141580401637	0.732112539413049	0.995201889717281
NZ_CAOI01000021.1 Cellulosimicrobium cellulans LMG 16121, whole genome shotgun sequence	31207	0.00348124754162762	0.852413291292748	0.995201889717281
NZ_CAOI01000020.1 Cellulosimicrobium cellulans LMG 16121, whole genome shotgun sequence	32186	0.0105010355834643	0.718287654620422	0.995201889717281
NZ_CAOI01000019.1 Cellulosimicrobium cellulans LMG 16121, whole genome shotgun sequence	32228	0.0177500742484409	0.636793596895464	0.995201889717281
NZ_CAOI01000018.1 Cellulosimicrobium cellulans LMG 16121, whole genome shotgun sequence	32833	0.00576258595149561	0.79978171234538	0.995201889717281
NZ_CAOI01000017.1 Cellulosimicrobium cellulans LMG 16121, whole genome shotgun sequence	32993	0.0215335230952011	0.602716468590832	0.995201889717281
NZ_CAOI01000016.1 Cellulosimicrobium cellulans LMG 16121, whole genome shotgun sequence	33226	0.028300732884161	0.555905893766675	0.995201889717281
NZ_CAOI01000015.1 Cellulosimicrobium cellulans LMG 16121, whole genome shotgun sequence	33379	0.0855246576824101	0.362842590346835	0.995201889717281
NZ_CAOI01000014.1 Cellulosimicrobium cellulans LMG 16121, whole genome shotgun sequence	34359	0.00833342593633253	0.751152073732719	0.995201889717281
NZ_CAOI01000013.1 Cellulosimicrobium cellulans LMG 16121, whole genome shotgun sequence	35426	0.0077536861641519	0.761702643706039	0.995201889717281
NZ_CAOI01000012.1 Cellulosimicrobium cellulans LMG 16121, whole genome shotgun sequence	35828	0.011876692512797	0.699369391219985	0.995201889717281
NZ_CAOI01000011.1 Cellulosimicrobium cellulans LMG 16121, whole genome shotgun sequence	35894	0.0102040426625316	0.722168324035896	0.995201889717281
NZ_CAOI01000010.1 Cellulosimicrobium cellulans LMG 16121, whole genome shotgun sequence	36027	0.055546804223196	0.434513703613873	0.995201889717281
NZ_CAOI01000009.1 Cellulosimicrobium cellulans LMG 16121, whole genome shotgun sequence	38115	0.0228912298669267	0.593742420567548	0.995201889717281
NZ_CAOI01000008.1 Cellulosimicrobium cellulans LMG 16121, whole genome shotgun sequence	38945	0.0190476588354385	0.62406015037594	0.995201889717281
NZ_CAOI01000007.1 Cellulosimicrobium cellulans LMG 16121, whole genome shotgun sequence	43217	0.0128987996968016	0.686635944700461	0.995201889717281
NZ_CAOI01000006.1 Cellulosimicrobium cellulans LMG 16121, whole genome shotgun sequence	45751	0.0148761468614189	0.666141159349988	0.995201889717281
NZ_CAOI01000005.1 Cellulosimicrobium cellulans LMG 16121, whole genome shotgun sequence	48189	0.0511888403529456	0.448823672083434	0.995201889717281
NZ_CAOI01000004.1 Cellulosimicrobium cellulans LMG 16121, whole genome shotgun sequence	53611	0.0240349216929079	0.582828037836527	0.995201889717281
NZ_CAOI01000003.1 Cellulosimicrobium cellulans LMG 16121, whole genome shotgun sequence	54994	0.00748501644313514	0.765583313121514	0.995201889717281
NZ_CAOI01000002.1 Cellulosimicrobium cellulans LMG 16121, whole genome shotgun sequence	56162	0.0151149745166151	0.662988115449915	0.995201889717281
NZ_CAOI01000001.1 Cellulosimicrobium cellulans LMG 16121, whole genome shotgun sequence	142199	0.0862605006889675	0.361387339316032	0.995201889717281
