name	length	score	pvalue	qvalue
NW_001834414.1 Vanderwaltozyma polyspora DSM 70294 KpolScaffold93 genomic scaffold, whole genome shotgun sequence	2069	0.85205633185703	0.0292980428110177	0.0320650151003083
NW_001834415.1 Vanderwaltozyma polyspora DSM 70294 KpolScaffold99 genomic scaffold, whole genome shotgun sequence	2073	0.352825666787639	0.238649499740902	0.0534673393674108
NW_001834416.1 Vanderwaltozyma polyspora DSM 70294 KpolScaffold76 genomic scaffold, whole genome shotgun sequence	2081	0.232676387924254	0.343125921792163	0.0736953553532913
NW_001834417.1 Vanderwaltozyma polyspora DSM 70294 KpolScaffold135 genomic scaffold, whole genome shotgun sequence	2135	0.985112729086055	0.000916809502929804	0.00476161904413903
NW_001834418.1 Vanderwaltozyma polyspora DSM 70294 KpolScaffold64 genomic scaffold, whole genome shotgun sequence	2197	0.669625997331355	0.0845457806832224	0.0320650151003083
NW_001834419.1 Vanderwaltozyma polyspora DSM 70294 KpolScaffold129 genomic scaffold, whole genome shotgun sequence	2281	0.772024089539439	0.0520189739705824	0.0320650151003083
NW_001834420.1 Vanderwaltozyma polyspora DSM 70294 KpolScaffold171 genomic scaffold, whole genome shotgun sequence	2290	0.999736227598259	3.98612827360784e-05	0.000759098688196076
NW_001834421.1 Vanderwaltozyma polyspora DSM 70294 KpolScaffold127 genomic scaffold, whole genome shotgun sequence	2337	0.106713703911708	0.527364770598318	0.110767010788611
NW_001834422.1 Vanderwaltozyma polyspora DSM 70294 KpolScaffold122 genomic scaffold, whole genome shotgun sequence	2351	0.0613801227063296	0.646111531869096	0.13422797058513
NW_001834423.1 Vanderwaltozyma polyspora DSM 70294 KpolScaffold141 genomic scaffold, whole genome shotgun sequence	2370	0.479029741394943	0.165464184637462	0.0398863120848345
NW_001834424.1 Vanderwaltozyma polyspora DSM 70294 KpolScaffold109 genomic scaffold, whole genome shotgun sequence	2399	0.640527722429904	0.0947502690636585	0.0320650151003083
NW_001834425.1 Vanderwaltozyma polyspora DSM 70294 KpolScaffold139 genomic scaffold, whole genome shotgun sequence	2521	0.800353495661113	0.0433690756168534	0.0320650151003083
NW_001834426.1 Vanderwaltozyma polyspora DSM 70294 KpolScaffold117 genomic scaffold, whole genome shotgun sequence	2568	0.631204829888125	0.0984573683581138	0.0320650151003083
NW_001834427.1 Vanderwaltozyma polyspora DSM 70294 KpolScaffold277 genomic scaffold, whole genome shotgun sequence	2616	0.999452144447204	3.98612827360784e-05	0.000759098688196076
NW_001834428.1 Vanderwaltozyma polyspora DSM 70294 KpolScaffold159 genomic scaffold, whole genome shotgun sequence	2649	0.96428440486406	0.0037070992944553	0.0162914256928235
NW_001834429.1 Vanderwaltozyma polyspora DSM 70294 KpolScaffold133 genomic scaffold, whole genome shotgun sequence	2757	0.999995598981174	0	0
NW_001834430.1 Vanderwaltozyma polyspora DSM 70294 KpolScaffold140 genomic scaffold, whole genome shotgun sequence	2836	0.0827659045139509	0.583090843863356	0.122023028691563
NW_001834431.1 Vanderwaltozyma polyspora DSM 70294 KpolScaffold202 genomic scaffold, whole genome shotgun sequence	2872	0.985453678440143	0.000876948220193726	0.00476161904413903
NW_001834432.1 Vanderwaltozyma polyspora DSM 70294 KpolScaffold144 genomic scaffold, whole genome shotgun sequence	2886	0.381324912408645	0.219755251724	0.04982036985744
NW_001834433.1 Vanderwaltozyma polyspora DSM 70294 KpolScaffold189 genomic scaffold, whole genome shotgun sequence	3115	0.96655188958434	0.00545719136551055	0.0203517973828165
NW_001834434.1 Vanderwaltozyma polyspora DSM 70294 KpolScaffold205 genomic scaffold, whole genome shotgun sequence	3247	0.866523028671404	0.018796992481203	0.0320650151003083
NW_001834435.1 Vanderwaltozyma polyspora DSM 70294 KpolScaffold158 genomic scaffold, whole genome shotgun sequence	3282	0.932906032592629	0.00933786078098472	0.0296376056449526
NW_001834436.1 Vanderwaltozyma polyspora DSM 70294 KpolScaffold151 genomic scaffold, whole genome shotgun sequence	3401	0.425596983208956	0.110962891098715	0.0320650151003083
NW_001834437.1 Vanderwaltozyma polyspora DSM 70294 KpolScaffold516 genomic scaffold, whole genome shotgun sequence	3410	0.26132264156866	0.18287654620422	0.0428189891221307
NW_001834438.1 Vanderwaltozyma polyspora DSM 70294 KpolScaffold137 genomic scaffold, whole genome shotgun sequence	3413	0.707193251987216	0.0445064273587194	0.0320650151003083
NW_001834439.1 Vanderwaltozyma polyspora DSM 70294 KpolScaffold149 genomic scaffold, whole genome shotgun sequence	3485	0.433776480498259	0.108294930875576	0.0320650151003083
NW_001834440.1 Vanderwaltozyma polyspora DSM 70294 KpolScaffold152 genomic scaffold, whole genome shotgun sequence	3489	0.422545629052152	0.111690516614116	0.0320650151003083
NW_001834441.1 Vanderwaltozyma polyspora DSM 70294 KpolScaffold150 genomic scaffold, whole genome shotgun sequence	3914	0.0235367692032464	0.586951249090468	0.12238260516581
NW_001834442.1 Vanderwaltozyma polyspora DSM 70294 KpolScaffold160 genomic scaffold, whole genome shotgun sequence	4011	0.719838549610002	0.0422022798932816	0.0320650151003083
NW_001834443.1 Vanderwaltozyma polyspora DSM 70294 KpolScaffold154 genomic scaffold, whole genome shotgun sequence	4139	0.743034220650904	0.037593984962406	0.0320650151003083
NW_001834444.1 Vanderwaltozyma polyspora DSM 70294 KpolScaffold162 genomic scaffold, whole genome shotgun sequence	4146	0.861613874327295	0.0194033470773708	0.0320650151003083
NW_001834445.1 Vanderwaltozyma polyspora DSM 70294 KpolScaffold153 genomic scaffold, whole genome shotgun sequence	4189	0.22951339280159	0.200460829493088	0.0465546044958252
NW_001834446.1 Vanderwaltozyma polyspora DSM 70294 KpolScaffold143 genomic scaffold, whole genome shotgun sequence	4266	0.4511509761546	0.103322823187	0.0320650151003083
NW_001834447.1 Vanderwaltozyma polyspora DSM 70294 KpolScaffold148 genomic scaffold, whole genome shotgun sequence	4294	0.333224155671318	0.146252728595683	0.0368388706586325
NW_001834448.1 Vanderwaltozyma polyspora DSM 70294 KpolScaffold147 genomic scaffold, whole genome shotgun sequence	4585	0.0852128122827328	0.36369148678147	0.0775294256602942
NW_001834449.1 Vanderwaltozyma polyspora DSM 70294 KpolScaffold165 genomic scaffold, whole genome shotgun sequence	4589	0.388080320774911	0.124787775891341	0.0341902139901723
NW_001834450.1 Vanderwaltozyma polyspora DSM 70294 KpolScaffold161 genomic scaffold, whole genome shotgun sequence	4696	0.526294526549697	0.0819791414018918	0.0320650151003083
NW_001834451.1 Vanderwaltozyma polyspora DSM 70294 KpolScaffold145 genomic scaffold, whole genome shotgun sequence	4742	0.255136390325852	0.186635944700461	0.043520856166259
NW_001834452.1 Vanderwaltozyma polyspora DSM 70294 KpolScaffold211 genomic scaffold, whole genome shotgun sequence	4803	0.998080980160533	0.000485083676934271	0.00346413572473472
NW_001834453.1 Vanderwaltozyma polyspora DSM 70294 KpolScaffold170 genomic scaffold, whole genome shotgun sequence	4904	0.0630446240205415	0.410744603444094	0.0869113162938999
NW_001834454.1 Vanderwaltozyma polyspora DSM 70294 KpolScaffold167 genomic scaffold, whole genome shotgun sequence	5078	0.559114705874781	0.0749454280863449	0.0320650151003083
NW_001834455.1 Vanderwaltozyma polyspora DSM 70294 KpolScaffold146 genomic scaffold, whole genome shotgun sequence	5369	0.190855421099807	0.231748726655348	0.0523317262448067
NW_001834456.1 Vanderwaltozyma polyspora DSM 70294 KpolScaffold163 genomic scaffold, whole genome shotgun sequence	5474	0.856807128372075	0.020494785350473	0.0320650151003083
NW_001834457.1 Vanderwaltozyma polyspora DSM 70294 KpolScaffold231 genomic scaffold, whole genome shotgun sequence	5496	0.99840912884864	0.000485083676934271	0.00346413572473472
NW_001834458.1 Vanderwaltozyma polyspora DSM 70294 KpolScaffold172 genomic scaffold, whole genome shotgun sequence	5523	0.572941647704931	0.0717923841862721	0.0320650151003083
NW_001834459.1 Vanderwaltozyma polyspora DSM 70294 KpolScaffold175 genomic scaffold, whole genome shotgun sequence	5670	0.206555632998839	0.218772738297356	0.04982036985744
NW_001834460.1 Vanderwaltozyma polyspora DSM 70294 KpolScaffold389 genomic scaffold, whole genome shotgun sequence	5785	0.544645735203708	0.0779772010671841	0.0320650151003083
NW_001834461.1 Vanderwaltozyma polyspora DSM 70294 KpolScaffold184 genomic scaffold, whole genome shotgun sequence	5819	0.769625698402271	0.0334707737084647	0.0320650151003083
NW_001834462.1 Vanderwaltozyma polyspora DSM 70294 KpolScaffold182 genomic scaffold, whole genome shotgun sequence	5862	0.184942274871504	0.236357021586224	0.0531622088780155
NW_001834463.1 Vanderwaltozyma polyspora DSM 70294 KpolScaffold190 genomic scaffold, whole genome shotgun sequence	5940	0.595690176349601	0.0671840892553966	0.0320650151003083
NW_001834464.1 Vanderwaltozyma polyspora DSM 70294 KpolScaffold1074 genomic scaffold, whole genome shotgun sequence	6128	0.867945605270793	0.0183119088042687	0.0320650151003083
NW_001834465.1 Vanderwaltozyma polyspora DSM 70294 KpolScaffold177 genomic scaffold, whole genome shotgun sequence	6181	0.626537468977643	0.0609992723744846	0.0320650151003083
NW_001834466.1 Vanderwaltozyma polyspora DSM 70294 KpolScaffold164 genomic scaffold, whole genome shotgun sequence	6302	0.919093071290971	0.0111569245694882	0.0303524273024374
NW_001834467.1 Vanderwaltozyma polyspora DSM 70294 KpolScaffold183 genomic scaffold, whole genome shotgun sequence	6499	0.53867038517403	0.0790686393402862	0.0320650151003083
NW_001834468.1 Vanderwaltozyma polyspora DSM 70294 KpolScaffold195 genomic scaffold, whole genome shotgun sequence	6520	0.756044836410929	0.0357749211739025	0.0320650151003083
NW_001834469.1 Vanderwaltozyma polyspora DSM 70294 KpolScaffold192 genomic scaffold, whole genome shotgun sequence	6548	0.129432386292458	0.292262915352898	0.0639736942269016
NW_001834470.1 Vanderwaltozyma polyspora DSM 70294 KpolScaffold176 genomic scaffold, whole genome shotgun sequence	6635	0.920905713789968	0.0110356536502547	0.0303524273024374
NW_001834471.1 Vanderwaltozyma polyspora DSM 70294 KpolScaffold531 genomic scaffold, whole genome shotgun sequence	6654	0.307088408094135	0.15837982051904	0.03857520629069
NW_001834472.1 Vanderwaltozyma polyspora DSM 70294 KpolScaffold181 genomic scaffold, whole genome shotgun sequence	6709	0.0929052683894332	0.34804753820034	0.0744724309362446
NW_001834473.1 Vanderwaltozyma polyspora DSM 70294 KpolScaffold194 genomic scaffold, whole genome shotgun sequence	6761	0.0365060879199143	0.50848896434635	0.107196465636994
NW_001834474.1 Vanderwaltozyma polyspora DSM 70294 KpolScaffold178 genomic scaffold, whole genome shotgun sequence	6794	0.264066906602015	0.181906378850352	0.0427671077127743
NW_001834475.1 Vanderwaltozyma polyspora DSM 70294 KpolScaffold464 genomic scaffold, whole genome shotgun sequence	7155	0.996807156176146	0.000848896434634975	0.00476161904413903
NW_001834476.1 Vanderwaltozyma polyspora DSM 70294 KpolScaffold241 genomic scaffold, whole genome shotgun sequence	7281	0.998660478122187	0.000485083676934271	0.00346413572473472
NW_001834477.1 Vanderwaltozyma polyspora DSM 70294 KpolScaffold198 genomic scaffold, whole genome shotgun sequence	7289	6.29994756783976e-05	0.996483143342227	0.203237514441198
NW_001834478.1 Vanderwaltozyma polyspora DSM 70294 KpolScaffold279 genomic scaffold, whole genome shotgun sequence	7314	0.00039978530732964	0.974533106960951	0.200994907465474
NW_001834479.1 Vanderwaltozyma polyspora DSM 70294 KpolScaffold204 genomic scaffold, whole genome shotgun sequence	7332	0.999277003830677	0.000121270919233568	0.00173206786236736
NW_001834480.1 Vanderwaltozyma polyspora DSM 70294 KpolScaffold212 genomic scaffold, whole genome shotgun sequence	7394	8.73812441163822e-06	0.999636187242299	0.203237514441198
NW_001834481.1 Vanderwaltozyma polyspora DSM 70294 KpolScaffold186 genomic scaffold, whole genome shotgun sequence	7480	0.826982254310786	0.0246179966044143	0.0320650151003083
NW_001834482.1 Vanderwaltozyma polyspora DSM 70294 KpolScaffold240 genomic scaffold, whole genome shotgun sequence	7859	0.571435440479871	0.0719136551055057	0.0320650151003083
NW_001834483.1 Vanderwaltozyma polyspora DSM 70294 KpolScaffold208 genomic scaffold, whole genome shotgun sequence	7861	0.3299421560041	0.147950521464953	0.0370723296857576
NW_001834484.1 Vanderwaltozyma polyspora DSM 70294 KpolScaffold193 genomic scaffold, whole genome shotgun sequence	8033	0.34349920325254	0.140916808149406	0.0362641956048806
NW_001834485.1 Vanderwaltozyma polyspora DSM 70294 KpolScaffold196 genomic scaffold, whole genome shotgun sequence	8169	0.670567077265786	0.0511763279165656	0.0320650151003083
NW_001834486.1 Vanderwaltozyma polyspora DSM 70294 KpolScaffold191 genomic scaffold, whole genome shotgun sequence	8249	0.275386245117508	0.176449187484841	0.0419146048685745
NW_001834487.1 Vanderwaltozyma polyspora DSM 70294 KpolScaffold187 genomic scaffold, whole genome shotgun sequence	8305	0.354942514050629	0.135823429541596	0.0354322558146382
NW_001834488.1 Vanderwaltozyma polyspora DSM 70294 KpolScaffold185 genomic scaffold, whole genome shotgun sequence	8377	0.414050762291375	0.11557118602959	0.0328834376258401
NW_001834489.1 Vanderwaltozyma polyspora DSM 70294 KpolScaffold377 genomic scaffold, whole genome shotgun sequence	8554	0.653493906600989	0.0550569973320398	0.0320650151003083
NW_001834490.1 Vanderwaltozyma polyspora DSM 70294 KpolScaffold209 genomic scaffold, whole genome shotgun sequence	8833	0.303787810261403	0.159228716953675	0.03857520629069
NW_001834491.1 Vanderwaltozyma polyspora DSM 70294 KpolScaffold237 genomic scaffold, whole genome shotgun sequence	8868	0.0644719135565104	0.407349017705554	0.0865132483225569
NW_001834492.1 Vanderwaltozyma polyspora DSM 70294 KpolScaffold199 genomic scaffold, whole genome shotgun sequence	9052	0.175738845493497	0.244603444094106	0.0543747996637348
NW_001834493.1 Vanderwaltozyma polyspora DSM 70294 KpolScaffold301 genomic scaffold, whole genome shotgun sequence	9216	0.793547268213248	0.0293475624545234	0.0320650151003083
NW_001834494.1 Vanderwaltozyma polyspora DSM 70294 KpolScaffold197 genomic scaffold, whole genome shotgun sequence	9256	0.470558641409061	0.0959252971137521	0.0320650151003083
NW_001834495.1 Vanderwaltozyma polyspora DSM 70294 KpolScaffold218 genomic scaffold, whole genome shotgun sequence	9972	0.748436016251985	0.036745088527771	0.0320650151003083
NW_001834496.1 Vanderwaltozyma polyspora DSM 70294 KpolScaffold249 genomic scaffold, whole genome shotgun sequence	10208	0.998537608647442	0.000485083676934271	0.00346413572473472
NW_001834497.1 Vanderwaltozyma polyspora DSM 70294 KpolScaffold227 genomic scaffold, whole genome shotgun sequence	10283	0.177319364488196	0.243390734901771	0.0543165656214265
NW_001834498.1 Vanderwaltozyma polyspora DSM 70294 KpolScaffold221 genomic scaffold, whole genome shotgun sequence	10444	0.858528278975646	0.0198884307543051	0.0320650151003083
NW_001834499.1 Vanderwaltozyma polyspora DSM 70294 KpolScaffold233 genomic scaffold, whole genome shotgun sequence	10842	0.409327549082432	0.116541353383459	0.0329607369452482
NW_001834500.1 Vanderwaltozyma polyspora DSM 70294 KpolScaffold234 genomic scaffold, whole genome shotgun sequence	10895	0.572567641705878	0.0717923841862721	0.0320650151003083
NW_001834501.1 Vanderwaltozyma polyspora DSM 70294 KpolScaffold206 genomic scaffold, whole genome shotgun sequence	11031	0.679926663617141	0.0494785350472957	0.0320650151003083
NW_001834502.1 Vanderwaltozyma polyspora DSM 70294 KpolScaffold228 genomic scaffold, whole genome shotgun sequence	11328	0.473515972748376	0.0949551297598836	0.0320650151003083
NW_001834503.1 Vanderwaltozyma polyspora DSM 70294 KpolScaffold224 genomic scaffold, whole genome shotgun sequence	11430	0.112597910817829	0.316153286441911	0.0681585044104407
NW_001834504.1 Vanderwaltozyma polyspora DSM 70294 KpolScaffold351 genomic scaffold, whole genome shotgun sequence	11658	0.627372952158726	0.0605141886975503	0.0320650151003083
NW_001834505.1 Vanderwaltozyma polyspora DSM 70294 KpolScaffold248 genomic scaffold, whole genome shotgun sequence	12105	0.338253832227489	0.143584768372544	0.0367660271585178
NW_001834506.1 Vanderwaltozyma polyspora DSM 70294 KpolScaffold260 genomic scaffold, whole genome shotgun sequence	12170	0.751878147961908	0.036745088527771	0.0320650151003083
NW_001834507.1 Vanderwaltozyma polyspora DSM 70294 KpolScaffold272 genomic scaffold, whole genome shotgun sequence	12788	0.222336196361136	0.205554208100897	0.0475442109589096
NW_001834508.1 Vanderwaltozyma polyspora DSM 70294 KpolScaffold223 genomic scaffold, whole genome shotgun sequence	12874	0.402375770056667	0.119815668202765	0.0337198630151517
NW_001834509.1 Vanderwaltozyma polyspora DSM 70294 KpolScaffold222 genomic scaffold, whole genome shotgun sequence	13164	0.596175375341846	0.067062818336163	0.0320650151003083
NW_001834510.1 Vanderwaltozyma polyspora DSM 70294 KpolScaffold219 genomic scaffold, whole genome shotgun sequence	13296	0.478753917096229	0.093984962406015	0.0320650151003083
NW_001834511.1 Vanderwaltozyma polyspora DSM 70294 KpolScaffold252 genomic scaffold, whole genome shotgun sequence	13541	0.94252361003141	0.00824642250788261	0.0277130857978777
NW_001834512.1 Vanderwaltozyma polyspora DSM 70294 KpolScaffold251 genomic scaffold, whole genome shotgun sequence	13719	0.353823519552542	0.136551055056997	0.0354601529641026
NW_001834513.1 Vanderwaltozyma polyspora DSM 70294 KpolScaffold242 genomic scaffold, whole genome shotgun sequence	14051	0.769245610930318	0.0334707737084647	0.0320650151003083
NW_001834514.1 Vanderwaltozyma polyspora DSM 70294 KpolScaffold243 genomic scaffold, whole genome shotgun sequence	14109	0.664472424959029	0.0523890371089013	0.0320650151003083
NW_001834515.1 Vanderwaltozyma polyspora DSM 70294 KpolScaffold327 genomic scaffold, whole genome shotgun sequence	14157	2.06545204643278e-05	0.999151103565365	0.203237514441198
NW_001834516.1 Vanderwaltozyma polyspora DSM 70294 KpolScaffold250 genomic scaffold, whole genome shotgun sequence	14343	0.452855204926765	0.102595197671598	0.0320650151003083
NW_001834517.1 Vanderwaltozyma polyspora DSM 70294 KpolScaffold293 genomic scaffold, whole genome shotgun sequence	14511	0.000133953619400962	0.991874848411351	0.203237514441198
NW_001834518.1 Vanderwaltozyma polyspora DSM 70294 KpolScaffold281 genomic scaffold, whole genome shotgun sequence	14886	0.207915974366511	0.217802570943488	0.04982036985744
NW_001834519.1 Vanderwaltozyma polyspora DSM 70294 KpolScaffold257 genomic scaffold, whole genome shotgun sequence	15628	0.394193172883269	0.12236235750667	0.0341006141098276
NW_001834520.1 Vanderwaltozyma polyspora DSM 70294 KpolScaffold286 genomic scaffold, whole genome shotgun sequence	15723	0.308668870104318	0.158016007761339	0.03857520629069
NW_001834521.1 Vanderwaltozyma polyspora DSM 70294 KpolScaffold278 genomic scaffold, whole genome shotgun sequence	15884	0.679130562633875	0.0494785350472957	0.0320650151003083
NW_001834522.1 Vanderwaltozyma polyspora DSM 70294 KpolScaffold274 genomic scaffold, whole genome shotgun sequence	16049	0.564129910399689	0.0736114479747756	0.0320650151003083
NW_001834523.1 Vanderwaltozyma polyspora DSM 70294 KpolScaffold265 genomic scaffold, whole genome shotgun sequence	16384	0.706685493553685	0.0445064273587194	0.0320650151003083
NW_001834524.1 Vanderwaltozyma polyspora DSM 70294 KpolScaffold267 genomic scaffold, whole genome shotgun sequence	16449	0.287662811054691	0.167475139461557	0.0402014406374676
NW_001834525.1 Vanderwaltozyma polyspora DSM 70294 KpolScaffold246 genomic scaffold, whole genome shotgun sequence	16792	0.519997956267719	0.0830705796749939	0.0320650151003083
NW_001834526.1 Vanderwaltozyma polyspora DSM 70294 KpolScaffold259 genomic scaffold, whole genome shotgun sequence	16948	0.478996201108085	0.093984962406015	0.0320650151003083
NW_001834527.1 Vanderwaltozyma polyspora DSM 70294 KpolScaffold544 genomic scaffold, whole genome shotgun sequence	17071	0.361590206618845	0.133640552995392	0.0351841250567527
NW_001834528.1 Vanderwaltozyma polyspora DSM 70294 KpolScaffold298 genomic scaffold, whole genome shotgun sequence	17779	0.631751099161791	0.0594227504244482	0.0320650151003083
NW_001834529.1 Vanderwaltozyma polyspora DSM 70294 KpolScaffold284 genomic scaffold, whole genome shotgun sequence	17853	0.715694121151371	0.0428086344894494	0.0320650151003083
NW_001834530.1 Vanderwaltozyma polyspora DSM 70294 KpolScaffold292 genomic scaffold, whole genome shotgun sequence	18161	0.523873180368085	0.0825854959980597	0.0320650151003083
NW_001834531.1 Vanderwaltozyma polyspora DSM 70294 KpolScaffold361 genomic scaffold, whole genome shotgun sequence	18648	0.37537525298453	0.128547174387582	0.0341902139901723
NW_001834532.1 Vanderwaltozyma polyspora DSM 70294 KpolScaffold269 genomic scaffold, whole genome shotgun sequence	18769	0.320120872988246	0.153407712830463	0.0377769973430122
NW_001834533.1 Vanderwaltozyma polyspora DSM 70294 KpolScaffold289 genomic scaffold, whole genome shotgun sequence	18908	0.566749371230651	0.0728838224593742	0.0320650151003083
NW_001834534.1 Vanderwaltozyma polyspora DSM 70294 KpolScaffold337 genomic scaffold, whole genome shotgun sequence	19013	0.268438021341095	0.17911714770798	0.0422853592184561
NW_001834535.1 Vanderwaltozyma polyspora DSM 70294 KpolScaffold332 genomic scaffold, whole genome shotgun sequence	19167	0.0071590892106712	0.771283046325491	0.159651472531252
NW_001834536.1 Vanderwaltozyma polyspora DSM 70294 KpolScaffold295 genomic scaffold, whole genome shotgun sequence	19219	0.282387464627215	0.172447247150133	0.0412217656951695
NW_001834537.1 Vanderwaltozyma polyspora DSM 70294 KpolScaffold331 genomic scaffold, whole genome shotgun sequence	19430	0.431377020767987	0.109265098229445	0.0320650151003083
NW_001834538.1 Vanderwaltozyma polyspora DSM 70294 KpolScaffold324 genomic scaffold, whole genome shotgun sequence	19610	0.929331679243264	0.0100654862963861	0.0302656068582085
NW_001834539.1 Vanderwaltozyma polyspora DSM 70294 KpolScaffold262 genomic scaffold, whole genome shotgun sequence	19769	0.543746049073867	0.0780984719864177	0.0320650151003083
NW_001834540.1 Vanderwaltozyma polyspora DSM 70294 KpolScaffold303 genomic scaffold, whole genome shotgun sequence	19955	0.337018496936957	0.144191122968712	0.0367660271585178
NW_001834541.1 Vanderwaltozyma polyspora DSM 70294 KpolScaffold304 genomic scaffold, whole genome shotgun sequence	20071	0.525443748019198	0.0821004123211254	0.0320650151003083
NW_001834542.1 Vanderwaltozyma polyspora DSM 70294 KpolScaffold264 genomic scaffold, whole genome shotgun sequence	20275	0.206046393262816	0.219621634731991	0.04982036985744
NW_001834543.1 Vanderwaltozyma polyspora DSM 70294 KpolScaffold322 genomic scaffold, whole genome shotgun sequence	20504	0.692349456452406	0.047416929420325	0.0320650151003083
NW_001834544.1 Vanderwaltozyma polyspora DSM 70294 KpolScaffold309 genomic scaffold, whole genome shotgun sequence	20734	0.556586755845087	0.0754305117632792	0.0320650151003083
NW_001834545.1 Vanderwaltozyma polyspora DSM 70294 KpolScaffold299 genomic scaffold, whole genome shotgun sequence	21320	0.627144097585767	0.0607567305360175	0.0320650151003083
NW_001834546.1 Vanderwaltozyma polyspora DSM 70294 KpolScaffold328 genomic scaffold, whole genome shotgun sequence	21387	0.545874353091234	0.0778559301479505	0.0320650151003083
NW_001834547.1 Vanderwaltozyma polyspora DSM 70294 KpolScaffold340 genomic scaffold, whole genome shotgun sequence	21590	0.212930330402567	0.212951734174145	0.0490566317147916
NW_001834548.1 Vanderwaltozyma polyspora DSM 70294 KpolScaffold325 genomic scaffold, whole genome shotgun sequence	22086	0.764036395513144	0.0345622119815668	0.0320650151003083
NW_001834549.1 Vanderwaltozyma polyspora DSM 70294 KpolScaffold282 genomic scaffold, whole genome shotgun sequence	22096	0.700543089345995	0.0458404074702886	0.0320650151003083
NW_001834550.1 Vanderwaltozyma polyspora DSM 70294 KpolScaffold344 genomic scaffold, whole genome shotgun sequence	23637	0.537529718202913	0.0795537230172205	0.0320650151003083
NW_001834551.1 Vanderwaltozyma polyspora DSM 70294 KpolScaffold1068 genomic scaffold, whole genome shotgun sequence	23738	0.605598343236758	0.0657288382245937	0.0320650151003083
NW_001834552.1 Vanderwaltozyma polyspora DSM 70294 KpolScaffold381 genomic scaffold, whole genome shotgun sequence	23916	0.685373582740703	0.0486296386126607	0.0320650151003083
NW_001834553.1 Vanderwaltozyma polyspora DSM 70294 KpolScaffold316 genomic scaffold, whole genome shotgun sequence	23959	0.655463628268108	0.0544506427358719	0.0320650151003083
NW_001834554.1 Vanderwaltozyma polyspora DSM 70294 KpolScaffold311 genomic scaffold, whole genome shotgun sequence	23984	0.152381245655376	0.266432209556148	0.0587699319478159
NW_001834555.1 Vanderwaltozyma polyspora DSM 70294 KpolScaffold1075 genomic scaffold, whole genome shotgun sequence	24938	0.375669984239017	0.128425903468348	0.0341902139901723
NW_001834556.1 Vanderwaltozyma polyspora DSM 70294 KpolScaffold333 genomic scaffold, whole genome shotgun sequence	25325	0.499378405132321	0.0878001455251031	0.0320650151003083
NW_001834557.1 Vanderwaltozyma polyspora DSM 70294 KpolScaffold297 genomic scaffold, whole genome shotgun sequence	25525	0.412146213908484	0.115692456948824	0.0328834376258401
NW_001834558.1 Vanderwaltozyma polyspora DSM 70294 KpolScaffold354 genomic scaffold, whole genome shotgun sequence	25572	0.115257301865836	0.311787533349503	0.0674719162749467
NW_001834559.1 Vanderwaltozyma polyspora DSM 70294 KpolScaffold312 genomic scaffold, whole genome shotgun sequence	25586	0.143344984165187	0.276376424933301	0.0607289639743878
NW_001834560.1 Vanderwaltozyma polyspora DSM 70294 KpolScaffold370 genomic scaffold, whole genome shotgun sequence	25671	0.565645859077236	0.0733689061363085	0.0320650151003083
NW_001834561.1 Vanderwaltozyma polyspora DSM 70294 KpolScaffold358 genomic scaffold, whole genome shotgun sequence	26258	0.343700454118542	0.140916808149406	0.0362641956048806
NW_001834562.1 Vanderwaltozyma polyspora DSM 70294 KpolScaffold378 genomic scaffold, whole genome shotgun sequence	26758	0.126115251019485	0.297113752122241	0.0647872711877867
NW_001834563.1 Vanderwaltozyma polyspora DSM 70294 KpolScaffold406 genomic scaffold, whole genome shotgun sequence	26924	0.964507753867082	0.00569973320397769	0.0203517973828165
NW_001834564.1 Vanderwaltozyma polyspora DSM 70294 KpolScaffold1076 genomic scaffold, whole genome shotgun sequence	27398	0.632571416939675	0.0593014795052147	0.0320650151003083
NW_001834565.1 Vanderwaltozyma polyspora DSM 70294 KpolScaffold462 genomic scaffold, whole genome shotgun sequence	27508	0.555310113429462	0.0757943245209799	0.0320650151003083
NW_001834566.1 Vanderwaltozyma polyspora DSM 70294 KpolScaffold339 genomic scaffold, whole genome shotgun sequence	27793	0.687048619336229	0.0481445549357264	0.0320650151003083
NW_001834567.1 Vanderwaltozyma polyspora DSM 70294 KpolScaffold364 genomic scaffold, whole genome shotgun sequence	27822	0.377556861892157	0.127577007033713	0.0341902139901723
NW_001834568.1 Vanderwaltozyma polyspora DSM 70294 KpolScaffold359 genomic scaffold, whole genome shotgun sequence	28311	0.654587369030504	0.0545719136551055	0.0320650151003083
NW_001834569.1 Vanderwaltozyma polyspora DSM 70294 KpolScaffold345 genomic scaffold, whole genome shotgun sequence	28315	0.385672977917218	0.125151588649042	0.0341902139901723
NW_001834570.1 Vanderwaltozyma polyspora DSM 70294 KpolScaffold363 genomic scaffold, whole genome shotgun sequence	28319	0.712983987627674	0.0434149890856173	0.0320650151003083
NW_001834571.1 Vanderwaltozyma polyspora DSM 70294 KpolScaffold1012 genomic scaffold, whole genome shotgun sequence	28579	0.600721573062498	0.0664564637399952	0.0320650151003083
NW_001834572.1 Vanderwaltozyma polyspora DSM 70294 KpolScaffold380 genomic scaffold, whole genome shotgun sequence	28649	0.634106966597536	0.0589376667475139	0.0320650151003083
NW_001834573.1 Vanderwaltozyma polyspora DSM 70294 KpolScaffold348 genomic scaffold, whole genome shotgun sequence	29376	0.701788599843355	0.0454765947125879	0.0320650151003083
NW_001834574.1 Vanderwaltozyma polyspora DSM 70294 KpolScaffold433 genomic scaffold, whole genome shotgun sequence	30809	0.161721706955708	0.258549599805967	0.057252227636701
NW_001834575.1 Vanderwaltozyma polyspora DSM 70294 KpolScaffold1005 genomic scaffold, whole genome shotgun sequence	31584	0.548412720369519	0.0771283046325491	0.0320650151003083
NW_001834576.1 Vanderwaltozyma polyspora DSM 70294 KpolScaffold355 genomic scaffold, whole genome shotgun sequence	31734	0.808247442012489	0.0270434149890856	0.0320650151003083
NW_001834577.1 Vanderwaltozyma polyspora DSM 70294 KpolScaffold385 genomic scaffold, whole genome shotgun sequence	31772	0.32624892044917	0.150133398011157	0.0371307361664206
NW_001834578.1 Vanderwaltozyma polyspora DSM 70294 KpolScaffold408 genomic scaffold, whole genome shotgun sequence	32368	0.993778772969061	0.00157652195003638	0.00750562740359188
NW_001834579.1 Vanderwaltozyma polyspora DSM 70294 KpolScaffold365 genomic scaffold, whole genome shotgun sequence	32847	0.274580236165078	0.176813000242542	0.0419146048685745
NW_001834580.1 Vanderwaltozyma polyspora DSM 70294 KpolScaffold388 genomic scaffold, whole genome shotgun sequence	33601	0.553328734655503	0.0762794081979141	0.0320650151003083
NW_001834581.1 Vanderwaltozyma polyspora DSM 70294 KpolScaffold414 genomic scaffold, whole genome shotgun sequence	33816	0.380380708111846	0.126728110599078	0.0341902139901723
NW_001834582.1 Vanderwaltozyma polyspora DSM 70294 KpolScaffold387 genomic scaffold, whole genome shotgun sequence	33846	0.326697981274544	0.149769585253456	0.0371307361664206
NW_001834583.1 Vanderwaltozyma polyspora DSM 70294 KpolScaffold376 genomic scaffold, whole genome shotgun sequence	33871	0.621366176711933	0.0620907106475867	0.0320650151003083
NW_001834584.1 Vanderwaltozyma polyspora DSM 70294 KpolScaffold400 genomic scaffold, whole genome shotgun sequence	34809	0.600785709894164	0.0664564637399952	0.0320650151003083
NW_001834585.1 Vanderwaltozyma polyspora DSM 70294 KpolScaffold1007 genomic scaffold, whole genome shotgun sequence	35052	0.377219637724533	0.127698277952947	0.0341902139901723
NW_001834586.1 Vanderwaltozyma polyspora DSM 70294 KpolScaffold392 genomic scaffold, whole genome shotgun sequence	35922	0.37485749487974	0.128668445306815	0.0341902139901723
NW_001834587.1 Vanderwaltozyma polyspora DSM 70294 KpolScaffold367 genomic scaffold, whole genome shotgun sequence	36743	0.369617657420478	0.130366238176085	0.0344809805934242
NW_001834588.1 Vanderwaltozyma polyspora DSM 70294 KpolScaffold411 genomic scaffold, whole genome shotgun sequence	37766	0.492682597726407	0.0899830220713073	0.0320650151003083
NW_001834589.1 Vanderwaltozyma polyspora DSM 70294 KpolScaffold431 genomic scaffold, whole genome shotgun sequence	39414	0.5305195862411	0.0811302449672568	0.0320650151003083
NW_001834590.1 Vanderwaltozyma polyspora DSM 70294 KpolScaffold416 genomic scaffold, whole genome shotgun sequence	40440	0.700850540626135	0.0458404074702886	0.0320650151003083
NW_001834591.1 Vanderwaltozyma polyspora DSM 70294 KpolScaffold1071 genomic scaffold, whole genome shotgun sequence	40601	0.359912862398572	0.134368178510793	0.0352134163578538
NW_001834592.1 Vanderwaltozyma polyspora DSM 70294 KpolScaffold1046 genomic scaffold, whole genome shotgun sequence	41329	0.476779047863864	0.0942275042444822	0.0320650151003083
NW_001834593.1 Vanderwaltozyma polyspora DSM 70294 KpolScaffold413 genomic scaffold, whole genome shotgun sequence	41853	0.605358532406112	0.0658501091438273	0.0320650151003083
NW_001834594.1 Vanderwaltozyma polyspora DSM 70294 KpolScaffold397 genomic scaffold, whole genome shotgun sequence	42151	0.506071470305583	0.0861023526558331	0.0320650151003083
NW_001834595.1 Vanderwaltozyma polyspora DSM 70294 KpolScaffold440 genomic scaffold, whole genome shotgun sequence	42410	0.576098509101182	0.0709434877516372	0.0320650151003083
NW_001834596.1 Vanderwaltozyma polyspora DSM 70294 KpolScaffold1017 genomic scaffold, whole genome shotgun sequence	42915	0.521185750189361	0.0830705796749939	0.0320650151003083
NW_001834597.1 Vanderwaltozyma polyspora DSM 70294 KpolScaffold1069 genomic scaffold, whole genome shotgun sequence	43128	0.519926625972634	0.0830705796749939	0.0320650151003083
NW_001834598.1 Vanderwaltozyma polyspora DSM 70294 KpolScaffold401 genomic scaffold, whole genome shotgun sequence	43242	0.531583712109535	0.0807664322095561	0.0320650151003083
NW_001834599.1 Vanderwaltozyma polyspora DSM 70294 KpolScaffold458 genomic scaffold, whole genome shotgun sequence	43334	0.675581430524168	0.0506912442396313	0.0320650151003083
NW_001834600.1 Vanderwaltozyma polyspora DSM 70294 KpolScaffold423 genomic scaffold, whole genome shotgun sequence	43577	0.432945648368586	0.108658743633277	0.0320650151003083
NW_001834601.1 Vanderwaltozyma polyspora DSM 70294 KpolScaffold1029 genomic scaffold, whole genome shotgun sequence	45467	0.472696840039891	0.0953189425175843	0.0320650151003083
NW_001834602.1 Vanderwaltozyma polyspora DSM 70294 KpolScaffold461 genomic scaffold, whole genome shotgun sequence	45825	0.595339615749583	0.0673053601746301	0.0320650151003083
NW_001834603.1 Vanderwaltozyma polyspora DSM 70294 KpolScaffold455 genomic scaffold, whole genome shotgun sequence	45846	0.466227523009373	0.0978656318214892	0.0320650151003083
NW_001834604.1 Vanderwaltozyma polyspora DSM 70294 KpolScaffold449 genomic scaffold, whole genome shotgun sequence	47537	0.496404524779038	0.0893766674751395	0.0320650151003083
NW_001834605.1 Vanderwaltozyma polyspora DSM 70294 KpolScaffold1038 genomic scaffold, whole genome shotgun sequence	48125	0.30358030578311	0.159349987872908	0.03857520629069
NW_001834606.1 Vanderwaltozyma polyspora DSM 70294 KpolScaffold448 genomic scaffold, whole genome shotgun sequence	48394	0.499007936868023	0.0881639582828038	0.0320650151003083
NW_001834607.1 Vanderwaltozyma polyspora DSM 70294 KpolScaffold1011 genomic scaffold, whole genome shotgun sequence	48431	0.464102124473587	0.0988357991753577	0.0320650151003083
NW_001834608.1 Vanderwaltozyma polyspora DSM 70294 KpolScaffold457 genomic scaffold, whole genome shotgun sequence	48939	0.465002419589333	0.098471986417657	0.0320650151003083
NW_001834609.1 Vanderwaltozyma polyspora DSM 70294 KpolScaffold460 genomic scaffold, whole genome shotgun sequence	52511	0.495852791862199	0.089497938394373	0.0320650151003083
NW_001834610.1 Vanderwaltozyma polyspora DSM 70294 KpolScaffold1063 genomic scaffold, whole genome shotgun sequence	52686	0.432720580543803	0.109022556390977	0.0320650151003083
NW_001834611.1 Vanderwaltozyma polyspora DSM 70294 KpolScaffold1015 genomic scaffold, whole genome shotgun sequence	53052	0.33666295326423	0.14479747756488	0.0367660271585178
NW_001834612.1 Vanderwaltozyma polyspora DSM 70294 KpolScaffold1027 genomic scaffold, whole genome shotgun sequence	55062	0.626925930610771	0.0607567305360175	0.0320650151003083
NW_001834613.1 Vanderwaltozyma polyspora DSM 70294 KpolScaffold463 genomic scaffold, whole genome shotgun sequence	56213	0.550965937245364	0.0765219500363813	0.0320650151003083
NW_001834614.1 Vanderwaltozyma polyspora DSM 70294 KpolScaffold472 genomic scaffold, whole genome shotgun sequence	56254	0.423934127001419	0.111205432937182	0.0320650151003083
NW_001834615.1 Vanderwaltozyma polyspora DSM 70294 KpolScaffold467 genomic scaffold, whole genome shotgun sequence	56632	0.641352681719823	0.057239873878244	0.0320650151003083
NW_001834616.1 Vanderwaltozyma polyspora DSM 70294 KpolScaffold479 genomic scaffold, whole genome shotgun sequence	61155	0.586114633547008	0.0690031530439001	0.0320650151003083
NW_001834617.1 Vanderwaltozyma polyspora DSM 70294 KpolScaffold1042 genomic scaffold, whole genome shotgun sequence	61499	0.716280092234557	0.0428086344894494	0.0320650151003083
NW_001834618.1 Vanderwaltozyma polyspora DSM 70294 KpolScaffold487 genomic scaffold, whole genome shotgun sequence	62156	0.562619823897256	0.0739752607324764	0.0320650151003083
NW_001834619.1 Vanderwaltozyma polyspora DSM 70294 KpolScaffold483 genomic scaffold, whole genome shotgun sequence	62465	0.54129374192306	0.0784622847441184	0.0320650151003083
NW_001834620.1 Vanderwaltozyma polyspora DSM 70294 KpolScaffold1006 genomic scaffold, whole genome shotgun sequence	63869	0.327564030906726	0.149405772495756	0.0371307361664206
NW_001834621.1 Vanderwaltozyma polyspora DSM 70294 KpolScaffold489 genomic scaffold, whole genome shotgun sequence	63955	0.459764817778636	0.100776133883095	0.0320650151003083
NW_001834622.1 Vanderwaltozyma polyspora DSM 70294 KpolScaffold473 genomic scaffold, whole genome shotgun sequence	64398	0.440836952584835	0.105626970652438	0.0320650151003083
NW_001834623.1 Vanderwaltozyma polyspora DSM 70294 KpolScaffold1008 genomic scaffold, whole genome shotgun sequence	64780	0.376271695274643	0.128304632549115	0.0341902139901723
NW_001834624.1 Vanderwaltozyma polyspora DSM 70294 KpolScaffold1000 genomic scaffold, whole genome shotgun sequence	66667	0.332731577090387	0.146373999514916	0.0368388706586325
NW_001834625.1 Vanderwaltozyma polyspora DSM 70294 KpolScaffold1073 genomic scaffold, whole genome shotgun sequence	67039	0.609051692751141	0.0651224836284259	0.0320650151003083
NW_001834626.1 Vanderwaltozyma polyspora DSM 70294 KpolScaffold1049 genomic scaffold, whole genome shotgun sequence	68348	0.430668318593432	0.109507640067912	0.0320650151003083
NW_001834627.1 Vanderwaltozyma polyspora DSM 70294 KpolScaffold478 genomic scaffold, whole genome shotgun sequence	69675	0.445150506821717	0.104778074217803	0.0320650151003083
NW_001834628.1 Vanderwaltozyma polyspora DSM 70294 KpolScaffold1040 genomic scaffold, whole genome shotgun sequence	70927	0.630976478139898	0.0596652922629154	0.0320650151003083
NW_001834629.1 Vanderwaltozyma polyspora DSM 70294 KpolScaffold1057 genomic scaffold, whole genome shotgun sequence	72975	0.44057562229159	0.105626970652438	0.0320650151003083
NW_001834630.1 Vanderwaltozyma polyspora DSM 70294 KpolScaffold507 genomic scaffold, whole genome shotgun sequence	73171	0.97277100415686	0.00460829493087558	0.0188053082199885
NW_001834631.1 Vanderwaltozyma polyspora DSM 70294 KpolScaffold1009 genomic scaffold, whole genome shotgun sequence	74194	0.442076134903296	0.10538442881397	0.0320650151003083
NW_001834632.1 Vanderwaltozyma polyspora DSM 70294 KpolScaffold1019 genomic scaffold, whole genome shotgun sequence	75256	0.465947434818396	0.0979869027407228	0.0320650151003083
NW_001834633.1 Vanderwaltozyma polyspora DSM 70294 KpolScaffold480 genomic scaffold, whole genome shotgun sequence	75770	0.569462097836142	0.0722774678632064	0.0320650151003083
NW_001834634.1 Vanderwaltozyma polyspora DSM 70294 KpolScaffold1044 genomic scaffold, whole genome shotgun sequence	79116	0.520659087915558	0.0830705796749939	0.0320650151003083
NW_001834635.1 Vanderwaltozyma polyspora DSM 70294 KpolScaffold499 genomic scaffold, whole genome shotgun sequence	81173	0.62090373590855	0.0620907106475867	0.0320650151003083
NW_001834636.1 Vanderwaltozyma polyspora DSM 70294 KpolScaffold495 genomic scaffold, whole genome shotgun sequence	82328	0.500039776236316	0.0876788746058695	0.0320650151003083
NW_001834637.1 Vanderwaltozyma polyspora DSM 70294 KpolScaffold1067 genomic scaffold, whole genome shotgun sequence	82608	0.550411630314917	0.0767644918748484	0.0320650151003083
NW_001834638.1 Vanderwaltozyma polyspora DSM 70294 KpolScaffold1016 genomic scaffold, whole genome shotgun sequence	83401	0.470830930311182	0.0959252971137521	0.0320650151003083
NW_001834639.1 Vanderwaltozyma polyspora DSM 70294 KpolScaffold1001 genomic scaffold, whole genome shotgun sequence	83774	0.471114752159762	0.0958040261945186	0.0320650151003083
NW_001834640.1 Vanderwaltozyma polyspora DSM 70294 KpolScaffold1070 genomic scaffold, whole genome shotgun sequence	83912	0.569282005932387	0.0722774678632064	0.0320650151003083
NW_001834641.1 Vanderwaltozyma polyspora DSM 70294 KpolScaffold1026 genomic scaffold, whole genome shotgun sequence	83972	0.547877210634405	0.0774921173902498	0.0320650151003083
NW_001834642.1 Vanderwaltozyma polyspora DSM 70294 KpolScaffold1014 genomic scaffold, whole genome shotgun sequence	86883	0.693960687684356	0.0469318457433907	0.0320650151003083
NW_001834643.1 Vanderwaltozyma polyspora DSM 70294 KpolScaffold505 genomic scaffold, whole genome shotgun sequence	96785	0.60295267794743	0.0663351928207616	0.0320650151003083
NW_001834644.1 Vanderwaltozyma polyspora DSM 70294 KpolScaffold1053 genomic scaffold, whole genome shotgun sequence	97716	0.613452564584476	0.0641523162745574	0.0320650151003083
NW_001834645.1 Vanderwaltozyma polyspora DSM 70294 KpolScaffold1059 genomic scaffold, whole genome shotgun sequence	100066	0.422678526392733	0.111690516614116	0.0320650151003083
NW_001834646.1 Vanderwaltozyma polyspora DSM 70294 KpolScaffold1051 genomic scaffold, whole genome shotgun sequence	103455	0.39432913561293	0.12236235750667	0.0341006141098276
NW_001834647.1 Vanderwaltozyma polyspora DSM 70294 KpolScaffold1030 genomic scaffold, whole genome shotgun sequence	104797	0.527917999482605	0.0817365995634247	0.0320650151003083
NW_001834648.1 Vanderwaltozyma polyspora DSM 70294 KpolScaffold1066 genomic scaffold, whole genome shotgun sequence	106369	0.582533985821846	0.0694882367208343	0.0320650151003083
NW_001834649.1 Vanderwaltozyma polyspora DSM 70294 KpolScaffold513 genomic scaffold, whole genome shotgun sequence	107461	0.579475024105294	0.0699733203977686	0.0320650151003083
NW_001834650.1 Vanderwaltozyma polyspora DSM 70294 KpolScaffold1064 genomic scaffold, whole genome shotgun sequence	110187	0.687585550293371	0.0480232840164928	0.0320650151003083
NW_001834651.1 Vanderwaltozyma polyspora DSM 70294 KpolScaffold520 genomic scaffold, whole genome shotgun sequence	112699	0.540055233392205	0.0788260975018191	0.0320650151003083
NW_001834652.1 Vanderwaltozyma polyspora DSM 70294 KpolScaffold529 genomic scaffold, whole genome shotgun sequence	121026	0.122522452302394	0.301722047053117	0.0655419747767299
NW_001834653.1 Vanderwaltozyma polyspora DSM 70294 KpolScaffold1052 genomic scaffold, whole genome shotgun sequence	123255	0.388026160507981	0.124787775891341	0.0341902139901723
NW_001834654.1 Vanderwaltozyma polyspora DSM 70294 KpolScaffold1003 genomic scaffold, whole genome shotgun sequence	124967	0.508621404766275	0.085010914382731	0.0320650151003083
NW_001834655.1 Vanderwaltozyma polyspora DSM 70294 KpolScaffold526 genomic scaffold, whole genome shotgun sequence	124983	0.592599546828312	0.067911714770798	0.0320650151003083
NW_001834656.1 Vanderwaltozyma polyspora DSM 70294 KpolScaffold1056 genomic scaffold, whole genome shotgun sequence	125449	0.450139592990441	0.103565365025467	0.0320650151003083
NW_001834657.1 Vanderwaltozyma polyspora DSM 70294 KpolScaffold1024 genomic scaffold, whole genome shotgun sequence	126622	0.529938206235702	0.0812515158864904	0.0320650151003083
NW_001834658.1 Vanderwaltozyma polyspora DSM 70294 KpolScaffold1020 genomic scaffold, whole genome shotgun sequence	127523	0.461553952921889	0.100169779286927	0.0320650151003083
NW_001834659.1 Vanderwaltozyma polyspora DSM 70294 KpolScaffold1041 genomic scaffold, whole genome shotgun sequence	129766	0.55866959540118	0.075187969924812	0.0320650151003083
NW_001834660.1 Vanderwaltozyma polyspora DSM 70294 KpolScaffold1065 genomic scaffold, whole genome shotgun sequence	130627	0.461331342033985	0.100169779286927	0.0320650151003083
NW_001834661.1 Vanderwaltozyma polyspora DSM 70294 KpolScaffold530 genomic scaffold, whole genome shotgun sequence	130961	0.60334846477976	0.066213921901528	0.0320650151003083
NW_001834662.1 Vanderwaltozyma polyspora DSM 70294 KpolScaffold1025 genomic scaffold, whole genome shotgun sequence	134739	0.435957529902673	0.107324763521708	0.0320650151003083
NW_001834663.1 Vanderwaltozyma polyspora DSM 70294 KpolScaffold1072 genomic scaffold, whole genome shotgun sequence	136285	0.492662382029791	0.0899830220713073	0.0320650151003083
NW_001834664.1 Vanderwaltozyma polyspora DSM 70294 KpolScaffold1035 genomic scaffold, whole genome shotgun sequence	136755	0.487755257895834	0.0909531894251758	0.0320650151003083
NW_001834665.1 Vanderwaltozyma polyspora DSM 70294 KpolScaffold538 genomic scaffold, whole genome shotgun sequence	139275	0.459981380706025	0.100776133883095	0.0320650151003083
NW_001834666.1 Vanderwaltozyma polyspora DSM 70294 KpolScaffold1062 genomic scaffold, whole genome shotgun sequence	141921	0.439953137657728	0.105990783410138	0.0320650151003083
NW_001834667.1 Vanderwaltozyma polyspora DSM 70294 KpolScaffold1060 genomic scaffold, whole genome shotgun sequence	144612	0.484309176911371	0.0918020858598108	0.0320650151003083
NW_001834668.1 Vanderwaltozyma polyspora DSM 70294 KpolScaffold1037 genomic scaffold, whole genome shotgun sequence	150719	0.595446094897733	0.0673053601746301	0.0320650151003083
NW_001834669.1 Vanderwaltozyma polyspora DSM 70294 KpolScaffold1058 genomic scaffold, whole genome shotgun sequence	153710	0.789575102258722	0.0301964588891584	0.0320650151003083
NW_001834670.1 Vanderwaltozyma polyspora DSM 70294 KpolScaffold534 genomic scaffold, whole genome shotgun sequence	156271	0.524475999393773	0.0823429541595925	0.0320650151003083
NW_001834671.1 Vanderwaltozyma polyspora DSM 70294 KpolScaffold1061 genomic scaffold, whole genome shotgun sequence	156754	0.613640701912558	0.0641523162745574	0.0320650151003083
NW_001834672.1 Vanderwaltozyma polyspora DSM 70294 KpolScaffold1004 genomic scaffold, whole genome shotgun sequence	163201	0.49891824477772	0.0881639582828038	0.0320650151003083
NW_001834673.1 Vanderwaltozyma polyspora DSM 70294 KpolScaffold1033 genomic scaffold, whole genome shotgun sequence	164557	0.644023872543002	0.0569973320397769	0.0320650151003083
NW_001834674.1 Vanderwaltozyma polyspora DSM 70294 KpolScaffold541 genomic scaffold, whole genome shotgun sequence	171365	0.50764180369993	0.0853747271404317	0.0320650151003083
NW_001834675.1 Vanderwaltozyma polyspora DSM 70294 KpolScaffold1043 genomic scaffold, whole genome shotgun sequence	172593	0.693924096745842	0.0469318457433907	0.0320650151003083
NW_001834676.1 Vanderwaltozyma polyspora DSM 70294 KpolScaffold1010 genomic scaffold, whole genome shotgun sequence	185761	0.442820412120241	0.105263157894737	0.0320650151003083
NW_001834677.1 Vanderwaltozyma polyspora DSM 70294 KpolScaffold1054 genomic scaffold, whole genome shotgun sequence	196969	0.593544448892298	0.067911714770798	0.0320650151003083
NW_001834678.1 Vanderwaltozyma polyspora DSM 70294 KpolScaffold1045 genomic scaffold, whole genome shotgun sequence	199626	0.480473088126448	0.0933786078098472	0.0320650151003083
NW_001834679.1 Vanderwaltozyma polyspora DSM 70294 KpolScaffold1031 genomic scaffold, whole genome shotgun sequence	201174	0.557145540453933	0.0754305117632792	0.0320650151003083
NW_001834680.1 Vanderwaltozyma polyspora DSM 70294 KpolScaffold543 genomic scaffold, whole genome shotgun sequence	203297	0.464773189393021	0.0985932573368906	0.0320650151003083
NW_001834681.1 Vanderwaltozyma polyspora DSM 70294 KpolScaffold1039 genomic scaffold, whole genome shotgun sequence	203978	0.514415620607668	0.0841620179480961	0.0320650151003083
NW_001834682.1 Vanderwaltozyma polyspora DSM 70294 KpolScaffold1013 genomic scaffold, whole genome shotgun sequence	207704	0.606824916330709	0.0654862963861266	0.0320650151003083
NW_001834683.1 Vanderwaltozyma polyspora DSM 70294 KpolScaffold1032 genomic scaffold, whole genome shotgun sequence	208613	0.586054178226836	0.0690031530439001	0.0320650151003083
NW_001834684.1 Vanderwaltozyma polyspora DSM 70294 KpolScaffold2001 genomic scaffold, whole genome shotgun sequence	215011	0.551312557759654	0.0765219500363813	0.0320650151003083
NW_001834685.1 Vanderwaltozyma polyspora DSM 70294 KpolScaffold1048 genomic scaffold, whole genome shotgun sequence	220044	0.437585979160665	0.106839679844773	0.0320650151003083
NW_001834686.1 Vanderwaltozyma polyspora DSM 70294 KpolScaffold1055 genomic scaffold, whole genome shotgun sequence	231154	0.549395655204781	0.0771283046325491	0.0320650151003083
NW_001834687.1 Vanderwaltozyma polyspora DSM 70294 KpolScaffold1028 genomic scaffold, whole genome shotgun sequence	235565	0.631777646196438	0.0594227504244482	0.0320650151003083
NW_001834688.1 Vanderwaltozyma polyspora DSM 70294 KpolScaffold1023 genomic scaffold, whole genome shotgun sequence	253870	0.579885987965456	0.069852049478535	0.0320650151003083
NW_001834689.1 Vanderwaltozyma polyspora DSM 70294 KpolScaffold2002 genomic scaffold, whole genome shotgun sequence	265233	0.563423174935367	0.0737327188940092	0.0320650151003083
NW_001834690.1 Vanderwaltozyma polyspora DSM 70294 KpolScaffold2000 genomic scaffold, whole genome shotgun sequence	278092	0.493875115106439	0.0898617511520737	0.0320650151003083
NW_001834691.1 Vanderwaltozyma polyspora DSM 70294 KpolScaffold1050 genomic scaffold, whole genome shotgun sequence	279803	0.550227651783077	0.0767644918748484	0.0320650151003083
NW_001834692.1 Vanderwaltozyma polyspora DSM 70294 KpolScaffold1036 genomic scaffold, whole genome shotgun sequence	283362	0.615406893936481	0.063424690759156	0.0320650151003083
NW_001834693.1 Vanderwaltozyma polyspora DSM 70294 KpolScaffold1002 genomic scaffold, whole genome shotgun sequence	308361	0.607966044366813	0.065365025466893	0.0320650151003083
NW_001834694.1 Vanderwaltozyma polyspora DSM 70294 KpolScaffold1018 genomic scaffold, whole genome shotgun sequence	497159	0.509744161812593	0.085010914382731	0.0320650151003083
