name	length	score	pvalue	qvalue
NZ_BAOL01000399.1 Ilumatobacter nonamiensis YM16-303, whole genome shotgun sequence	121	0.710986641572591	0.0799602780536246	0.0482440106791701
NZ_BAOL01000398.1 Ilumatobacter nonamiensis YM16-303, whole genome shotgun sequence	108	0.0407869515861179	0.844865938430983	0.068863573803378
NZ_BAOL01000397.1 Ilumatobacter nonamiensis YM16-303, whole genome shotgun sequence	231	0.69384390439834	0.0875868917576961	0.0482440106791701
NZ_BAOL01000396.1 Ilumatobacter nonamiensis YM16-303, whole genome shotgun sequence	261	0.556025323459853	0.159463753723932	0.0482440106791701
NZ_BAOL01000395.1 Ilumatobacter nonamiensis YM16-303, whole genome shotgun sequence	100	0.810672576247414	0.0408540218470705	0.0482440106791701
NZ_BAOL01000394.1 Ilumatobacter nonamiensis YM16-303, whole genome shotgun sequence	105	0.431609428615644	0.24077457795432	0.0482440106791701
NZ_BAOL01000393.1 Ilumatobacter nonamiensis YM16-303, whole genome shotgun sequence	105	0.437573473614807	0.236981132075472	0.0482440106791701
NZ_BAOL01000392.1 Ilumatobacter nonamiensis YM16-303, whole genome shotgun sequence	112	0.867277016309173	0.0228401191658391	0.0482440106791701
NZ_BAOL01000391.1 Ilumatobacter nonamiensis YM16-303, whole genome shotgun sequence	120	0.528476684700767	0.175948361469712	0.0482440106791701
NZ_BAOL01000390.1 Ilumatobacter nonamiensis YM16-303, whole genome shotgun sequence	586	0.147048015339968	0.573128103277061	0.0527727897162536
NZ_BAOL01000389.1 Ilumatobacter nonamiensis YM16-303, whole genome shotgun sequence	178	0.592711558219614	0.13837140019861	0.0482440106791701
NZ_BAOL01000388.1 Ilumatobacter nonamiensis YM16-303, whole genome shotgun sequence	132	0.0104094637466127	0.964448857994042	0.0776205149191397
NZ_BAOL01000387.1 Ilumatobacter nonamiensis YM16-303, whole genome shotgun sequence	132	0.0640424228313586	0.768202581926514	0.064254007938217
NZ_BAOL01000386.1 Ilumatobacter nonamiensis YM16-303, whole genome shotgun sequence	178	0.328093715603944	0.331102284011917	0.0482440106791701
NZ_BAOL01000385.1 Ilumatobacter nonamiensis YM16-303, whole genome shotgun sequence	118	0.184716594282545	0.50850049652433	0.0501457572698323
NZ_BAOL01000384.1 Ilumatobacter nonamiensis YM16-303, whole genome shotgun sequence	561	0.117044194951275	0.633942403177756	0.0559537314795671
NZ_BAOL01000383.1 Ilumatobacter nonamiensis YM16-303, whole genome shotgun sequence	132	0.983192352459171	0.000436941410129096	0.00465360775194787
NZ_BAOL01000382.1 Ilumatobacter nonamiensis YM16-303, whole genome shotgun sequence	192	0.735859792096085	0.0690566037735849	0.0482440106791701
NZ_BAOL01000381.1 Ilumatobacter nonamiensis YM16-303, whole genome shotgun sequence	108	0.195033278771795	0.493187686196624	0.0498157290981413
NZ_BAOL01000380.1 Ilumatobacter nonamiensis YM16-303, whole genome shotgun sequence	168	0.993645812898767	1.98609731876862e-05	0.00031729143763281
NZ_BAOL01000379.1 Ilumatobacter nonamiensis YM16-303, whole genome shotgun sequence	355	0.120745195367773	0.625382323733863	0.0555048488232328
NZ_BAOL01000378.1 Ilumatobacter nonamiensis YM16-303, whole genome shotgun sequence	484	0.838271578367573	0.0318570009930487	0.0482440106791701
NZ_BAOL01000377.1 Ilumatobacter nonamiensis YM16-303, whole genome shotgun sequence	195	0.556827883174503	0.159086395233366	0.0482440106791701
NZ_BAOL01000376.1 Ilumatobacter nonamiensis YM16-303, whole genome shotgun sequence	255	0.595270074084745	0.136861966236346	0.0482440106791701
NZ_BAOL01000375.1 Ilumatobacter nonamiensis YM16-303, whole genome shotgun sequence	325	0.149104911497706	0.569592850049652	0.0525988505194875
NZ_BAOL01000374.1 Ilumatobacter nonamiensis YM16-303, whole genome shotgun sequence	120	0.422839757297654	0.247884806355511	0.0482440106791701
NZ_BAOL01000373.1 Ilumatobacter nonamiensis YM16-303, whole genome shotgun sequence	120	0.981110692617831	0.000635551142005958	0.00507666300212495
NZ_BAOL01000372.1 Ilumatobacter nonamiensis YM16-303, whole genome shotgun sequence	327	0.205149379260804	0.478947368421053	0.0498157290981413
NZ_BAOL01000371.1 Ilumatobacter nonamiensis YM16-303, whole genome shotgun sequence	100	0.0144909668622395	0.947527308838133	0.076644759020689
NZ_BAOL01000370.1 Ilumatobacter nonamiensis YM16-303, whole genome shotgun sequence	385	0.635894144322853	0.115749751737835	0.0482440106791701
NZ_BAOL01000369.1 Ilumatobacter nonamiensis YM16-303, whole genome shotgun sequence	216	0.0225326792464584	0.914001986097319	0.0741205683241721
NZ_BAOL01000368.1 Ilumatobacter nonamiensis YM16-303, whole genome shotgun sequence	385	0.257724298775696	0.410148957298908	0.0482440106791701
NZ_BAOL01000367.1 Ilumatobacter nonamiensis YM16-303, whole genome shotgun sequence	112	0.334337890488932	0.325143992055611	0.0482440106791701
NZ_BAOL01000366.1 Ilumatobacter nonamiensis YM16-303, whole genome shotgun sequence	120	0.775657868170198	0.0529493545183714	0.0482440106791701
NZ_BAOL01000365.1 Ilumatobacter nonamiensis YM16-303, whole genome shotgun sequence	359	0.219244617975034	0.459682224428997	0.0491218081873671
NZ_BAOL01000364.1 Ilumatobacter nonamiensis YM16-303, whole genome shotgun sequence	2044	0.457303012997986	0.176346314824411	0.0482440106791701
NZ_BAOL01000363.1 Ilumatobacter nonamiensis YM16-303, whole genome shotgun sequence	1538	0.0608885616398218	0.648064734723163	0.0564209180106141
NZ_BAOL01000362.1 Ilumatobacter nonamiensis YM16-303, whole genome shotgun sequence	154	0.477958376242065	0.208599801390268	0.0482440106791701
NZ_BAOL01000361.1 Ilumatobacter nonamiensis YM16-303, whole genome shotgun sequence	132	0.537101479715712	0.170824230387289	0.0482440106791701
NZ_BAOL01000360.1 Ilumatobacter nonamiensis YM16-303, whole genome shotgun sequence	156	0.999040929905331	0	0
NZ_BAOL01000359.1 Ilumatobacter nonamiensis YM16-303, whole genome shotgun sequence	726	0.084294449755606	0.712611717974181	0.0601047427609002
NZ_BAOL01000358.1 Ilumatobacter nonamiensis YM16-303, whole genome shotgun sequence	623	0.309786172280145	0.351062562065541	0.0482440106791701
NZ_BAOL01000357.1 Ilumatobacter nonamiensis YM16-303, whole genome shotgun sequence	663	0.833311910619293	0.0332472691161867	0.0482440106791701
NZ_BAOL01000356.1 Ilumatobacter nonamiensis YM16-303, whole genome shotgun sequence	1590	0.18964384169724	0.39418822497708	0.0482440106791701
NZ_BAOL01000355.1 Ilumatobacter nonamiensis YM16-303, whole genome shotgun sequence	274	0.474146437725491	0.211181727904667	0.0482440106791701
NZ_BAOL01000354.1 Ilumatobacter nonamiensis YM16-303, whole genome shotgun sequence	459	0.0895579961004017	0.698987090367428	0.0593976322130271
NZ_BAOL01000353.1 Ilumatobacter nonamiensis YM16-303, whole genome shotgun sequence	122	0.567119973215403	0.153128103277061	0.0482440106791701
NZ_BAOL01000352.1 Ilumatobacter nonamiensis YM16-303, whole genome shotgun sequence	3895	0.0638718009279174	0.408682997817123	0.0482440106791701
NZ_BAOL01000351.1 Ilumatobacter nonamiensis YM16-303, whole genome shotgun sequence	874	0.373151371754679	0.287944389275074	0.0482440106791701
NZ_BAOL01000350.1 Ilumatobacter nonamiensis YM16-303, whole genome shotgun sequence	154	0.331319492507593	0.328063555114201	0.0482440106791701
NZ_BAOL01000349.1 Ilumatobacter nonamiensis YM16-303, whole genome shotgun sequence	274	0.405155363109346	0.261727904667329	0.0482440106791701
NZ_BAOL01000348.1 Ilumatobacter nonamiensis YM16-303, whole genome shotgun sequence	176	0.960345869935243	0.00256206554121152	0.016372238181853
NZ_BAOL01000347.1 Ilumatobacter nonamiensis YM16-303, whole genome shotgun sequence	2269	0.0204783710252364	0.829752461434209	0.0678046713113548
NZ_BAOL01000346.1 Ilumatobacter nonamiensis YM16-303, whole genome shotgun sequence	1091	0.307384604267432	0.273288954438554	0.0482440106791701
NZ_BAOL01000345.1 Ilumatobacter nonamiensis YM16-303, whole genome shotgun sequence	507	0.207992860311282	0.474915590863952	0.0498157290981413
NZ_BAOL01000344.1 Ilumatobacter nonamiensis YM16-303, whole genome shotgun sequence	575	0.249235145560718	0.42051638530288	0.0482440106791701
NZ_BAOL01000343.1 Ilumatobacter nonamiensis YM16-303, whole genome shotgun sequence	593	0.600797462896899	0.133962264150943	0.0482440106791701
NZ_BAOL01000342.1 Ilumatobacter nonamiensis YM16-303, whole genome shotgun sequence	2382	0.165468924857188	0.428269621716427	0.0482440106791701
NZ_BAOL01000341.1 Ilumatobacter nonamiensis YM16-303, whole genome shotgun sequence	385	0.299384313575005	0.362105263157895	0.0482440106791701
NZ_BAOL01000340.1 Ilumatobacter nonamiensis YM16-303, whole genome shotgun sequence	703	0.646186107356289	0.110724925521351	0.0482440106791701
NZ_BAOL01000339.1 Ilumatobacter nonamiensis YM16-303, whole genome shotgun sequence	437	0.610817339354919	0.128937437934459	0.0482440106791701
NZ_BAOL01000338.1 Ilumatobacter nonamiensis YM16-303, whole genome shotgun sequence	575	0.503663945552594	0.191539225422046	0.0482440106791701
NZ_BAOL01000337.1 Ilumatobacter nonamiensis YM16-303, whole genome shotgun sequence	661	0.622669430303327	0.122562065541212	0.0482440106791701
NZ_BAOL01000336.1 Ilumatobacter nonamiensis YM16-303, whole genome shotgun sequence	1033	0.325822740119573	0.258978753936302	0.0482440106791701
NZ_BAOL01000335.1 Ilumatobacter nonamiensis YM16-303, whole genome shotgun sequence	4229	0.173670846276088	0.246179966044143	0.0482440106791701
NZ_BAOL01000334.1 Ilumatobacter nonamiensis YM16-303, whole genome shotgun sequence	1707	0.367230233098117	0.228684179056882	0.0482440106791701
NZ_BAOL01000333.1 Ilumatobacter nonamiensis YM16-303, whole genome shotgun sequence	1138	0.12204799753607	0.498266034200981	0.0499480418724604
NZ_BAOL01000332.1 Ilumatobacter nonamiensis YM16-303, whole genome shotgun sequence	2536	0.373641554050619	0.224179854107705	0.0482440106791701
NZ_BAOL01000331.1 Ilumatobacter nonamiensis YM16-303, whole genome shotgun sequence	341	0.121778017867946	0.62317775571003	0.0554632503543436
NZ_BAOL01000330.1 Ilumatobacter nonamiensis YM16-303, whole genome shotgun sequence	107	0.0596789094304224	0.78162859980139	0.0652062899636513
NZ_BAOL01000329.1 Ilumatobacter nonamiensis YM16-303, whole genome shotgun sequence	3782	0.28700921907691	0.167475139461557	0.0482440106791701
NZ_BAOL01000328.1 Ilumatobacter nonamiensis YM16-303, whole genome shotgun sequence	2738	0.168474940282005	0.424044325746402	0.0482440106791701
NZ_BAOL01000327.1 Ilumatobacter nonamiensis YM16-303, whole genome shotgun sequence	441	0.16633445388958	0.538430983118173	0.0510490853069761
NZ_BAOL01000326.1 Ilumatobacter nonamiensis YM16-303, whole genome shotgun sequence	5114	0.0108417661055519	0.712951734174145	0.0601047427609002
NZ_BAOL01000325.1 Ilumatobacter nonamiensis YM16-303, whole genome shotgun sequence	874	0.174194593291071	0.525561072492552	0.0502764432493378
NZ_BAOL01000324.1 Ilumatobacter nonamiensis YM16-303, whole genome shotgun sequence	2133	0.19794178100506	0.383027065810978	0.0482440106791701
NZ_BAOL01000323.1 Ilumatobacter nonamiensis YM16-303, whole genome shotgun sequence	702	0.698115513017526	0.0857000993048659	0.0482440106791701
NZ_BAOL01000322.1 Ilumatobacter nonamiensis YM16-303, whole genome shotgun sequence	1188	0.25399746014167	0.322079164507514	0.0482440106791701
NZ_BAOL01000321.1 Ilumatobacter nonamiensis YM16-303, whole genome shotgun sequence	7257	0.554640572993099	0.076036866359447	0.0482440106791701
NZ_BAOL01000320.1 Ilumatobacter nonamiensis YM16-303, whole genome shotgun sequence	8090	0.150833222001252	0.267644918748484	0.0482440106791701
NZ_BAOL01000319.1 Ilumatobacter nonamiensis YM16-303, whole genome shotgun sequence	1048	0.0946110395552917	0.554390720293379	0.0519456752647332
NZ_BAOL01000318.1 Ilumatobacter nonamiensis YM16-303, whole genome shotgun sequence	6101	0.202774129609698	0.222410865874363	0.0482440106791701
NZ_BAOL01000317.1 Ilumatobacter nonamiensis YM16-303, whole genome shotgun sequence	116	0.000989589236261815	0.999006951340616	0.0799987935485229
NZ_BAOL01000316.1 Ilumatobacter nonamiensis YM16-303, whole genome shotgun sequence	5624	0.0239978289413292	0.58294930875576	0.0532170222891037
NZ_BAOL01000315.1 Ilumatobacter nonamiensis YM16-303, whole genome shotgun sequence	1854	0.364730480566376	0.230517798062742	0.0482440106791701
NZ_BAOL01000314.1 Ilumatobacter nonamiensis YM16-303, whole genome shotgun sequence	1375	0.0902883048927617	0.565193127914856	0.0523438425150618
NZ_BAOL01000313.1 Ilumatobacter nonamiensis YM16-303, whole genome shotgun sequence	5705	0.0831732227500196	0.368057239873878	0.0482440106791701
NZ_BAOL01000312.1 Ilumatobacter nonamiensis YM16-303, whole genome shotgun sequence	516	0.471171620994045	0.213088381330685	0.0482440106791701
NZ_BAOL01000311.1 Ilumatobacter nonamiensis YM16-303, whole genome shotgun sequence	2375	0.311641488974068	0.269940606688723	0.0482440106791701
NZ_BAOL01000310.1 Ilumatobacter nonamiensis YM16-303, whole genome shotgun sequence	3580	0.0180747748265418	0.633398011156925	0.0559537314795671
NZ_BAOL01000309.1 Ilumatobacter nonamiensis YM16-303, whole genome shotgun sequence	3152	0.461617980552554	0.100169779286927	0.0482440106791701
NZ_BAOL01000308.1 Ilumatobacter nonamiensis YM16-303, whole genome shotgun sequence	8171	0.301355552052625	0.160926509822944	0.0482440106791701
NZ_BAOL01000307.1 Ilumatobacter nonamiensis YM16-303, whole genome shotgun sequence	783	0.306349045439165	0.354458788480636	0.0482440106791701
NZ_BAOL01000306.1 Ilumatobacter nonamiensis YM16-303, whole genome shotgun sequence	3736	0.0661064969432293	0.402861993693912	0.0482440106791701
NZ_BAOL01000305.1 Ilumatobacter nonamiensis YM16-303, whole genome shotgun sequence	4126	0.0683836215776617	0.398738782439971	0.0482440106791701
NZ_BAOL01000304.1 Ilumatobacter nonamiensis YM16-303, whole genome shotgun sequence	663	0.656551588693299	0.105620655412115	0.0482440106791701
NZ_BAOL01000303.1 Ilumatobacter nonamiensis YM16-303, whole genome shotgun sequence	2872	0.380877921606661	0.220074141985889	0.0482440106791701
NZ_BAOL01000302.1 Ilumatobacter nonamiensis YM16-303, whole genome shotgun sequence	3609	0.0054956733746338	0.805117632791657	0.066471609739068
NZ_BAOL01000301.1 Ilumatobacter nonamiensis YM16-303, whole genome shotgun sequence	6606	0.0767314470593186	0.382367208343439	0.0482440106791701
NZ_BAOL01000300.1 Ilumatobacter nonamiensis YM16-303, whole genome shotgun sequence	1445	0.0787527501307647	0.593375054809264	0.0538610039674005
NZ_BAOL01000299.1 Ilumatobacter nonamiensis YM16-303, whole genome shotgun sequence	2311	0.110733313469494	0.518954039941005	0.0502461488218253
NZ_BAOL01000298.1 Ilumatobacter nonamiensis YM16-303, whole genome shotgun sequence	287	0.230235375187731	0.444667328699106	0.0482440106791701
NZ_BAOL01000297.1 Ilumatobacter nonamiensis YM16-303, whole genome shotgun sequence	14916	0.0968582074300849	0.34125636672326	0.0482440106791701
NZ_BAOL01000296.1 Ilumatobacter nonamiensis YM16-303, whole genome shotgun sequence	3156	0.490679644700974	0.0904681057482416	0.0482440106791701
NZ_BAOL01000295.1 Ilumatobacter nonamiensis YM16-303, whole genome shotgun sequence	934	0.621530486241157	0.123138033763654	0.0482440106791701
NZ_BAOL01000294.1 Ilumatobacter nonamiensis YM16-303, whole genome shotgun sequence	5459	0.0221739414089606	0.598471986417657	0.0541371442098137
NZ_BAOL01000293.1 Ilumatobacter nonamiensis YM16-303, whole genome shotgun sequence	3902	0.298374583479999	0.162624302692214	0.0482440106791701
NZ_BAOL01000292.1 Ilumatobacter nonamiensis YM16-303, whole genome shotgun sequence	4545	0.0769956628957951	0.382003395585739	0.0482440106791701
NZ_BAOL01000291.1 Ilumatobacter nonamiensis YM16-303, whole genome shotgun sequence	1125	0.171637793279127	0.419221110535337	0.0482440106791701
NZ_BAOL01000290.1 Ilumatobacter nonamiensis YM16-303, whole genome shotgun sequence	233	0.689443440789465	0.0892154915590864	0.0482440106791701
NZ_BAOL01000289.1 Ilumatobacter nonamiensis YM16-303, whole genome shotgun sequence	4345	0.197305973768891	0.227019160805239	0.0482440106791701
NZ_BAOL01000288.1 Ilumatobacter nonamiensis YM16-303, whole genome shotgun sequence	7241	0.205948782791796	0.219742905651225	0.0482440106791701
NZ_BAOL01000287.1 Ilumatobacter nonamiensis YM16-303, whole genome shotgun sequence	118	0.00862445636533941	0.972889771598808	0.0781031209670511
NZ_BAOL01000286.1 Ilumatobacter nonamiensis YM16-303, whole genome shotgun sequence	2143	0.341185486432208	0.24710009168095	0.0482440106791701
NZ_BAOL01000285.1 Ilumatobacter nonamiensis YM16-303, whole genome shotgun sequence	2998	0.183284115035726	0.402838123330809	0.0482440106791701
NZ_BAOL01000284.1 Ilumatobacter nonamiensis YM16-303, whole genome shotgun sequence	12060	0.15624448398085	0.262915352898375	0.0482440106791701
NZ_BAOL01000283.1 Ilumatobacter nonamiensis YM16-303, whole genome shotgun sequence	7245	0.113990983009676	0.313849138976473	0.0482440106791701
NZ_BAOL01000282.1 Ilumatobacter nonamiensis YM16-303, whole genome shotgun sequence	2273	0.211094324466305	0.367162275282019	0.0482440106791701
NZ_BAOL01000281.1 Ilumatobacter nonamiensis YM16-303, whole genome shotgun sequence	3759	0.0293540285222698	0.548023284016493	0.0516519992068848
NZ_BAOL01000280.1 Ilumatobacter nonamiensis YM16-303, whole genome shotgun sequence	2003	0.0525809801494668	0.676884442141348	0.0584521689790862
NZ_BAOL01000279.1 Ilumatobacter nonamiensis YM16-303, whole genome shotgun sequence	6812	0.167594621958479	0.253092408440456	0.0482440106791701
NZ_BAOL01000278.1 Ilumatobacter nonamiensis YM16-303, whole genome shotgun sequence	4546	0.128486401728604	0.293475624545234	0.0482440106791701
NZ_BAOL01000277.1 Ilumatobacter nonamiensis YM16-303, whole genome shotgun sequence	438	0.0466397432936444	0.823932472691162	0.0676752457079543
NZ_BAOL01000276.1 Ilumatobacter nonamiensis YM16-303, whole genome shotgun sequence	8658	0.167407057543647	0.253456221198157	0.0482440106791701
NZ_BAOL01000275.1 Ilumatobacter nonamiensis YM16-303, whole genome shotgun sequence	7329	0.494536739082018	0.0896192093136066	0.0482440106791701
NZ_BAOL01000274.1 Ilumatobacter nonamiensis YM16-303, whole genome shotgun sequence	3648	0.334808394178297	0.145767644918748	0.0482440106791701
NZ_BAOL01000273.1 Ilumatobacter nonamiensis YM16-303, whole genome shotgun sequence	2473	0.169630028266044	0.421652648782238	0.0482440106791701
NZ_BAOL01000272.1 Ilumatobacter nonamiensis YM16-303, whole genome shotgun sequence	20496	0.117703839420503	0.308028134853262	0.0482440106791701
NZ_BAOL01000271.1 Ilumatobacter nonamiensis YM16-303, whole genome shotgun sequence	110	0.217490208379905	0.461847070506455	0.049188633938089
NZ_BAOL01000270.1 Ilumatobacter nonamiensis YM16-303, whole genome shotgun sequence	1261	0.099422607450365	0.542910670865388	0.0513215188212803
NZ_BAOL01000269.1 Ilumatobacter nonamiensis YM16-303, whole genome shotgun sequence	7935	0.0996200501508056	0.336284259034684	0.0482440106791701
NZ_BAOL01000268.1 Ilumatobacter nonamiensis YM16-303, whole genome shotgun sequence	1745	0.29792373631025	0.281380794833978	0.0482440106791701
NZ_BAOL01000267.1 Ilumatobacter nonamiensis YM16-303, whole genome shotgun sequence	2682	0.118797677834007	0.504045920197712	0.0501457572698323
NZ_BAOL01000266.1 Ilumatobacter nonamiensis YM16-303, whole genome shotgun sequence	2982	0.124337153775065	0.494240044644637	0.0498157290981413
NZ_BAOL01000265.1 Ilumatobacter nonamiensis YM16-303, whole genome shotgun sequence	3062	0.037719004705873	0.500242541838467	0.0499480418724604
NZ_BAOL01000264.1 Ilumatobacter nonamiensis YM16-303, whole genome shotgun sequence	2548	0.111959237899138	0.516442779128632	0.0502461488218253
NZ_BAOL01000263.1 Ilumatobacter nonamiensis YM16-303, whole genome shotgun sequence	2093	0.0726655480364255	0.609957348427472	0.0547440965407556
NZ_BAOL01000262.1 Ilumatobacter nonamiensis YM16-303, whole genome shotgun sequence	6336	0.021964503844645	0.599805966529226	0.0541371442098137
NZ_BAOL01000261.1 Ilumatobacter nonamiensis YM16-303, whole genome shotgun sequence	8760	0.0203063094656049	0.612781954887218	0.0548435520150028
NZ_BAOL01000260.1 Ilumatobacter nonamiensis YM16-303, whole genome shotgun sequence	5223	0.0288230607578589	0.551540140674266	0.0518305755575785
NZ_BAOL01000259.1 Ilumatobacter nonamiensis YM16-303, whole genome shotgun sequence	12922	0.0490378058378584	0.455372301722047	0.0488635486956648
NZ_BAOL01000258.1 Ilumatobacter nonamiensis YM16-303, whole genome shotgun sequence	2502	0.0257404954690271	0.798102602941763	0.0662347376939586
NZ_BAOL01000257.1 Ilumatobacter nonamiensis YM16-303, whole genome shotgun sequence	6528	0.186369219883012	0.235023041474654	0.0482440106791701
NZ_BAOL01000256.1 Ilumatobacter nonamiensis YM16-303, whole genome shotgun sequence	13118	0.280131376003834	0.173902498180936	0.0482440106791701
NZ_BAOL01000255.1 Ilumatobacter nonamiensis YM16-303, whole genome shotgun sequence	1210	0.170979151988375	0.419938613624586	0.0482440106791701
NZ_BAOL01000254.1 Ilumatobacter nonamiensis YM16-303, whole genome shotgun sequence	2821	0.117530203519169	0.506118706899988	0.0501457572698323
NZ_BAOL01000253.1 Ilumatobacter nonamiensis YM16-303, whole genome shotgun sequence	8442	0.0416685710643127	0.484598593257337	0.0498157290981413
NZ_BAOL01000252.1 Ilumatobacter nonamiensis YM16-303, whole genome shotgun sequence	5344	0.118502769921136	0.30693669658016	0.0482440106791701
NZ_BAOL01000251.1 Ilumatobacter nonamiensis YM16-303, whole genome shotgun sequence	1982	0.568253253651246	0.125284011639495	0.0482440106791701
NZ_BAOL01000250.1 Ilumatobacter nonamiensis YM16-303, whole genome shotgun sequence	6526	0.106474369836538	0.324642250788261	0.0482440106791701
NZ_BAOL01000249.1 Ilumatobacter nonamiensis YM16-303, whole genome shotgun sequence	2729	0.162749739353465	0.432295611272771	0.0482440106791701
NZ_BAOL01000248.1 Ilumatobacter nonamiensis YM16-303, whole genome shotgun sequence	29564	0.0832462196853712	0.367814698035411	0.0482440106791701
NZ_BAOL01000247.1 Ilumatobacter nonamiensis YM16-303, whole genome shotgun sequence	13688	0.144976200219285	0.274072277467863	0.0482440106791701
NZ_BAOL01000246.1 Ilumatobacter nonamiensis YM16-303, whole genome shotgun sequence	13849	0.165211150170812	0.25527528498666	0.0482440106791701
NZ_BAOL01000245.1 Ilumatobacter nonamiensis YM16-303, whole genome shotgun sequence	745	0.0756953597712205	0.734955312810328	0.0616344863496174
NZ_BAOL01000244.1 Ilumatobacter nonamiensis YM16-303, whole genome shotgun sequence	6500	0.054148518308331	0.43984962406015	0.0482440106791701
NZ_BAOL01000243.1 Ilumatobacter nonamiensis YM16-303, whole genome shotgun sequence	2489	0.375518475155338	0.222864431777415	0.0482440106791701
NZ_BAOL01000242.1 Ilumatobacter nonamiensis YM16-303, whole genome shotgun sequence	6083	0.29560351792275	0.16383701188455	0.0482440106791701
NZ_BAOL01000241.1 Ilumatobacter nonamiensis YM16-303, whole genome shotgun sequence	117	0.012073274194828	0.957715988083416	0.0772732849196551
NZ_BAOL01000240.1 Ilumatobacter nonamiensis YM16-303, whole genome shotgun sequence	7899	0.0269727017989873	0.565001212709192	0.0523438425150618
NZ_BAOL01000239.1 Ilumatobacter nonamiensis YM16-303, whole genome shotgun sequence	5427	0.0175070388501403	0.639219015280136	0.0562640361880734
NZ_BAOL01000238.1 Ilumatobacter nonamiensis YM16-303, whole genome shotgun sequence	5222	0.114438924886192	0.313364055299539	0.0482440106791701
NZ_BAOL01000237.1 Ilumatobacter nonamiensis YM16-303, whole genome shotgun sequence	13996	0.12531659237042	0.297720106718409	0.0482440106791701
NZ_BAOL01000236.1 Ilumatobacter nonamiensis YM16-303, whole genome shotgun sequence	5315	0.394235779563739	0.12236235750667	0.0482440106791701
NZ_BAOL01000235.1 Ilumatobacter nonamiensis YM16-303, whole genome shotgun sequence	2332	0.0494682935810491	0.687487543349145	0.0590019844487907
NZ_BAOL01000234.1 Ilumatobacter nonamiensis YM16-303, whole genome shotgun sequence	8842	0.104141876695809	0.328401649284502	0.0482440106791701
NZ_BAOL01000233.1 Ilumatobacter nonamiensis YM16-303, whole genome shotgun sequence	13708	0.308554150860028	0.158137278680572	0.0482440106791701
NZ_BAOL01000232.1 Ilumatobacter nonamiensis YM16-303, whole genome shotgun sequence	26294	0.0109669410970338	0.710647586708707	0.0601047427609002
NZ_BAOL01000231.1 Ilumatobacter nonamiensis YM16-303, whole genome shotgun sequence	3389	0.101209207772525	0.333009944215377	0.0482440106791701
NZ_BAOL01000230.1 Ilumatobacter nonamiensis YM16-303, whole genome shotgun sequence	3542	0.32962858265473	0.147950521464953	0.0482440106791701
NZ_BAOL01000229.1 Ilumatobacter nonamiensis YM16-303, whole genome shotgun sequence	5513	0.0437103646232958	0.475018190637885	0.0498157290981413
NZ_BAOL01000228.1 Ilumatobacter nonamiensis YM16-303, whole genome shotgun sequence	6541	0.150960610377925	0.267644918748484	0.0482440106791701
NZ_BAOL01000227.1 Ilumatobacter nonamiensis YM16-303, whole genome shotgun sequence	6160	0.0711636543396391	0.392796507397526	0.0482440106791701
NZ_BAOL01000226.1 Ilumatobacter nonamiensis YM16-303, whole genome shotgun sequence	3828	0.0166905956409183	0.646980354111084	0.0564209180106141
NZ_BAOL01000225.1 Ilumatobacter nonamiensis YM16-303, whole genome shotgun sequence	31733	0.0692189378495404	0.397040989570701	0.0482440106791701
NZ_BAOL01000224.1 Ilumatobacter nonamiensis YM16-303, whole genome shotgun sequence	567	0.19117646461443	0.499364448857994	0.0499480418724604
NZ_BAOL01000223.1 Ilumatobacter nonamiensis YM16-303, whole genome shotgun sequence	1121	0.371844465364684	0.225535137720732	0.0482440106791701
NZ_BAOL01000222.1 Ilumatobacter nonamiensis YM16-303, whole genome shotgun sequence	1856	0.619184393103138	0.103798780244748	0.0482440106791701
NZ_BAOL01000221.1 Ilumatobacter nonamiensis YM16-303, whole genome shotgun sequence	5478	0.0145909752077919	0.668687848653893	0.0579008431785293
NZ_BAOL01000220.1 Ilumatobacter nonamiensis YM16-303, whole genome shotgun sequence	9819	0.119988600098846	0.304753820033956	0.0482440106791701
NZ_BAOL01000219.1 Ilumatobacter nonamiensis YM16-303, whole genome shotgun sequence	3271	0.0126394864746356	0.690395343196701	0.0590019844487907
NZ_BAOL01000218.1 Ilumatobacter nonamiensis YM16-303, whole genome shotgun sequence	6753	0.00560944330619658	0.803298569003153	0.066471609739068
NZ_BAOL01000217.1 Ilumatobacter nonamiensis YM16-303, whole genome shotgun sequence	11415	0.0340817043256134	0.521222410865874	0.0502668048414018
NZ_BAOL01000216.1 Ilumatobacter nonamiensis YM16-303, whole genome shotgun sequence	4579	0.0192697113231902	0.62236235750667	0.0554632503543436
NZ_BAOL01000215.1 Ilumatobacter nonamiensis YM16-303, whole genome shotgun sequence	5656	0.697412267913553	0.0464467620664565	0.0482440106791701
NZ_BAOL01000214.1 Ilumatobacter nonamiensis YM16-303, whole genome shotgun sequence	5263	0.40742104973393	0.117390249818094	0.0482440106791701
NZ_BAOL01000213.1 Ilumatobacter nonamiensis YM16-303, whole genome shotgun sequence	8074	0.260297365142786	0.183604171719622	0.0482440106791701
NZ_BAOL01000212.1 Ilumatobacter nonamiensis YM16-303, whole genome shotgun sequence	28167	0.0987898164931388	0.338224593742421	0.0482440106791701
NZ_BAOL01000211.1 Ilumatobacter nonamiensis YM16-303, whole genome shotgun sequence	13288	0.0927039641978437	0.34841135095804	0.0482440106791701
NZ_BAOL01000210.1 Ilumatobacter nonamiensis YM16-303, whole genome shotgun sequence	3108	0.0629130456010503	0.411350958040262	0.0482440106791701
NZ_BAOL01000209.1 Ilumatobacter nonamiensis YM16-303, whole genome shotgun sequence	28363	0.0753561947846027	0.384792626728111	0.0482440106791701
NZ_BAOL01000208.1 Ilumatobacter nonamiensis YM16-303, whole genome shotgun sequence	3238	0.0318578888446986	0.533713315546932	0.0507523999493676
NZ_BAOL01000207.1 Ilumatobacter nonamiensis YM16-303, whole genome shotgun sequence	13015	0.256771297244614	0.186029590104293	0.0482440106791701
NZ_BAOL01000206.1 Ilumatobacter nonamiensis YM16-303, whole genome shotgun sequence	3564	0.212190962603002	0.213679359689546	0.0482440106791701
NZ_BAOL01000205.1 Ilumatobacter nonamiensis YM16-303, whole genome shotgun sequence	21209	0.0695126690971714	0.396070822216832	0.0482440106791701
NZ_BAOL01000204.1 Ilumatobacter nonamiensis YM16-303, whole genome shotgun sequence	8363	0.0338982089987225	0.522313849138976	0.0502668048414018
NZ_BAOL01000203.1 Ilumatobacter nonamiensis YM16-303, whole genome shotgun sequence	6448	0.0417515344653561	0.483749696822702	0.0498157290981413
NZ_BAOL01000202.1 Ilumatobacter nonamiensis YM16-303, whole genome shotgun sequence	2530	0.111376750876151	0.517439311197034	0.0502461488218253
NZ_BAOL01000201.1 Ilumatobacter nonamiensis YM16-303, whole genome shotgun sequence	14860	0.289067505135804	0.167111326703856	0.0482440106791701
NZ_BAOL01000200.1 Ilumatobacter nonamiensis YM16-303, whole genome shotgun sequence	4189	0.697063439673253	0.0468105748241572	0.0482440106791701
NZ_BAOL01000199.1 Ilumatobacter nonamiensis YM16-303, whole genome shotgun sequence	3291	0.0778455143957488	0.379941789958768	0.0482440106791701
NZ_BAOL01000198.1 Ilumatobacter nonamiensis YM16-303, whole genome shotgun sequence	23380	0.0248505211477741	0.576279408197914	0.0529104774593787
NZ_BAOL01000197.1 Ilumatobacter nonamiensis YM16-303, whole genome shotgun sequence	6829	0.238367043965323	0.195003638127577	0.0482440106791701
NZ_BAOL01000196.1 Ilumatobacter nonamiensis YM16-303, whole genome shotgun sequence	284	0.178580228308653	0.518093346573982	0.0502461488218253
NZ_BAOL01000195.1 Ilumatobacter nonamiensis YM16-303, whole genome shotgun sequence	3560	0.0949220371676897	0.343924326946398	0.0482440106791701
NZ_BAOL01000194.1 Ilumatobacter nonamiensis YM16-303, whole genome shotgun sequence	9367	0.557152815057652	0.0754305117632792	0.0482440106791701
NZ_BAOL01000193.1 Ilumatobacter nonamiensis YM16-303, whole genome shotgun sequence	113	0.425193085673804	0.245978152929494	0.0482440106791701
NZ_BAOL01000192.1 Ilumatobacter nonamiensis YM16-303, whole genome shotgun sequence	2113	0.673735147604396	0.0831904970701957	0.0482440106791701
NZ_BAOL01000191.1 Ilumatobacter nonamiensis YM16-303, whole genome shotgun sequence	8134	0.152878173502712	0.266068396798448	0.0482440106791701
NZ_BAOL01000190.1 Ilumatobacter nonamiensis YM16-303, whole genome shotgun sequence	14181	0.19090940262913	0.231748726655348	0.0482440106791701
NZ_BAOL01000189.1 Ilumatobacter nonamiensis YM16-303, whole genome shotgun sequence	7888	0.374093394158993	0.128910987145283	0.0482440106791701
NZ_BAOL01000188.1 Ilumatobacter nonamiensis YM16-303, whole genome shotgun sequence	9570	0.167557580707258	0.253092408440456	0.0482440106791701
NZ_BAOL01000187.1 Ilumatobacter nonamiensis YM16-303, whole genome shotgun sequence	7666	0.0719990662669421	0.391341256366723	0.0482440106791701
NZ_BAOL01000186.1 Ilumatobacter nonamiensis YM16-303, whole genome shotgun sequence	14179	0.017018392229754	0.644069852049479	0.0563803710240491
NZ_BAOL01000185.1 Ilumatobacter nonamiensis YM16-303, whole genome shotgun sequence	1980	0.239202362152589	0.337226451947224	0.0482440106791701
NZ_BAOL01000184.1 Ilumatobacter nonamiensis YM16-303, whole genome shotgun sequence	5409	0.0409793130744122	0.487024011642008	0.0498157290981413
NZ_BAOL01000183.1 Ilumatobacter nonamiensis YM16-303, whole genome shotgun sequence	18990	0.0367130984755465	0.507397526073248	0.0501457572698323
NZ_BAOL01000182.1 Ilumatobacter nonamiensis YM16-303, whole genome shotgun sequence	10992	0.201362538180134	0.223381033228232	0.0482440106791701
NZ_BAOL01000181.1 Ilumatobacter nonamiensis YM16-303, whole genome shotgun sequence	14835	0.0901996783096877	0.353747271404317	0.0482440106791701
NZ_BAOL01000180.1 Ilumatobacter nonamiensis YM16-303, whole genome shotgun sequence	9653	0.17417940892736	0.245937424205675	0.0482440106791701
NZ_BAOL01000179.1 Ilumatobacter nonamiensis YM16-303, whole genome shotgun sequence	18708	0.136070084885971	0.283410138248848	0.0482440106791701
NZ_BAOL01000178.1 Ilumatobacter nonamiensis YM16-303, whole genome shotgun sequence	12347	0.111395548793517	0.317244724715013	0.0482440106791701
NZ_BAOL01000177.1 Ilumatobacter nonamiensis YM16-303, whole genome shotgun sequence	1068	0.781277923789313	0.049268545461793	0.0482440106791701
NZ_BAOL01000176.1 Ilumatobacter nonamiensis YM16-303, whole genome shotgun sequence	3450	0.0418648673830222	0.483507154984235	0.0498157290981413
NZ_BAOL01000175.1 Ilumatobacter nonamiensis YM16-303, whole genome shotgun sequence	17387	0.0669360678802012	0.401164200824642	0.0482440106791701
NZ_BAOL01000174.1 Ilumatobacter nonamiensis YM16-303, whole genome shotgun sequence	17141	0.0213233056873576	0.60502061605627	0.0544539819981532
NZ_BAOL01000173.1 Ilumatobacter nonamiensis YM16-303, whole genome shotgun sequence	57962	0.0559274630686428	0.433300994421538	0.0482440106791701
NZ_BAOL01000172.1 Ilumatobacter nonamiensis YM16-303, whole genome shotgun sequence	16453	0.0688911948419876	0.397404802328402	0.0482440106791701
NZ_BAOL01000171.1 Ilumatobacter nonamiensis YM16-303, whole genome shotgun sequence	13397	0.0808053136641534	0.373271889400922	0.0482440106791701
NZ_BAOL01000170.1 Ilumatobacter nonamiensis YM16-303, whole genome shotgun sequence	14663	0.0511748233604784	0.448823672083434	0.0484475552419265
NZ_BAOL01000169.1 Ilumatobacter nonamiensis YM16-303, whole genome shotgun sequence	3221	0.00317735251705826	0.860417171962163	0.0699526774722702
NZ_BAOL01000168.1 Ilumatobacter nonamiensis YM16-303, whole genome shotgun sequence	32389	0.122839946317619	0.301236963376182	0.0482440106791701
NZ_BAOL01000167.1 Ilumatobacter nonamiensis YM16-303, whole genome shotgun sequence	35874	0.192961295946486	0.229929662866845	0.0482440106791701
NZ_BAOL01000166.1 Ilumatobacter nonamiensis YM16-303, whole genome shotgun sequence	18971	0.278977802073112	0.174872665534805	0.0482440106791701
NZ_BAOL01000165.1 Ilumatobacter nonamiensis YM16-303, whole genome shotgun sequence	8669	0.0990841238949673	0.337375697307786	0.0482440106791701
NZ_BAOL01000164.1 Ilumatobacter nonamiensis YM16-303, whole genome shotgun sequence	8953	0.062063674979664	0.414140189182634	0.0482440106791701
NZ_BAOL01000163.1 Ilumatobacter nonamiensis YM16-303, whole genome shotgun sequence	34714	0.0240610289578479	0.582464225078826	0.0532170222891037
NZ_BAOL01000162.1 Ilumatobacter nonamiensis YM16-303, whole genome shotgun sequence	7097	0.00506941802030103	0.81372786805724	0.0670093317766616
NZ_BAOL01000161.1 Ilumatobacter nonamiensis YM16-303, whole genome shotgun sequence	11699	0.0734546288459229	0.388066941547417	0.0482440106791701
NZ_BAOL01000160.1 Ilumatobacter nonamiensis YM16-303, whole genome shotgun sequence	8074	0.159563318009218	0.260611205432937	0.0482440106791701
NZ_BAOL01000159.1 Ilumatobacter nonamiensis YM16-303, whole genome shotgun sequence	15604	0.0581423470657324	0.426509822944458	0.0482440106791701
NZ_BAOL01000158.1 Ilumatobacter nonamiensis YM16-303, whole genome shotgun sequence	15810	0.0172646976926479	0.641644433664807	0.0563223634066601
NZ_BAOL01000157.1 Ilumatobacter nonamiensis YM16-303, whole genome shotgun sequence	3866	0.763501659340685	0.0345622119815668	0.0482440106791701
NZ_BAOL01000156.1 Ilumatobacter nonamiensis YM16-303, whole genome shotgun sequence	19085	0.0532093607690214	0.442638855202522	0.0482440106791701
NZ_BAOL01000155.1 Ilumatobacter nonamiensis YM16-303, whole genome shotgun sequence	742	0.273509932243314	0.391360476663356	0.0482440106791701
NZ_BAOL01000154.1 Ilumatobacter nonamiensis YM16-303, whole genome shotgun sequence	11125	0.128591510742229	0.293111811787533	0.0482440106791701
NZ_BAOL01000153.1 Ilumatobacter nonamiensis YM16-303, whole genome shotgun sequence	16540	0.126105196793238	0.297113752122241	0.0482440106791701
NZ_BAOL01000152.1 Ilumatobacter nonamiensis YM16-303, whole genome shotgun sequence	8577	0.257390678609358	0.185423235508125	0.0482440106791701
NZ_BAOL01000151.1 Ilumatobacter nonamiensis YM16-303, whole genome shotgun sequence	20774	0.255015535568508	0.186635944700461	0.0482440106791701
NZ_BAOL01000150.1 Ilumatobacter nonamiensis YM16-303, whole genome shotgun sequence	11149	0.196891702484642	0.227261702643706	0.0482440106791701
NZ_BAOL01000149.1 Ilumatobacter nonamiensis YM16-303, whole genome shotgun sequence	8326	0.052298758439047	0.445428086344895	0.0482440106791701
NZ_BAOL01000148.1 Ilumatobacter nonamiensis YM16-303, whole genome shotgun sequence	7408	0.0989790895981723	0.337739510065486	0.0482440106791701
NZ_BAOL01000147.1 Ilumatobacter nonamiensis YM16-303, whole genome shotgun sequence	17874	0.139142416724316	0.280863448944943	0.0482440106791701
NZ_BAOL01000146.1 Ilumatobacter nonamiensis YM16-303, whole genome shotgun sequence	3674	0.15865289688607	0.261096289109871	0.0482440106791701
NZ_BAOL01000145.1 Ilumatobacter nonamiensis YM16-303, whole genome shotgun sequence	10147	0.0441716132014265	0.473562939607082	0.0498157290981413
NZ_BAOL01000144.1 Ilumatobacter nonamiensis YM16-303, whole genome shotgun sequence	10074	0.136272939333755	0.283046325491147	0.0482440106791701
NZ_BAOL01000143.1 Ilumatobacter nonamiensis YM16-303, whole genome shotgun sequence	1340	0.292250569221934	0.286124287479571	0.0482440106791701
NZ_BAOL01000142.1 Ilumatobacter nonamiensis YM16-303, whole genome shotgun sequence	15649	0.257462863015322	0.185301964588892	0.0482440106791701
NZ_BAOL01000141.1 Ilumatobacter nonamiensis YM16-303, whole genome shotgun sequence	23467	0.20208617793397	0.22265340771283	0.0482440106791701
NZ_BAOL01000140.1 Ilumatobacter nonamiensis YM16-303, whole genome shotgun sequence	11898	0.056676974072251	0.430633034198399	0.0482440106791701
NZ_BAOL01000139.1 Ilumatobacter nonamiensis YM16-303, whole genome shotgun sequence	11409	0.148656875186929	0.269949066213922	0.0482440106791701
NZ_BAOL01000138.1 Ilumatobacter nonamiensis YM16-303, whole genome shotgun sequence	7503	0.149609945496799	0.269342711617754	0.0482440106791701
NZ_BAOL01000137.1 Ilumatobacter nonamiensis YM16-303, whole genome shotgun sequence	6572	0.00430691772380735	0.828522920203735	0.0678046713113548
NZ_BAOL01000136.1 Ilumatobacter nonamiensis YM16-303, whole genome shotgun sequence	9844	0.735488753441143	0.0389279650739753	0.0482440106791701
NZ_BAOL01000135.1 Ilumatobacter nonamiensis YM16-303, whole genome shotgun sequence	1715	0.230279792875035	0.345836489018217	0.0482440106791701
NZ_BAOL01000134.1 Ilumatobacter nonamiensis YM16-303, whole genome shotgun sequence	2988	0.182456489510265	0.404073823095627	0.0482440106791701
NZ_BAOL01000133.1 Ilumatobacter nonamiensis YM16-303, whole genome shotgun sequence	1809	0.0913392523250269	0.562522421971539	0.0523438425150618
NZ_BAOL01000132.1 Ilumatobacter nonamiensis YM16-303, whole genome shotgun sequence	15245	0.0232555560252232	0.590468105748242	0.0537498368855344
NZ_BAOL01000131.1 Ilumatobacter nonamiensis YM16-303, whole genome shotgun sequence	6620	0.0119170728456593	0.698763036623818	0.0593976322130271
NZ_BAOL01000130.1 Ilumatobacter nonamiensis YM16-303, whole genome shotgun sequence	35404	0.0598433948632745	0.422022798932816	0.0482440106791701
NZ_BAOL01000129.1 Ilumatobacter nonamiensis YM16-303, whole genome shotgun sequence	8151	0.100938241787939	0.333373756973078	0.0482440106791701
NZ_BAOL01000128.1 Ilumatobacter nonamiensis YM16-303, whole genome shotgun sequence	6639	0.230954485363362	0.199733203977686	0.0482440106791701
NZ_BAOL01000127.1 Ilumatobacter nonamiensis YM16-303, whole genome shotgun sequence	8089	0.245219778775107	0.191850594227504	0.0482440106791701
NZ_BAOL01000126.1 Ilumatobacter nonamiensis YM16-303, whole genome shotgun sequence	4522	0.222677725132876	0.20531166626243	0.0482440106791701
NZ_BAOL01000125.1 Ilumatobacter nonamiensis YM16-303, whole genome shotgun sequence	3707	0.604868764527886	0.0658501091438273	0.0482440106791701
NZ_BAOL01000124.1 Ilumatobacter nonamiensis YM16-303, whole genome shotgun sequence	5622	0.00970483334808956	0.728353140916808	0.0612415570242546
NZ_BAOL01000123.1 Ilumatobacter nonamiensis YM16-303, whole genome shotgun sequence	9881	0.267708418509263	0.179966044142615	0.0482440106791701
NZ_BAOL01000122.1 Ilumatobacter nonamiensis YM16-303, whole genome shotgun sequence	1469	0.186138919283845	0.398772272491729	0.0482440106791701
NZ_BAOL01000121.1 Ilumatobacter nonamiensis YM16-303, whole genome shotgun sequence	16978	0.213824857006091	0.211981566820276	0.0482440106791701
NZ_BAOL01000120.1 Ilumatobacter nonamiensis YM16-303, whole genome shotgun sequence	4237	0.16061217416063	0.259277225321368	0.0482440106791701
NZ_BAOL01000119.1 Ilumatobacter nonamiensis YM16-303, whole genome shotgun sequence	8961	0.16523073769912	0.25527528498666	0.0482440106791701
NZ_BAOL01000118.1 Ilumatobacter nonamiensis YM16-303, whole genome shotgun sequence	7090	0.222190133371429	0.205554208100897	0.0482440106791701
NZ_BAOL01000117.1 Ilumatobacter nonamiensis YM16-303, whole genome shotgun sequence	3175	0.264773784508183	0.181542566092651	0.0482440106791701
NZ_BAOL01000116.1 Ilumatobacter nonamiensis YM16-303, whole genome shotgun sequence	13035	0.0279771842712898	0.558088770312879	0.0521392765430162
NZ_BAOL01000115.1 Ilumatobacter nonamiensis YM16-303, whole genome shotgun sequence	4484	0.0357887016493695	0.512127091923357	0.0501935570661968
NZ_BAOL01000114.1 Ilumatobacter nonamiensis YM16-303, whole genome shotgun sequence	14501	0.0125805011804566	0.690637885035169	0.0590019844487907
NZ_BAOL01000113.1 Ilumatobacter nonamiensis YM16-303, whole genome shotgun sequence	28413	0.0488942644747972	0.455736114479748	0.0488635486956648
NZ_BAOL01000112.1 Ilumatobacter nonamiensis YM16-303, whole genome shotgun sequence	26341	0.349218393640332	0.138612660683968	0.0482440106791701
NZ_BAOL01000111.1 Ilumatobacter nonamiensis YM16-303, whole genome shotgun sequence	6643	0.146958923711479	0.27225321367936	0.0482440106791701
NZ_BAOL01000110.1 Ilumatobacter nonamiensis YM16-303, whole genome shotgun sequence	1330	0.233663230058498	0.342368557420178	0.0482440106791701
NZ_BAOL01000109.1 Ilumatobacter nonamiensis YM16-303, whole genome shotgun sequence	2048	0.360700910257885	0.233347949137003	0.0482440106791701
NZ_BAOL01000108.1 Ilumatobacter nonamiensis YM16-303, whole genome shotgun sequence	16833	0.386713320218757	0.125151588649042	0.0482440106791701
NZ_BAOL01000107.1 Ilumatobacter nonamiensis YM16-303, whole genome shotgun sequence	24011	0.108032454079909	0.322095561484356	0.0482440106791701
NZ_BAOL01000106.1 Ilumatobacter nonamiensis YM16-303, whole genome shotgun sequence	9843	0.363148467575412	0.133034198399224	0.0482440106791701
NZ_BAOL01000105.1 Ilumatobacter nonamiensis YM16-303, whole genome shotgun sequence	15441	0.0135046454254749	0.679238418627213	0.0584973450355947
NZ_BAOL01000104.1 Ilumatobacter nonamiensis YM16-303, whole genome shotgun sequence	7331	0.0720069439378628	0.391341256366723	0.0482440106791701
NZ_BAOL01000103.1 Ilumatobacter nonamiensis YM16-303, whole genome shotgun sequence	12557	0.152635292327031	0.266189667717681	0.0482440106791701
NZ_BAOL01000102.1 Ilumatobacter nonamiensis YM16-303, whole genome shotgun sequence	7057	0.00637551821022472	0.788139704098957	0.0655782472988121
NZ_BAOL01000101.1 Ilumatobacter nonamiensis YM16-303, whole genome shotgun sequence	37248	0.112249317440768	0.316395828280378	0.0482440106791701
NZ_BAOL01000100.1 Ilumatobacter nonamiensis YM16-303, whole genome shotgun sequence	34461	0.0639572249829903	0.40856172689789	0.0482440106791701
NZ_BAOL01000099.1 Ilumatobacter nonamiensis YM16-303, whole genome shotgun sequence	3665	0.0564491272790056	0.431360659713801	0.0482440106791701
NZ_BAOL01000098.1 Ilumatobacter nonamiensis YM16-303, whole genome shotgun sequence	16446	0.199349686897997	0.224715013339801	0.0482440106791701
NZ_BAOL01000097.1 Ilumatobacter nonamiensis YM16-303, whole genome shotgun sequence	7102	0.0594874368176736	0.422629153528984	0.0482440106791701
NZ_BAOL01000096.1 Ilumatobacter nonamiensis YM16-303, whole genome shotgun sequence	21273	0.0403025099973282	0.48981324278438	0.0498157290981413
NZ_BAOL01000095.1 Ilumatobacter nonamiensis YM16-303, whole genome shotgun sequence	1840	0.319344770034006	0.26408099812652	0.0482440106791701
NZ_BAOL01000094.1 Ilumatobacter nonamiensis YM16-303, whole genome shotgun sequence	7428	0.254171660348408	0.187363570215862	0.0482440106791701
NZ_BAOL01000093.1 Ilumatobacter nonamiensis YM16-303, whole genome shotgun sequence	28546	0.0546829926488489	0.437909289352413	0.0482440106791701
NZ_BAOL01000092.1 Ilumatobacter nonamiensis YM16-303, whole genome shotgun sequence	11490	0.128131065498182	0.293960708222168	0.0482440106791701
NZ_BAOL01000091.1 Ilumatobacter nonamiensis YM16-303, whole genome shotgun sequence	28730	0.0775425002299447	0.380790686393403	0.0482440106791701
NZ_BAOL01000090.1 Ilumatobacter nonamiensis YM16-303, whole genome shotgun sequence	3562	0.104328066204317	0.328037836526801	0.0482440106791701
NZ_BAOL01000089.1 Ilumatobacter nonamiensis YM16-303, whole genome shotgun sequence	7669	0.118138737302865	0.307421780257094	0.0482440106791701
NZ_BAOL01000088.1 Ilumatobacter nonamiensis YM16-303, whole genome shotgun sequence	19319	0.291454178939699	0.165777346592287	0.0482440106791701
NZ_BAOL01000087.1 Ilumatobacter nonamiensis YM16-303, whole genome shotgun sequence	9541	0.0870794312804705	0.359204462769828	0.0482440106791701
NZ_BAOL01000086.1 Ilumatobacter nonamiensis YM16-303, whole genome shotgun sequence	2767	0.836590454431062	0.0336030613465141	0.0482440106791701
NZ_BAOL01000085.1 Ilumatobacter nonamiensis YM16-303, whole genome shotgun sequence	20447	0.311164248557454	0.15704584040747	0.0482440106791701
NZ_BAOL01000084.1 Ilumatobacter nonamiensis YM16-303, whole genome shotgun sequence	36751	0.146710893904353	0.27225321367936	0.0482440106791701
NZ_BAOL01000083.1 Ilumatobacter nonamiensis YM16-303, whole genome shotgun sequence	15600	0.309529033326241	0.157530924084405	0.0482440106791701
NZ_BAOL01000082.1 Ilumatobacter nonamiensis YM16-303, whole genome shotgun sequence	24764	0.343582349848641	0.140916808149406	0.0482440106791701
NZ_BAOL01000081.1 Ilumatobacter nonamiensis YM16-303, whole genome shotgun sequence	13431	0.0980616237251075	0.338830948338588	0.0482440106791701
NZ_BAOL01000080.1 Ilumatobacter nonamiensis YM16-303, whole genome shotgun sequence	44138	0.1132448153477	0.315183119088043	0.0482440106791701
NZ_BAOL01000079.1 Ilumatobacter nonamiensis YM16-303, whole genome shotgun sequence	3666	0.055526421591069	0.434756245452341	0.0482440106791701
NZ_BAOL01000078.1 Ilumatobacter nonamiensis YM16-303, whole genome shotgun sequence	30526	0.0607806546264045	0.41911229687121	0.0482440106791701
NZ_BAOL01000077.1 Ilumatobacter nonamiensis YM16-303, whole genome shotgun sequence	56018	0.0394993883405986	0.492966286684453	0.0498157290981413
NZ_BAOL01000076.1 Ilumatobacter nonamiensis YM16-303, whole genome shotgun sequence	1383	0.288114439451707	0.290150277035915	0.0482440106791701
NZ_BAOL01000075.1 Ilumatobacter nonamiensis YM16-303, whole genome shotgun sequence	13882	0.321638413628402	0.153043900072763	0.0482440106791701
NZ_BAOL01000074.1 Ilumatobacter nonamiensis YM16-303, whole genome shotgun sequence	32584	0.0410839159283092	0.486781469803541	0.0498157290981413
NZ_BAOL01000073.1 Ilumatobacter nonamiensis YM16-303, whole genome shotgun sequence	23415	0.259682615362005	0.184210526315789	0.0482440106791701
NZ_BAOL01000072.1 Ilumatobacter nonamiensis YM16-303, whole genome shotgun sequence	34102	0.0572781171122257	0.428935241329129	0.0482440106791701
NZ_BAOL01000071.1 Ilumatobacter nonamiensis YM16-303, whole genome shotgun sequence	3550	0.0151674860312422	0.661896677176813	0.0574685454629542
NZ_BAOL01000070.1 Ilumatobacter nonamiensis YM16-303, whole genome shotgun sequence	10379	0.145568962385576	0.273465922871695	0.0482440106791701
NZ_BAOL01000069.1 Ilumatobacter nonamiensis YM16-303, whole genome shotgun sequence	15066	0.281823808068007	0.172932330827068	0.0482440106791701
NZ_BAOL01000068.1 Ilumatobacter nonamiensis YM16-303, whole genome shotgun sequence	26316	0.117201143655879	0.308755760368664	0.0482440106791701
NZ_BAOL01000067.1 Ilumatobacter nonamiensis YM16-303, whole genome shotgun sequence	9190	0.14622299301599	0.27261702643706	0.0482440106791701
NZ_BAOL01000066.1 Ilumatobacter nonamiensis YM16-303, whole genome shotgun sequence	11870	0.437846640959791	0.106597138006306	0.0482440106791701
NZ_BAOL01000065.1 Ilumatobacter nonamiensis YM16-303, whole genome shotgun sequence	76848	0.0641034603432053	0.408197914140189	0.0482440106791701
NZ_BAOL01000064.1 Ilumatobacter nonamiensis YM16-303, whole genome shotgun sequence	19939	0.0544913378804289	0.438636914867815	0.0482440106791701
NZ_BAOL01000063.1 Ilumatobacter nonamiensis YM16-303, whole genome shotgun sequence	25977	0.0974275343283159	0.340043657530924	0.0482440106791701
NZ_BAOL01000062.1 Ilumatobacter nonamiensis YM16-303, whole genome shotgun sequence	46241	0.0440358049453215	0.473926752364783	0.0498157290981413
NZ_BAOL01000061.1 Ilumatobacter nonamiensis YM16-303, whole genome shotgun sequence	8961	0.0395075961012254	0.492966286684453	0.0498157290981413
NZ_BAOL01000060.1 Ilumatobacter nonamiensis YM16-303, whole genome shotgun sequence	4457	0.0537081427450065	0.44118360417172	0.0482440106791701
NZ_BAOL01000059.1 Ilumatobacter nonamiensis YM16-303, whole genome shotgun sequence	21341	0.293492863026846	0.164685908319185	0.0482440106791701
NZ_BAOL01000058.1 Ilumatobacter nonamiensis YM16-303, whole genome shotgun sequence	21223	0.130843077857456	0.290443851564395	0.0482440106791701
NZ_BAOL01000057.1 Ilumatobacter nonamiensis YM16-303, whole genome shotgun sequence	15830	0.0825255694673417	0.369633761823915	0.0482440106791701
NZ_BAOL01000056.1 Ilumatobacter nonamiensis YM16-303, whole genome shotgun sequence	14980	0.0415371606982834	0.484962406015038	0.0498157290981413
NZ_BAOL01000055.1 Ilumatobacter nonamiensis YM16-303, whole genome shotgun sequence	13309	0.106161729637598	0.325127334465195	0.0482440106791701
NZ_BAOL01000054.1 Ilumatobacter nonamiensis YM16-303, whole genome shotgun sequence	46871	0.133337715847951	0.286563182148921	0.0482440106791701
NZ_BAOL01000053.1 Ilumatobacter nonamiensis YM16-303, whole genome shotgun sequence	10874	0.0668962376074107	0.401285471743876	0.0482440106791701
NZ_BAOL01000052.1 Ilumatobacter nonamiensis YM16-303, whole genome shotgun sequence	10218	0.16068827108471	0.259277225321368	0.0482440106791701
NZ_BAOL01000051.1 Ilumatobacter nonamiensis YM16-303, whole genome shotgun sequence	38619	0.109216492215811	0.319670143099685	0.0482440106791701
NZ_BAOL01000050.1 Ilumatobacter nonamiensis YM16-303, whole genome shotgun sequence	9848	0.116823698362825	0.309483385884065	0.0482440106791701
NZ_BAOL01000049.1 Ilumatobacter nonamiensis YM16-303, whole genome shotgun sequence	13152	0.120425073980139	0.304268736357022	0.0482440106791701
NZ_BAOL01000048.1 Ilumatobacter nonamiensis YM16-303, whole genome shotgun sequence	18746	0.28898727377246	0.16723259762309	0.0482440106791701
NZ_BAOL01000047.1 Ilumatobacter nonamiensis YM16-303, whole genome shotgun sequence	15584	0.106976486790185	0.323672083434392	0.0482440106791701
NZ_BAOL01000046.1 Ilumatobacter nonamiensis YM16-303, whole genome shotgun sequence	5165	0.153138720678506	0.26546204220228	0.0482440106791701
NZ_BAOL01000045.1 Ilumatobacter nonamiensis YM16-303, whole genome shotgun sequence	19263	0.232646293064937	0.198884307543051	0.0482440106791701
NZ_BAOL01000044.1 Ilumatobacter nonamiensis YM16-303, whole genome shotgun sequence	9756	0.140369091989606	0.279165656075673	0.0482440106791701
NZ_BAOL01000043.1 Ilumatobacter nonamiensis YM16-303, whole genome shotgun sequence	39436	0.141245069771169	0.278195488721804	0.0482440106791701
NZ_BAOL01000042.1 Ilumatobacter nonamiensis YM16-303, whole genome shotgun sequence	17734	0.0359338310485706	0.511520737327189	0.0501935570661968
NZ_BAOL01000041.1 Ilumatobacter nonamiensis YM16-303, whole genome shotgun sequence	11879	0.0885211639844121	0.357385398981324	0.0482440106791701
NZ_BAOL01000040.1 Ilumatobacter nonamiensis YM16-303, whole genome shotgun sequence	55188	0.112574768866234	0.316274557361145	0.0482440106791701
NZ_BAOL01000039.1 Ilumatobacter nonamiensis YM16-303, whole genome shotgun sequence	14685	0.0398831183001105	0.49151103565365	0.0498157290981413
NZ_BAOL01000038.1 Ilumatobacter nonamiensis YM16-303, whole genome shotgun sequence	9032	0.0537017627715791	0.441304875090953	0.0482440106791701
NZ_BAOL01000037.1 Ilumatobacter nonamiensis YM16-303, whole genome shotgun sequence	44474	0.056947609279401	0.429905408682998	0.0482440106791701
NZ_BAOL01000036.1 Ilumatobacter nonamiensis YM16-303, whole genome shotgun sequence	21699	0.195806185846708	0.227989328159107	0.0482440106791701
NZ_BAOL01000035.1 Ilumatobacter nonamiensis YM16-303, whole genome shotgun sequence	4036	0.0319716071825917	0.53298569003153	0.0507523999493676
NZ_BAOL01000034.1 Ilumatobacter nonamiensis YM16-303, whole genome shotgun sequence	17501	0.0831343008893083	0.368057239873878	0.0482440106791701
NZ_BAOL01000033.1 Ilumatobacter nonamiensis YM16-303, whole genome shotgun sequence	14106	0.256828005270357	0.186029590104293	0.0482440106791701
NZ_BAOL01000032.1 Ilumatobacter nonamiensis YM16-303, whole genome shotgun sequence	32539	0.0334421100285572	0.524254183846714	0.0502764432493378
NZ_BAOL01000031.1 Ilumatobacter nonamiensis YM16-303, whole genome shotgun sequence	18715	0.0976330205351576	0.33955857385399	0.0482440106791701
NZ_BAOL01000030.1 Ilumatobacter nonamiensis YM16-303, whole genome shotgun sequence	34505	0.0572509540983294	0.428935241329129	0.0482440106791701
NZ_BAOL01000029.1 Ilumatobacter nonamiensis YM16-303, whole genome shotgun sequence	13605	0.0814459283172057	0.371937909289352	0.0482440106791701
NZ_BAOL01000028.1 Ilumatobacter nonamiensis YM16-303, whole genome shotgun sequence	15916	0.264238701766713	0.181785107931118	0.0482440106791701
NZ_BAOL01000027.1 Ilumatobacter nonamiensis YM16-303, whole genome shotgun sequence	25486	0.114392508929339	0.313364055299539	0.0482440106791701
NZ_BAOL01000026.1 Ilumatobacter nonamiensis YM16-303, whole genome shotgun sequence	32670	0.14374652894833	0.276255154014067	0.0482440106791701
NZ_BAOL01000025.1 Ilumatobacter nonamiensis YM16-303, whole genome shotgun sequence	33667	0.148086602069628	0.271161775406258	0.0482440106791701
NZ_BAOL01000024.1 Ilumatobacter nonamiensis YM16-303, whole genome shotgun sequence	7926	0.62484356764557	0.0612418142129517	0.0482440106791701
NZ_BAOL01000023.1 Ilumatobacter nonamiensis YM16-303, whole genome shotgun sequence	38714	0.0994098162669459	0.336890613630851	0.0482440106791701
NZ_BAOL01000022.1 Ilumatobacter nonamiensis YM16-303, whole genome shotgun sequence	435	0.369140762507044	0.291956305858987	0.0482440106791701
NZ_BAOL01000021.1 Ilumatobacter nonamiensis YM16-303, whole genome shotgun sequence	9628	0.290073674356201	0.166747513946156	0.0482440106791701
NZ_BAOL01000020.1 Ilumatobacter nonamiensis YM16-303, whole genome shotgun sequence	77497	0.0880300234411899	0.358355566335193	0.0482440106791701
NZ_BAOL01000019.1 Ilumatobacter nonamiensis YM16-303, whole genome shotgun sequence	17341	0.172529216008189	0.247756487994179	0.0482440106791701
NZ_BAOL01000018.1 Ilumatobacter nonamiensis YM16-303, whole genome shotgun sequence	28351	0.0629175724167505	0.411350958040262	0.0482440106791701
NZ_BAOL01000017.1 Ilumatobacter nonamiensis YM16-303, whole genome shotgun sequence	12988	0.117267763348877	0.30863448944943	0.0482440106791701
NZ_BAOL01000016.1 Ilumatobacter nonamiensis YM16-303, whole genome shotgun sequence	18615	0.0606844169466974	0.419233567790444	0.0482440106791701
NZ_BAOL01000015.1 Ilumatobacter nonamiensis YM16-303, whole genome shotgun sequence	31832	0.417177267865566	0.114237205918021	0.0482440106791701
NZ_BAOL01000014.1 Ilumatobacter nonamiensis YM16-303, whole genome shotgun sequence	24796	0.113140454275226	0.31542566092651	0.0482440106791701
NZ_BAOL01000013.1 Ilumatobacter nonamiensis YM16-303, whole genome shotgun sequence	28638	0.163979167891115	0.257094348775164	0.0482440106791701
NZ_BAOL01000012.1 Ilumatobacter nonamiensis YM16-303, whole genome shotgun sequence	53548	0.0592512984814945	0.422992966286684	0.0482440106791701
NZ_BAOL01000011.1 Ilumatobacter nonamiensis YM16-303, whole genome shotgun sequence	48062	0.0591475259524231	0.422992966286684	0.0482440106791701
NZ_BAOL01000010.1 Ilumatobacter nonamiensis YM16-303, whole genome shotgun sequence	26999	0.0797578613475219	0.375697307785593	0.0482440106791701
NZ_BAOL01000009.1 Ilumatobacter nonamiensis YM16-303, whole genome shotgun sequence	18905	0.0701565508838101	0.39497938394373	0.0482440106791701
NZ_BAOL01000008.1 Ilumatobacter nonamiensis YM16-303, whole genome shotgun sequence	94156	0.125452229676977	0.297598835799175	0.0482440106791701
NZ_BAOL01000007.1 Ilumatobacter nonamiensis YM16-303, whole genome shotgun sequence	17273	0.132930018268372	0.287169536745089	0.0482440106791701
NZ_BAOL01000006.1 Ilumatobacter nonamiensis YM16-303, whole genome shotgun sequence	15973	0.207046683712587	0.218530196458889	0.0482440106791701
NZ_BAOL01000005.1 Ilumatobacter nonamiensis YM16-303, whole genome shotgun sequence	4587	0.121843498860738	0.302449672568518	0.0482440106791701
NZ_BAOL01000004.1 Ilumatobacter nonamiensis YM16-303, whole genome shotgun sequence	40847	0.416354824752836	0.114601018675722	0.0482440106791701
NZ_BAOL01000003.1 Ilumatobacter nonamiensis YM16-303, whole genome shotgun sequence	79669	0.132739554254376	0.287290807664322	0.0482440106791701
NZ_BAOL01000002.1 Ilumatobacter nonamiensis YM16-303, whole genome shotgun sequence	22557	0.0549334887110559	0.437302934756245	0.0482440106791701
NZ_BAOL01000001.1 Ilumatobacter nonamiensis YM16-303, whole genome shotgun sequence	25588	0.073033984241425	0.388430754305118	0.0482440106791701
