name	length	score	pvalue	qvalue
NZ_JNGI01000001.1 Trabulsiella odontotermitis strain 12 SAMPLE12_CONTIG_1, whole genome shotgun sequence	3567	0.0354362513342842	0.514309968469561	0.0447397718310746
NZ_JNGI01000010.1 Trabulsiella odontotermitis strain 12 SAMPLE12_CONTIG_10, whole genome shotgun sequence	16353	0.00388808927661044	0.84162017948096	0.0471893334104879
NZ_JNGI01000100.1 Trabulsiella odontotermitis strain 12 SAMPLE12_CONTIG_100, whole genome shotgun sequence	2795	0.346341005140927	0.243113963407342	0.0447397718310746
NZ_JNGI01000101.1 Trabulsiella odontotermitis strain 12 SAMPLE12_CONTIG_101, whole genome shotgun sequence	7838	0.00861015888732159	0.747877758913413	0.0447397718310746
NZ_JNGI01000102.1 Trabulsiella odontotermitis strain 12 SAMPLE12_CONTIG_102, whole genome shotgun sequence	1999	0.432125763596264	0.189659983258261	0.0447397718310746
NZ_JNGI01000103.1 Trabulsiella odontotermitis strain 12 SAMPLE12_CONTIG_103, whole genome shotgun sequence	672	0.585459242610959	0.142562065541212	0.0447397718310746
NZ_JNGI01000104.1 Trabulsiella odontotermitis strain 12 SAMPLE12_CONTIG_104, whole genome shotgun sequence	3034	0.439369684526832	0.106233325248605	0.0447397718310746
NZ_JNGI01000105.1 Trabulsiella odontotermitis strain 12 SAMPLE12_CONTIG_105, whole genome shotgun sequence	2447	0.229716385380934	0.346354685693786	0.0447397718310746
NZ_JNGI01000106.1 Trabulsiella odontotermitis strain 12 SAMPLE12_CONTIG_106, whole genome shotgun sequence	279	0.302673263030695	0.358689175769613	0.0447397718310746
NZ_JNGI01000107.1 Trabulsiella odontotermitis strain 12 SAMPLE12_CONTIG_107, whole genome shotgun sequence	3786	0.470813777575599	0.0959252971137521	0.0447397718310746
NZ_JNGI01000108.1 Trabulsiella odontotermitis strain 12 SAMPLE12_CONTIG_108, whole genome shotgun sequence	702	0.710464997124297	0.0801588877855015	0.0447397718310746
NZ_JNGI01000109.1 Trabulsiella odontotermitis strain 12 SAMPLE12_CONTIG_109, whole genome shotgun sequence	299	0.611479222367466	0.128599801390268	0.0447397718310746
NZ_JNGI01000011.1 Trabulsiella odontotermitis strain 12 SAMPLE12_CONTIG_11, whole genome shotgun sequence	101708	0.00942130794793888	0.734659228716954	0.0447397718310746
NZ_JNGI01000110.1 Trabulsiella odontotermitis strain 12 SAMPLE12_CONTIG_110, whole genome shotgun sequence	1897	0.402495684053478	0.206800334834775	0.0447397718310746
NZ_JNGI01000111.1 Trabulsiella odontotermitis strain 12 SAMPLE12_CONTIG_111, whole genome shotgun sequence	1240	0.110877466216785	0.518635149679117	0.0447397718310746
NZ_JNGI01000112.1 Trabulsiella odontotermitis strain 12 SAMPLE12_CONTIG_112, whole genome shotgun sequence	280	0.0987647525896502	0.676444885799404	0.0447397718310746
NZ_JNGI01000113.1 Trabulsiella odontotermitis strain 12 SAMPLE12_CONTIG_113, whole genome shotgun sequence	292	0.254854935866148	0.413684210526316	0.0447397718310746
NZ_JNGI01000114.1 Trabulsiella odontotermitis strain 12 SAMPLE12_CONTIG_114, whole genome shotgun sequence	288	0.539997085027787	0.168798411122145	0.0447397718310746
NZ_JNGI01000115.1 Trabulsiella odontotermitis strain 12 SAMPLE12_CONTIG_115, whole genome shotgun sequence	4393	0.0137100674301292	0.676934271161775	0.0447397718310746
NZ_JNGI01000116.1 Trabulsiella odontotermitis strain 12 SAMPLE12_CONTIG_116, whole genome shotgun sequence	461	0.253346191915596	0.415590863952334	0.0447397718310746
NZ_JNGI01000117.1 Trabulsiella odontotermitis strain 12 SAMPLE12_CONTIG_117, whole genome shotgun sequence	325	0.479279805813651	0.207765640516385	0.0447397718310746
NZ_JNGI01000118.1 Trabulsiella odontotermitis strain 12 SAMPLE12_CONTIG_118, whole genome shotgun sequence	316	0.36080717391343	0.299126117179742	0.0447397718310746
NZ_JNGI01000119.1 Trabulsiella odontotermitis strain 12 SAMPLE12_CONTIG_119, whole genome shotgun sequence	465	0.773118272629206	0.0541608738828203	0.0434493173620558
NZ_JNGI01000012.1 Trabulsiella odontotermitis strain 12 SAMPLE12_CONTIG_12, whole genome shotgun sequence	102923	0.0161212523752213	0.651346107203493	0.0447397718310746
NZ_JNGI01000121.1 Trabulsiella odontotermitis strain 12 SAMPLE12_CONTIG_121, whole genome shotgun sequence	200	0.908685597427798	0.0117576961271102	0.0204367403996076
NZ_JNGI01000122.1 Trabulsiella odontotermitis strain 12 SAMPLE12_CONTIG_122, whole genome shotgun sequence	258	0.97885271547203	0.000794438927507448	0.00331406601074719
NZ_JNGI01000123.1 Trabulsiella odontotermitis strain 12 SAMPLE12_CONTIG_123, whole genome shotgun sequence	11828	0.0316987465749147	0.534198399223866	0.0447397718310746
NZ_JNGI01000124.1 Trabulsiella odontotermitis strain 12 SAMPLE12_CONTIG_124, whole genome shotgun sequence	75424	0.0430157722695698	0.478413776376425	0.0447397718310746
NZ_JNGI01000125.1 Trabulsiella odontotermitis strain 12 SAMPLE12_CONTIG_125, whole genome shotgun sequence	4024	0.149042870993164	0.269827795294688	0.0447397718310746
NZ_JNGI01000126.1 Trabulsiella odontotermitis strain 12 SAMPLE12_CONTIG_126, whole genome shotgun sequence	8614	0.021398636797275	0.604414261460102	0.0447397718310746
NZ_JNGI01000127.1 Trabulsiella odontotermitis strain 12 SAMPLE12_CONTIG_127, whole genome shotgun sequence	1809	0.0385824965667436	0.734204966715829	0.0447397718310746
NZ_JNGI01000128.1 Trabulsiella odontotermitis strain 12 SAMPLE12_CONTIG_128, whole genome shotgun sequence	142343	0.0177525292001997	0.636793596895464	0.0447397718310746
NZ_JNGI01000129.1 Trabulsiella odontotermitis strain 12 SAMPLE12_CONTIG_129, whole genome shotgun sequence	1115	0.589079130024536	0.116155777892933	0.0447397718310746
NZ_JNGI01000013.1 Trabulsiella odontotermitis strain 12 SAMPLE12_CONTIG_13, whole genome shotgun sequence	29766	0.00322240097232778	0.859447004608295	0.0478107748896244
NZ_JNGI01000130.1 Trabulsiella odontotermitis strain 12 SAMPLE12_CONTIG_130, whole genome shotgun sequence	1695	0.115269326679443	0.510583170566429	0.0447397718310746
NZ_JNGI01000131.1 Trabulsiella odontotermitis strain 12 SAMPLE12_CONTIG_131, whole genome shotgun sequence	1587	0.130213194342485	0.48291944034759	0.0447397718310746
NZ_JNGI01000132.1 Trabulsiella odontotermitis strain 12 SAMPLE12_CONTIG_132, whole genome shotgun sequence	12623	0.206920298125057	0.218651467378123	0.0447397718310746
NZ_JNGI01000133.1 Trabulsiella odontotermitis strain 12 SAMPLE12_CONTIG_133, whole genome shotgun sequence	24888	0.330334130796559	0.147707979626486	0.0447397718310746
NZ_JNGI01000134.1 Trabulsiella odontotermitis strain 12 SAMPLE12_CONTIG_134, whole genome shotgun sequence	89967	0.0109865370783067	0.710647586708707	0.0447397718310746
NZ_JNGI01000135.1 Trabulsiella odontotermitis strain 12 SAMPLE12_CONTIG_135, whole genome shotgun sequence	872	0.408826794104723	0.258848063555114	0.0447397718310746
NZ_JNGI01000136.1 Trabulsiella odontotermitis strain 12 SAMPLE12_CONTIG_136, whole genome shotgun sequence	1570	0.439041429423562	0.18591302268107	0.0447397718310746
NZ_JNGI01000137.1 Trabulsiella odontotermitis strain 12 SAMPLE12_CONTIG_137, whole genome shotgun sequence	16908	0.0143671771747571	0.671719621634732	0.0447397718310746
NZ_JNGI01000138.1 Trabulsiella odontotermitis strain 12 SAMPLE12_CONTIG_138, whole genome shotgun sequence	1369	0.563501603077457	0.12695818551441	0.0447397718310746
NZ_JNGI01000139.1 Trabulsiella odontotermitis strain 12 SAMPLE12_CONTIG_139, whole genome shotgun sequence	1874	0.119991048662156	0.501733965799019	0.0447397718310746
NZ_JNGI01000014.1 Trabulsiella odontotermitis strain 12 SAMPLE12_CONTIG_14, whole genome shotgun sequence, dnax frameshifting element	189137	0.0138130918274901	0.67608537472714	0.0447397718310746
NZ_JNGI01000140.1 Trabulsiella odontotermitis strain 12 SAMPLE12_CONTIG_140, whole genome shotgun sequence	212	0.0766102539973238	0.732373386295929	0.0447397718310746
NZ_JNGI01000141.1 Trabulsiella odontotermitis strain 12 SAMPLE12_CONTIG_141, whole genome shotgun sequence	233	0.0462039297657972	0.825441906653426	0.046532397794819
NZ_JNGI01000142.1 Trabulsiella odontotermitis strain 12 SAMPLE12_CONTIG_142, whole genome shotgun sequence	202	0.299812263505395	0.361688182720953	0.0447397718310746
NZ_JNGI01000143.1 Trabulsiella odontotermitis strain 12 SAMPLE12_CONTIG_143, whole genome shotgun sequence	1365	0.0993228615422575	0.543269422410013	0.0447397718310746
NZ_JNGI01000144.1 Trabulsiella odontotermitis strain 12 SAMPLE12_CONTIG_144, whole genome shotgun sequence	234	0.569481245199915	0.151638530287984	0.0447397718310746
NZ_JNGI01000145.1 Trabulsiella odontotermitis strain 12 SAMPLE12_CONTIG_145, whole genome shotgun sequence	270	0.849242361248084	0.0285600794438928	0.0335855688029112
NZ_JNGI01000146.1 Trabulsiella odontotermitis strain 12 SAMPLE12_CONTIG_146, whole genome shotgun sequence	204	0.977191921542965	0.000953326713008937	0.00331406601074719
NZ_JNGI01000147.1 Trabulsiella odontotermitis strain 12 SAMPLE12_CONTIG_147, whole genome shotgun sequence	206	0.198233302170325	0.48857994041708	0.0447397718310746
NZ_JNGI01000148.1 Trabulsiella odontotermitis strain 12 SAMPLE12_CONTIG_148, whole genome shotgun sequence	219	0.105148764641933	0.661012909632572	0.0447397718310746
NZ_JNGI01000149.1 Trabulsiella odontotermitis strain 12 SAMPLE12_CONTIG_149, whole genome shotgun sequence	215	0.321485356770459	0.338490566037736	0.0447397718310746
NZ_JNGI01000015.1 Trabulsiella odontotermitis strain 12 SAMPLE12_CONTIG_15, whole genome shotgun sequence	25614	0.00557360504613181	0.803662381760854	0.045917247916841
NZ_JNGI01000150.1 Trabulsiella odontotermitis strain 12 SAMPLE12_CONTIG_150, whole genome shotgun sequence	246	0.210192194113484	0.471896722939424	0.0447397718310746
NZ_JNGI01000151.1 Trabulsiella odontotermitis strain 12 SAMPLE12_CONTIG_151, whole genome shotgun sequence	211	0.0738514331791785	0.739960278053625	0.0447397718310746
NZ_JNGI01000152.1 Trabulsiella odontotermitis strain 12 SAMPLE12_CONTIG_152, whole genome shotgun sequence	101647	0.0246301883312933	0.577977201067184	0.0447397718310746
NZ_JNGI01000153.1 Trabulsiella odontotermitis strain 12 SAMPLE12_CONTIG_153, whole genome shotgun sequence	1771	0.141521403411483	0.463905608482481	0.0447397718310746
NZ_JNGI01000154.1 Trabulsiella odontotermitis strain 12 SAMPLE12_CONTIG_154, whole genome shotgun sequence	39023	0.0160335397009742	0.652073732718894	0.0447397718310746
NZ_JNGI01000155.1 Trabulsiella odontotermitis strain 12 SAMPLE12_CONTIG_155, whole genome shotgun sequence	101123	0.0106320094573941	0.715740965316517	0.0447397718310746
NZ_JNGI01000156.1 Trabulsiella odontotermitis strain 12 SAMPLE12_CONTIG_156, whole genome shotgun sequence	54281	0.0210542767660575	0.606597138006306	0.0447397718310746
NZ_JNGI01000157.1 Trabulsiella odontotermitis strain 12 SAMPLE12_CONTIG_157, whole genome shotgun sequence	76025	0.0607984545196133	0.41911229687121	0.0447397718310746
NZ_JNGI01000158.1 Trabulsiella odontotermitis strain 12 SAMPLE12_CONTIG_158, whole genome shotgun sequence	51136	0.00813295629268531	0.755032743148193	0.0447397718310746
NZ_JNGI01000159.1 Trabulsiella odontotermitis strain 12 SAMPLE12_CONTIG_159, whole genome shotgun sequence	4790	0.490043296851727	0.0907106475867087	0.0447397718310746
NZ_JNGI01000016.1 Trabulsiella odontotermitis strain 12 SAMPLE12_CONTIG_16, whole genome shotgun sequence, rose (repression of heat shock gene expression) occurs in the 5'-region of heat shock genes and acts as an rna thermometer to modulate expression.	142135	0.0168342928247312	0.646010186757216	0.0447397718310746
NZ_JNGI01000160.1 Trabulsiella odontotermitis strain 12 SAMPLE12_CONTIG_160, whole genome shotgun sequence	1231	0.100696124298202	0.539881213377446	0.0447397718310746
NZ_JNGI01000161.1 Trabulsiella odontotermitis strain 12 SAMPLE12_CONTIG_161, whole genome shotgun sequence	26211	0.105378492244757	0.326340043657531	0.0447397718310746
NZ_JNGI01000162.1 Trabulsiella odontotermitis strain 12 SAMPLE12_CONTIG_162, whole genome shotgun sequence	34642	0.0539135183616086	0.440455978656318	0.0447397718310746
NZ_JNGI01000163.1 Trabulsiella odontotermitis strain 12 SAMPLE12_CONTIG_163, whole genome shotgun sequence	3154	0.114437130103454	0.313364055299539	0.0447397718310746
NZ_JNGI01000164.1 Trabulsiella odontotermitis strain 12 SAMPLE12_CONTIG_164, whole genome shotgun sequence	302	0.564412716541442	0.154856007944389	0.0447397718310746
NZ_JNGI01000165.1 Trabulsiella odontotermitis strain 12 SAMPLE12_CONTIG_165, whole genome shotgun sequence	903	0.079741231572857	0.723932472691162	0.0447397718310746
NZ_JNGI01000166.1 Trabulsiella odontotermitis strain 12 SAMPLE12_CONTIG_166, whole genome shotgun sequence	818	0.545037921689711	0.165938430983118	0.0447397718310746
NZ_JNGI01000167.1 Trabulsiella odontotermitis strain 12 SAMPLE12_CONTIG_167, whole genome shotgun sequence	547	0.0617034362948093	0.775690168818272	0.044943281325572
NZ_JNGI01000168.1 Trabulsiella odontotermitis strain 12 SAMPLE12_CONTIG_168, whole genome shotgun sequence	552	0.212100247348331	0.469314796425025	0.0447397718310746
NZ_JNGI01000169.1 Trabulsiella odontotermitis strain 12 SAMPLE12_CONTIG_169, whole genome shotgun sequence	410	0.265388197158222	0.40025819265144	0.0447397718310746
NZ_JNGI01000017.1 Trabulsiella odontotermitis strain 12 SAMPLE12_CONTIG_17, whole genome shotgun sequence	102886	0.0123977811965778	0.692942032500606	0.0447397718310746
NZ_JNGI01000170.1 Trabulsiella odontotermitis strain 12 SAMPLE12_CONTIG_170, whole genome shotgun sequence	460	0.806197216518913	0.0426613704071499	0.0434493173620558
NZ_JNGI01000171.1 Trabulsiella odontotermitis strain 12 SAMPLE12_CONTIG_171, whole genome shotgun sequence	359	0.220666816306469	0.457874875868918	0.0447397718310746
NZ_JNGI01000172.1 Trabulsiella odontotermitis strain 12 SAMPLE12_CONTIG_172, whole genome shotgun sequence	205	0.992606467012784	1.98609731876862e-05	0.0002071291256717
NZ_JNGI01000173.1 Trabulsiella odontotermitis strain 12 SAMPLE12_CONTIG_173, whole genome shotgun sequence	390	0.619376722509832	0.124468718967229	0.0447397718310746
NZ_JNGI01000174.1 Trabulsiella odontotermitis strain 12 SAMPLE12_CONTIG_174, whole genome shotgun sequence	205	0.953629101731059	0.00343594836146971	0.00895833468530101
NZ_JNGI01000175.1 Trabulsiella odontotermitis strain 12 SAMPLE12_CONTIG_175, whole genome shotgun sequence	236	0.139436386149521	0.587249255213505	0.0447397718310746
NZ_JNGI01000176.1 Trabulsiella odontotermitis strain 12 SAMPLE12_CONTIG_176, whole genome shotgun sequence	2405	0.474848108645606	0.167297803643321	0.0447397718310746
NZ_JNGI01000177.1 Trabulsiella odontotermitis strain 12 SAMPLE12_CONTIG_177, whole genome shotgun sequence	94380	0.0157704708038744	0.6549842347805	0.0447397718310746
NZ_JNGI01000178.1 Trabulsiella odontotermitis strain 12 SAMPLE12_CONTIG_178, whole genome shotgun sequence	156878	0.0209864150811634	0.606839679844773	0.0447397718310746
NZ_JNGI01000179.1 Trabulsiella odontotermitis strain 12 SAMPLE12_CONTIG_179, whole genome shotgun sequence	18197	0.0343497810616737	0.520130972592772	0.0447397718310746
NZ_JNGI01000018.1 Trabulsiella odontotermitis strain 12 SAMPLE12_CONTIG_18, whole genome shotgun sequence, trp leader region	137930	0.0160558876373964	0.65195246179966	0.0447397718310746
NZ_JNGI01000180.1 Trabulsiella odontotermitis strain 12 SAMPLE12_CONTIG_180, whole genome shotgun sequence	31835	0.0130500396477837	0.684938151831191	0.0447397718310746
NZ_JNGI01000181.1 Trabulsiella odontotermitis strain 12 SAMPLE12_CONTIG_181, whole genome shotgun sequence	30874	0.0742142707784578	0.387218045112782	0.0447397718310746
NZ_JNGI01000182.1 Trabulsiella odontotermitis strain 12 SAMPLE12_CONTIG_182, whole genome shotgun sequence	15469	0.00974592961514422	0.727625515401407	0.0447397718310746
NZ_JNGI01000183.1 Trabulsiella odontotermitis strain 12 SAMPLE12_CONTIG_183, whole genome shotgun sequence	104351	0.0137080920501948	0.676934271161775	0.0447397718310746
NZ_JNGI01000184.1 Trabulsiella odontotermitis strain 12 SAMPLE12_CONTIG_184, whole genome shotgun sequence, phe leader region	132387	0.0625188324883782	0.41232112539413	0.0447397718310746
NZ_JNGI01000185.1 Trabulsiella odontotermitis strain 12 SAMPLE12_CONTIG_185, whole genome shotgun sequence, thr leader region	67430	0.0108030732774563	0.713315546931846	0.0447397718310746
NZ_JNGI01000186.1 Trabulsiella odontotermitis strain 12 SAMPLE12_CONTIG_186, whole genome shotgun sequence	37217	0.0088603638122741	0.742784380305603	0.0447397718310746
NZ_JNGI01000187.1 Trabulsiella odontotermitis strain 12 SAMPLE12_CONTIG_187, whole genome shotgun sequence	1222	0.0891496798949849	0.567544943596285	0.0447397718310746
NZ_JNGI01000188.1 Trabulsiella odontotermitis strain 12 SAMPLE12_CONTIG_188, whole genome shotgun sequence	1664	0.0688485844640932	0.621836010682824	0.0447397718310746
NZ_JNGI01000189.1 Trabulsiella odontotermitis strain 12 SAMPLE12_CONTIG_189, whole genome shotgun sequence	13003	0.00313116829090562	0.861872422992966	0.0478107748896244
NZ_JNGI01000019.1 Trabulsiella odontotermitis strain 12 SAMPLE12_CONTIG_19, whole genome shotgun sequence	93001	0.0208441081526933	0.607688576279408	0.0447397718310746
NZ_JNGI01000190.1 Trabulsiella odontotermitis strain 12 SAMPLE12_CONTIG_190, whole genome shotgun sequence	1768	0.774205954667174	0.0515406385777494	0.0434493173620558
NZ_JNGI01000191.1 Trabulsiella odontotermitis strain 12 SAMPLE12_CONTIG_191, whole genome shotgun sequence	461	0.311484648088117	0.349314796425025	0.0447397718310746
NZ_JNGI01000002.1 Trabulsiella odontotermitis strain 12 SAMPLE12_CONTIG_2, whole genome shotgun sequence	8231	0.0300381003331227	0.543778801843318	0.0447397718310746
NZ_JNGI01000020.1 Trabulsiella odontotermitis strain 12 SAMPLE12_CONTIG_20, whole genome shotgun sequence	13135	0.0229279915533129	0.593257336890614	0.0447397718310746
NZ_JNGI01000021.1 Trabulsiella odontotermitis strain 12 SAMPLE12_CONTIG_21, whole genome shotgun sequence	103188	0.013225649606593	0.682270191608052	0.0447397718310746
NZ_JNGI01000022.1 Trabulsiella odontotermitis strain 12 SAMPLE12_CONTIG_22, whole genome shotgun sequence	26591	0.0165506990876953	0.648556876061121	0.0447397718310746
NZ_JNGI01000023.1 Trabulsiella odontotermitis strain 12 SAMPLE12_CONTIG_23, whole genome shotgun sequence	59780	0.0417339601195556	0.483992238661169	0.0447397718310746
NZ_JNGI01000024.1 Trabulsiella odontotermitis strain 12 SAMPLE12_CONTIG_24, whole genome shotgun sequence	56187	0.0179539676859323	0.634489449430027	0.0447397718310746
NZ_JNGI01000025.1 Trabulsiella odontotermitis strain 12 SAMPLE12_CONTIG_25, whole genome shotgun sequence, phe leader region	42825	0.0320742085936702	0.53262187727383	0.0447397718310746
NZ_JNGI01000026.1 Trabulsiella odontotermitis strain 12 SAMPLE12_CONTIG_26, whole genome shotgun sequence	76635	0.0251119308589141	0.575066699005578	0.0447397718310746
NZ_JNGI01000027.1 Trabulsiella odontotermitis strain 12 SAMPLE12_CONTIG_27, whole genome shotgun sequence	79484	0.0102704114406648	0.721198156682028	0.0447397718310746
NZ_JNGI01000028.1 Trabulsiella odontotermitis strain 12 SAMPLE12_CONTIG_28, whole genome shotgun sequence	75524	0.0261786180968168	0.570094591317002	0.0447397718310746
NZ_JNGI01000029.1 Trabulsiella odontotermitis strain 12 SAMPLE12_CONTIG_29, whole genome shotgun sequence	13154	0.0177951706798629	0.636429784137764	0.0447397718310746
NZ_JNGI01000003.1 Trabulsiella odontotermitis strain 12 SAMPLE12_CONTIG_3, whole genome shotgun sequence	1276	0.786318737697228	0.0476740941523498	0.0434493173620558
NZ_JNGI01000030.1 Trabulsiella odontotermitis strain 12 SAMPLE12_CONTIG_30, whole genome shotgun sequence	101485	0.0101591427017752	0.723017220470531	0.0447397718310746
NZ_JNGI01000031.1 Trabulsiella odontotermitis strain 12 SAMPLE12_CONTIG_31, whole genome shotgun sequence	43809	0.0207580504985303	0.608052389037109	0.0447397718310746
NZ_JNGI01000032.1 Trabulsiella odontotermitis strain 12 SAMPLE12_CONTIG_32, whole genome shotgun sequence	22545	0.102059218978266	0.331554693184574	0.0447397718310746
NZ_JNGI01000033.1 Trabulsiella odontotermitis strain 12 SAMPLE12_CONTIG_33, whole genome shotgun sequence	84190	0.0436083797541686	0.475503274314819	0.0447397718310746
NZ_JNGI01000034.1 Trabulsiella odontotermitis strain 12 SAMPLE12_CONTIG_34, whole genome shotgun sequence	41240	0.0140751966555051	0.67402376910017	0.0447397718310746
NZ_JNGI01000035.1 Trabulsiella odontotermitis strain 12 SAMPLE12_CONTIG_35, whole genome shotgun sequence, his leader region	45200	0.256057355821103	0.186029590104293	0.0447397718310746
NZ_JNGI01000036.1 Trabulsiella odontotermitis strain 12 SAMPLE12_CONTIG_36, whole genome shotgun sequence	10635	0.00933755499658629	0.736478292505457	0.0447397718310746
NZ_JNGI01000037.1 Trabulsiella odontotermitis strain 12 SAMPLE12_CONTIG_37, whole genome shotgun sequence	104645	0.0222697697048037	0.59822944457919	0.0447397718310746
NZ_JNGI01000038.1 Trabulsiella odontotermitis strain 12 SAMPLE12_CONTIG_38, whole genome shotgun sequence	26929	0.00689937012321456	0.776618966771768	0.044943281325572
NZ_JNGI01000039.1 Trabulsiella odontotermitis strain 12 SAMPLE12_CONTIG_39, whole genome shotgun sequence	49791	0.0217051538145333	0.601503759398496	0.0447397718310746
NZ_JNGI01000004.1 Trabulsiella odontotermitis strain 12 SAMPLE12_CONTIG_4, whole genome shotgun sequence	235	0.430186906653928	0.242025819265144	0.0447397718310746
NZ_JNGI01000040.1 Trabulsiella odontotermitis strain 12 SAMPLE12_CONTIG_40, whole genome shotgun sequence	27185	0.0385446409052477	0.496361872422993	0.0447397718310746
NZ_JNGI01000041.1 Trabulsiella odontotermitis strain 12 SAMPLE12_CONTIG_41, whole genome shotgun sequence	9960	0.589059997001421	0.0685180693669658	0.0447397718310746
NZ_JNGI01000042.1 Trabulsiella odontotermitis strain 12 SAMPLE12_CONTIG_42, whole genome shotgun sequence	30857	0.0320800768911886	0.53262187727383	0.0447397718310746
NZ_JNGI01000043.1 Trabulsiella odontotermitis strain 12 SAMPLE12_CONTIG_43, whole genome shotgun sequence	6622	0.505464802090447	0.0865874363327674	0.0447397718310746
NZ_JNGI01000044.1 Trabulsiella odontotermitis strain 12 SAMPLE12_CONTIG_44, whole genome shotgun sequence	14156	0.176714431560929	0.243875818578705	0.0447397718310746
NZ_JNGI01000045.1 Trabulsiella odontotermitis strain 12 SAMPLE12_CONTIG_45, whole genome shotgun sequence	21402	0.00495423741458369	0.81542566092651	0.0462175796270005
NZ_JNGI01000046.1 Trabulsiella odontotermitis strain 12 SAMPLE12_CONTIG_46, whole genome shotgun sequence	56998	0.0258997007996383	0.571307300509338	0.0447397718310746
NZ_JNGI01000047.1 Trabulsiella odontotermitis strain 12 SAMPLE12_CONTIG_47, whole genome shotgun sequence	6680	0.0626317364405979	0.412078583555663	0.0447397718310746
NZ_JNGI01000048.1 Trabulsiella odontotermitis strain 12 SAMPLE12_CONTIG_48, whole genome shotgun sequence	30764	0.0504548365992575	0.450764006791171	0.0447397718310746
NZ_JNGI01000049.1 Trabulsiella odontotermitis strain 12 SAMPLE12_CONTIG_49, whole genome shotgun sequence	17426	0.0233461240604887	0.589497938394373	0.0447397718310746
NZ_JNGI01000005.1 Trabulsiella odontotermitis strain 12 SAMPLE12_CONTIG_5, whole genome shotgun sequence	1154	0.940048922226659	0.0077729501335353	0.0162127439560423
NZ_JNGI01000050.1 Trabulsiella odontotermitis strain 12 SAMPLE12_CONTIG_50, whole genome shotgun sequence	86570	0.0403130702054596	0.489691971865147	0.0447397718310746
NZ_JNGI01000051.1 Trabulsiella odontotermitis strain 12 SAMPLE12_CONTIG_51, whole genome shotgun sequence	47553	0.0153064179313113	0.660926509822944	0.0447397718310746
NZ_JNGI01000052.1 Trabulsiella odontotermitis strain 12 SAMPLE12_CONTIG_52, whole genome shotgun sequence	12236	0.0942894335929811	0.345379577977201	0.0447397718310746
NZ_JNGI01000053.1 Trabulsiella odontotermitis strain 12 SAMPLE12_CONTIG_53, whole genome shotgun sequence	9890	0.0227856847919336	0.594591317002183	0.0447397718310746
NZ_JNGI01000054.1 Trabulsiella odontotermitis strain 12 SAMPLE12_CONTIG_54, whole genome shotgun sequence	9399	0.00753171004004249	0.764734416686878	0.0448054950834568
NZ_JNGI01000055.1 Trabulsiella odontotermitis strain 12 SAMPLE12_CONTIG_55, whole genome shotgun sequence	35941	0.0745915388423064	0.386369148678147	0.0447397718310746
NZ_JNGI01000056.1 Trabulsiella odontotermitis strain 12 SAMPLE12_CONTIG_56, whole genome shotgun sequence	6114	0.577055485221469	0.0705796749939365	0.0447397718310746
NZ_JNGI01000057.1 Trabulsiella odontotermitis strain 12 SAMPLE12_CONTIG_57, whole genome shotgun sequence	13601	0.00814681948961713	0.754790201309726	0.0447397718310746
NZ_JNGI01000058.1 Trabulsiella odontotermitis strain 12 SAMPLE12_CONTIG_58, whole genome shotgun sequence	5529	0.0188187892976298	0.626606839679845	0.0447397718310746
NZ_JNGI01000059.1 Trabulsiella odontotermitis strain 12 SAMPLE12_CONTIG_59, whole genome shotgun sequence	26773	0.0131820619702475	0.68287654620422	0.0447397718310746
NZ_JNGI01000006.1 Trabulsiella odontotermitis strain 12 SAMPLE12_CONTIG_6, whole genome shotgun sequence	886	0.112011480627004	0.645223435948362	0.0447397718310746
NZ_JNGI01000060.1 Trabulsiella odontotermitis strain 12 SAMPLE12_CONTIG_60, whole genome shotgun sequence	39278	0.014029353255916	0.674145040019403	0.0447397718310746
NZ_JNGI01000061.1 Trabulsiella odontotermitis strain 12 SAMPLE12_CONTIG_61, whole genome shotgun sequence	6645	0.000547989550172832	0.964952704341499	0.0529654996406711
NZ_JNGI01000062.1 Trabulsiella odontotermitis strain 12 SAMPLE12_CONTIG_62, whole genome shotgun sequence	50023	0.0116222600836021	0.702764976958525	0.0447397718310746
NZ_JNGI01000063.1 Trabulsiella odontotermitis strain 12 SAMPLE12_CONTIG_63, whole genome shotgun sequence	41939	0.018614790181766	0.628668445306815	0.0447397718310746
NZ_JNGI01000064.1 Trabulsiella odontotermitis strain 12 SAMPLE12_CONTIG_64, whole genome shotgun sequence	62225	0.0156259355171586	0.657409653165171	0.0447397718310746
NZ_JNGI01000065.1 Trabulsiella odontotermitis strain 12 SAMPLE12_CONTIG_65, whole genome shotgun sequence	22989	0.00777479788558677	0.761581372786806	0.0448054950834568
NZ_JNGI01000066.1 Trabulsiella odontotermitis strain 12 SAMPLE12_CONTIG_66, whole genome shotgun sequence	10582	0.0054844844408295	0.805723987387824	0.045917247916841
NZ_JNGI01000067.1 Trabulsiella odontotermitis strain 12 SAMPLE12_CONTIG_67, whole genome shotgun sequence	9421	0.00672826074090647	0.780014552510308	0.044943281325572
NZ_JNGI01000068.1 Trabulsiella odontotermitis strain 12 SAMPLE12_CONTIG_68, whole genome shotgun sequence	11863	0.0207018974874856	0.608901285471744	0.0447397718310746
NZ_JNGI01000069.1 Trabulsiella odontotermitis strain 12 SAMPLE12_CONTIG_69, whole genome shotgun sequence	29024	0.0176038528822225	0.638370118845501	0.0447397718310746
NZ_JNGI01000007.1 Trabulsiella odontotermitis strain 12 SAMPLE12_CONTIG_7, whole genome shotgun sequence	32272	0.289914046020428	0.166868784865389	0.0447397718310746
NZ_JNGI01000070.1 Trabulsiella odontotermitis strain 12 SAMPLE12_CONTIG_70, whole genome shotgun sequence	27730	0.0143503309168702	0.671840892553966	0.0447397718310746
NZ_JNGI01000071.1 Trabulsiella odontotermitis strain 12 SAMPLE12_CONTIG_71, whole genome shotgun sequence	10560	0.795190938611946	0.0289837496968227	0.0335855688029112
NZ_JNGI01000072.1 Trabulsiella odontotermitis strain 12 SAMPLE12_CONTIG_72, whole genome shotgun sequence	11001	0.061124760440333	0.417899587678875	0.0447397718310746
NZ_JNGI01000073.1 Trabulsiella odontotermitis strain 12 SAMPLE12_CONTIG_73, whole genome shotgun sequence	1425	0.159058966563235	0.438115358552238	0.0447397718310746
NZ_JNGI01000074.1 Trabulsiella odontotermitis strain 12 SAMPLE12_CONTIG_74, whole genome shotgun sequence	44058	0.0108477892910919	0.712830463254912	0.0447397718310746
NZ_JNGI01000075.1 Trabulsiella odontotermitis strain 12 SAMPLE12_CONTIG_75, whole genome shotgun sequence	20407	0.0222138874018556	0.59822944457919	0.0447397718310746
NZ_JNGI01000076.1 Trabulsiella odontotermitis strain 12 SAMPLE12_CONTIG_76, whole genome shotgun sequence	6831	0.795123573321254	0.0289837496968227	0.0335855688029112
NZ_JNGI01000077.1 Trabulsiella odontotermitis strain 12 SAMPLE12_CONTIG_77, whole genome shotgun sequence	1633	0.366823774054265	0.228883485470562	0.0447397718310746
NZ_JNGI01000078.1 Trabulsiella odontotermitis strain 12 SAMPLE12_CONTIG_78, whole genome shotgun sequence	4508	0.0508583610758255	0.45003638127577	0.0447397718310746
NZ_JNGI01000079.1 Trabulsiella odontotermitis strain 12 SAMPLE12_CONTIG_79, whole genome shotgun sequence	8287	0.116280039648145	0.310211011399466	0.0447397718310746
NZ_JNGI01000008.1 Trabulsiella odontotermitis strain 12 SAMPLE12_CONTIG_8, whole genome shotgun sequence	34327	0.0121581637639792	0.695973805481445	0.0447397718310746
NZ_JNGI01000080.1 Trabulsiella odontotermitis strain 12 SAMPLE12_CONTIG_80, whole genome shotgun sequence	4197	0.0368126172168234	0.506669900557846	0.0447397718310746
NZ_JNGI01000081.1 Trabulsiella odontotermitis strain 12 SAMPLE12_CONTIG_81, whole genome shotgun sequence	8554	0.198928978860024	0.225200097016735	0.0447397718310746
NZ_JNGI01000082.1 Trabulsiella odontotermitis strain 12 SAMPLE12_CONTIG_82, whole genome shotgun sequence	5158	0.203654652867828	0.220955614843561	0.0447397718310746
NZ_JNGI01000083.1 Trabulsiella odontotermitis strain 12 SAMPLE12_CONTIG_83, whole genome shotgun sequence	2945	0.257850468405553	0.317734284689281	0.0447397718310746
NZ_JNGI01000084.1 Trabulsiella odontotermitis strain 12 SAMPLE12_CONTIG_84, whole genome shotgun sequence	1558	0.220421565277933	0.356160561246861	0.0447397718310746
NZ_JNGI01000085.1 Trabulsiella odontotermitis strain 12 SAMPLE12_CONTIG_85, whole genome shotgun sequence	3766	0.045837564642599	0.467256851806937	0.0447397718310746
NZ_JNGI01000086.1 Trabulsiella odontotermitis strain 12 SAMPLE12_CONTIG_86, whole genome shotgun sequence	7786	0.0337690525458933	0.522920203735144	0.0447397718310746
NZ_JNGI01000087.1 Trabulsiella odontotermitis strain 12 SAMPLE12_CONTIG_87, whole genome shotgun sequence	3415	0.010327589411932	0.720834343924327	0.0447397718310746
NZ_JNGI01000088.1 Trabulsiella odontotermitis strain 12 SAMPLE12_CONTIG_88, whole genome shotgun sequence	9554	0.0145323653838186	0.669294203250061	0.0447397718310746
NZ_JNGI01000089.1 Trabulsiella odontotermitis strain 12 SAMPLE12_CONTIG_89, whole genome shotgun sequence	1639	0.482689655239387	0.16355084306613	0.0447397718310746
NZ_JNGI01000009.1 Trabulsiella odontotermitis strain 12 SAMPLE12_CONTIG_9, whole genome shotgun sequence	100312	0.0702378568313213	0.394858113024497	0.0447397718310746
NZ_JNGI01000090.1 Trabulsiella odontotermitis strain 12 SAMPLE12_CONTIG_90, whole genome shotgun sequence	2259	0.0581314180674104	0.656515326663212	0.0447397718310746
NZ_JNGI01000091.1 Trabulsiella odontotermitis strain 12 SAMPLE12_CONTIG_91, whole genome shotgun sequence	1224	0.0533466979753725	0.674293458763503	0.0447397718310746
NZ_JNGI01000092.1 Trabulsiella odontotermitis strain 12 SAMPLE12_CONTIG_92, whole genome shotgun sequence	4643	0.511655227244837	0.0847683725442639	0.0447397718310746
NZ_JNGI01000093.1 Trabulsiella odontotermitis strain 12 SAMPLE12_CONTIG_93, whole genome shotgun sequence	4899	0.344437655604875	0.140552995391705	0.0447397718310746
NZ_JNGI01000094.1 Trabulsiella odontotermitis strain 12 SAMPLE12_CONTIG_94, whole genome shotgun sequence	1764	0.00640078078581729	0.937417786104357	0.0517263735740397
NZ_JNGI01000095.1 Trabulsiella odontotermitis strain 12 SAMPLE12_CONTIG_95, whole genome shotgun sequence	1098	0.0985942858497308	0.54462470602304	0.0447397718310746
NZ_JNGI01000096.1 Trabulsiella odontotermitis strain 12 SAMPLE12_CONTIG_96, whole genome shotgun sequence	1205	0.111930798062524	0.516482640411368	0.0447397718310746
NZ_JNGI01000097.1 Trabulsiella odontotermitis strain 12 SAMPLE12_CONTIG_97, whole genome shotgun sequence	3089	0.462679245757481	0.0996846956099927	0.0447397718310746
NZ_JNGI01000098.1 Trabulsiella odontotermitis strain 12 SAMPLE12_CONTIG_98, whole genome shotgun sequence	2015	0.451371533835249	0.179535217443297	0.0447397718310746
NZ_JNGI01000099.1 Trabulsiella odontotermitis strain 12 SAMPLE12_CONTIG_99, whole genome shotgun sequence	2438	0.118986445076261	0.503687168653087	0.0447397718310746
