name	length	score	pvalue	qvalue
NZ_AWXR01000001.1 Rhodonellum psychrophilum GCM71 = DSM 17998 strain GCM71 EFN26G0L, whole genome shotgun sequence	189138	0.0052443945346414	0.810089740480233	0.967399052732536
NZ_AWXR01000002.1 Rhodonellum psychrophilum GCM71 = DSM 17998 strain GCM71 EFN26G0P, whole genome shotgun sequence	180081	0.00320474338606912	0.860174630123696	0.967399052732536
NZ_AWXR01000003.1 Rhodonellum psychrophilum GCM71 = DSM 17998 strain GCM71 EFN26G0T, whole genome shotgun sequence	148667	0.00279238130035404	0.870240116420082	0.967399052732536
NZ_AWXR01000004.1 Rhodonellum psychrophilum GCM71 = DSM 17998 strain GCM71 EFN26G0Z, whole genome shotgun sequence	143521	0.00426245059392757	0.830463254911472	0.967399052732536
NZ_AWXR01000005.1 Rhodonellum psychrophilum GCM71 = DSM 17998 strain GCM71 EFN26G13, whole genome shotgun sequence	135554	0.00322120031453233	0.859568275527528	0.967399052732536
NZ_AWXR01000006.1 Rhodonellum psychrophilum GCM71 = DSM 17998 strain GCM71 EFN26G16, whole genome shotgun sequence	126894	0.00174039384440996	0.908804268736357	0.967399052732536
NZ_AWXR01000007.1 Rhodonellum psychrophilum GCM71 = DSM 17998 strain GCM71 EFN26G1B, whole genome shotgun sequence	125275	0.00298076861101731	0.866359447004608	0.967399052732536
NZ_AWXR01000008.1 Rhodonellum psychrophilum GCM71 = DSM 17998 strain GCM71 EFN26G1F, whole genome shotgun sequence	124986	0.00563507142400458	0.803056027164686	0.967399052732536
NZ_AWXR01000009.1 Rhodonellum psychrophilum GCM71 = DSM 17998 strain GCM71 EFN26G1J, whole genome shotgun sequence	123629	0.00141280419289317	0.921901528013582	0.967399052732536
NZ_AWXR01000010.1 Rhodonellum psychrophilum GCM71 = DSM 17998 strain GCM71 EFN26G1M, whole genome shotgun sequence	105738	0.00283484589116741	0.869391219985447	0.967399052732536
NZ_AWXR01000011.1 Rhodonellum psychrophilum GCM71 = DSM 17998 strain GCM71 EFN26G1Q, whole genome shotgun sequence	97269	0.00622928308111192	0.790565122483628	0.967399052732536
NZ_AWXR01000012.1 Rhodonellum psychrophilum GCM71 = DSM 17998 strain GCM71 EFN26G1T, whole genome shotgun sequence	96569	0.00764186027766172	0.76376424933301	0.967399052732536
NZ_AWXR01000013.1 Rhodonellum psychrophilum GCM71 = DSM 17998 strain GCM71 EFN26G1X, whole genome shotgun sequence	91693	0.00748128335159442	0.765704584040747	0.967399052732536
NZ_AWXR01000014.1 Rhodonellum psychrophilum GCM71 = DSM 17998 strain GCM71 EFN26G21, whole genome shotgun sequence	89555	0.00300825579617709	0.865268008731506	0.967399052732536
NZ_AWXR01000015.1 Rhodonellum psychrophilum GCM71 = DSM 17998 strain GCM71 EFN26G23, whole genome shotgun sequence	87645	0.00340914593062555	0.854232355081252	0.967399052732536
NZ_AWXR01000016.1 Rhodonellum psychrophilum GCM71 = DSM 17998 strain GCM71 EFN26G26, whole genome shotgun sequence	85502	0.00288065303510664	0.868178510793112	0.967399052732536
NZ_AWXR01000017.1 Rhodonellum psychrophilum GCM71 = DSM 17998 strain GCM71 EFN26G28, whole genome shotgun sequence	85249	0.00416645897787303	0.833737569730779	0.967399052732536
NZ_AWXR01000018.1 Rhodonellum psychrophilum GCM71 = DSM 17998 strain GCM71 EFN26G2C, whole genome shotgun sequence	83309	0.0173322126646536	0.641159349987873	0.967399052732536
NZ_AWXR01000019.1 Rhodonellum psychrophilum GCM71 = DSM 17998 strain GCM71 EFN26G2F, whole genome shotgun sequence	81931	0.00665371566069844	0.782076158137279	0.967399052732536
NZ_AWXR01000020.1 Rhodonellum psychrophilum GCM71 = DSM 17998 strain GCM71 EFN26G2J, whole genome shotgun sequence	79976	0.0020638077624622	0.897404802328402	0.967399052732536
NZ_AWXR01000021.1 Rhodonellum psychrophilum GCM71 = DSM 17998 strain GCM71 EFN26G2L, whole genome shotgun sequence	79258	0.00282805330702218	0.869512490904681	0.967399052732536
NZ_AWXR01000022.1 Rhodonellum psychrophilum GCM71 = DSM 17998 strain GCM71 EFN26G2P, whole genome shotgun sequence	77738	0.00294353884014218	0.867329614358477	0.967399052732536
NZ_AWXR01000023.1 Rhodonellum psychrophilum GCM71 = DSM 17998 strain GCM71 EFN26G2R, whole genome shotgun sequence	70883	0.00330379731093497	0.858234295415959	0.967399052732536
NZ_AWXR01000024.1 Rhodonellum psychrophilum GCM71 = DSM 17998 strain GCM71 EFN26G2T, whole genome shotgun sequence	69824	0.00219360043079968	0.891826340043658	0.967399052732536
NZ_AWXR01000025.1 Rhodonellum psychrophilum GCM71 = DSM 17998 strain GCM71 EFN26G2X, whole genome shotgun sequence	60890	0.00565210097909987	0.802570943487752	0.967399052732536
NZ_AWXR01000026.1 Rhodonellum psychrophilum GCM71 = DSM 17998 strain GCM71 EFN26G30, whole genome shotgun sequence	58778	0.00389397115629575	0.841498908561727	0.967399052732536
NZ_AWXR01000027.1 Rhodonellum psychrophilum GCM71 = DSM 17998 strain GCM71 EFN26G32, whole genome shotgun sequence	57849	0.002244418699979	0.890128547174388	0.967399052732536
NZ_AWXR01000028.1 Rhodonellum psychrophilum GCM71 = DSM 17998 strain GCM71 EFN26G34, whole genome shotgun sequence	55438	0.0406396721875945	0.488236720834344	0.967399052732536
NZ_AWXR01000029.1 Rhodonellum psychrophilum GCM71 = DSM 17998 strain GCM71 EFN26G36, whole genome shotgun sequence	54192	0.00364098423169721	0.84804753820034	0.967399052732536
NZ_AWXR01000030.1 Rhodonellum psychrophilum GCM71 = DSM 17998 strain GCM71 EFN26G38, whole genome shotgun sequence	53628	0.00358369869409898	0.849866601988843	0.967399052732536
NZ_AWXR01000031.1 Rhodonellum psychrophilum GCM71 = DSM 17998 strain GCM71 EFN26G3B, whole genome shotgun sequence	51954	0.00204940634455757	0.897889886005336	0.967399052732536
NZ_AWXR01000032.1 Rhodonellum psychrophilum GCM71 = DSM 17998 strain GCM71 EFN26G3D, whole genome shotgun sequence	51076	0.00321918971259772	0.859689546446762	0.967399052732536
NZ_AWXR01000033.1 Rhodonellum psychrophilum GCM71 = DSM 17998 strain GCM71 EFN26G3G, whole genome shotgun sequence	49969	0.00206118691671804	0.897647344166869	0.967399052732536
NZ_AWXR01000034.1 Rhodonellum psychrophilum GCM71 = DSM 17998 strain GCM71 EFN26G3K, whole genome shotgun sequence	48471	0.00305260184561576	0.864419112296871	0.967399052732536
NZ_AWXR01000035.1 Rhodonellum psychrophilum GCM71 = DSM 17998 strain GCM71 EFN26G3M, whole genome shotgun sequence	44085	0.00238079944349983	0.885398981324278	0.967399052732536
NZ_AWXR01000036.1 Rhodonellum psychrophilum GCM71 = DSM 17998 strain GCM71 EFN26G3P, whole genome shotgun sequence	40943	0.00836875079597907	0.750666990055785	0.967399052732536
NZ_AWXR01000037.1 Rhodonellum psychrophilum GCM71 = DSM 17998 strain GCM71 EFN26G3R, whole genome shotgun sequence	39791	0.00423361848372637	0.831312151346107	0.967399052732536
NZ_AWXR01000038.1 Rhodonellum psychrophilum GCM71 = DSM 17998 strain GCM71 EFN26G3T, whole genome shotgun sequence	39230	0.00360091437890796	0.849381518311909	0.967399052732536
NZ_AWXR01000039.1 Rhodonellum psychrophilum GCM71 = DSM 17998 strain GCM71 EFN26G3V, whole genome shotgun sequence	38477	0.00270710155487684	0.872786805723987	0.967399052732536
NZ_AWXR01000040.1 Rhodonellum psychrophilum GCM71 = DSM 17998 strain GCM71 EFN26G3X, whole genome shotgun sequence	37890	0.00358384579327593	0.849866601988843	0.967399052732536
NZ_AWXR01000041.1 Rhodonellum psychrophilum GCM71 = DSM 17998 strain GCM71 EFN26G40, whole genome shotgun sequence	37800	0.0090692279150037	0.740358961920931	0.967399052732536
NZ_AWXR01000042.1 Rhodonellum psychrophilum GCM71 = DSM 17998 strain GCM71 EFN26G42, whole genome shotgun sequence	36903	0.00534699619193462	0.807906863934029	0.967399052732536
NZ_AWXR01000043.1 Rhodonellum psychrophilum GCM71 = DSM 17998 strain GCM71 EFN26G44, whole genome shotgun sequence	36720	0.00478295884071884	0.819306330341984	0.967399052732536
NZ_AWXR01000044.1 Rhodonellum psychrophilum GCM71 = DSM 17998 strain GCM71 EFN26G46, whole genome shotgun sequence	36550	0.00453681571383349	0.822095561484356	0.967399052732536
NZ_AWXR01000045.1 Rhodonellum psychrophilum GCM71 = DSM 17998 strain GCM71 EFN26G47, whole genome shotgun sequence	36075	0.00208908206179164	0.896555905893767	0.967399052732536
NZ_AWXR01000046.1 Rhodonellum psychrophilum GCM71 = DSM 17998 strain GCM71 EFN26G49, whole genome shotgun sequence	34670	0.00967218226835626	0.728716953674509	0.967399052732536
NZ_AWXR01000047.1 Rhodonellum psychrophilum GCM71 = DSM 17998 strain GCM71 EFN26G4C, whole genome shotgun sequence	34624	0.00375327648392245	0.845500848896435	0.967399052732536
NZ_AWXR01000048.1 Rhodonellum psychrophilum GCM71 = DSM 17998 strain GCM71 EFN26G4F, whole genome shotgun sequence	34215	0.0116546198274609	0.702643706039292	0.967399052732536
NZ_AWXR01000049.1 Rhodonellum psychrophilum GCM71 = DSM 17998 strain GCM71 EFN26G4H, whole genome shotgun sequence	34042	0.0107022909405569	0.714164443366481	0.967399052732536
NZ_AWXR01000050.1 Rhodonellum psychrophilum GCM71 = DSM 17998 strain GCM71 EFN26G4K, whole genome shotgun sequence	33505	0.00268048750425583	0.873756973077856	0.967399052732536
NZ_AWXR01000051.1 Rhodonellum psychrophilum GCM71 = DSM 17998 strain GCM71 EFN26G4M, whole genome shotgun sequence	33487	0.0029579683636628	0.866965801600776	0.967399052732536
NZ_AWXR01000052.1 Rhodonellum psychrophilum GCM71 = DSM 17998 strain GCM71 EFN26G4N, whole genome shotgun sequence	33147	0.00470253412535297	0.820155226776619	0.967399052732536
NZ_AWXR01000053.1 Rhodonellum psychrophilum GCM71 = DSM 17998 strain GCM71 EFN26G4Q, whole genome shotgun sequence	32926	0.0112081091707186	0.708100897404802	0.967399052732536
NZ_AWXR01000054.1 Rhodonellum psychrophilum GCM71 = DSM 17998 strain GCM71 EFN26G4S, whole genome shotgun sequence	32764	0.00171099824547563	0.909531894251758	0.967399052732536
NZ_AWXR01000055.1 Rhodonellum psychrophilum GCM71 = DSM 17998 strain GCM71 EFN26G4V, whole genome shotgun sequence	31762	0.00621229126219877	0.790928935241329	0.967399052732536
NZ_AWXR01000056.1 Rhodonellum psychrophilum GCM71 = DSM 17998 strain GCM71 EFN26G4W, whole genome shotgun sequence	31638	0.00237649006961707	0.885398981324278	0.967399052732536
NZ_AWXR01000057.1 Rhodonellum psychrophilum GCM71 = DSM 17998 strain GCM71 EFN26G4Z, whole genome shotgun sequence	30627	0.00439553164113559	0.826218772738297	0.967399052732536
NZ_AWXR01000058.1 Rhodonellum psychrophilum GCM71 = DSM 17998 strain GCM71 EFN26G51, whole genome shotgun sequence	29813	0.00161572177535237	0.913412563667233	0.967399052732536
NZ_AWXR01000059.1 Rhodonellum psychrophilum GCM71 = DSM 17998 strain GCM71 EFN26G52, whole genome shotgun sequence	29335	0.00660322657297193	0.783410138248848	0.967399052732536
NZ_AWXR01000060.1 Rhodonellum psychrophilum GCM71 = DSM 17998 strain GCM71 EFN26G54, whole genome shotgun sequence	28247	0.00480629603789566	0.81882124666505	0.967399052732536
NZ_AWXR01000061.1 Rhodonellum psychrophilum GCM71 = DSM 17998 strain GCM71 EFN26G56, whole genome shotgun sequence	27458	0.00721525054141246	0.770191608052389	0.967399052732536
NZ_AWXR01000062.1 Rhodonellum psychrophilum GCM71 = DSM 17998 strain GCM71 EFN26G57, whole genome shotgun sequence	25103	0.0170931210537627	0.643463497453311	0.967399052732536
NZ_AWXR01000063.1 Rhodonellum psychrophilum GCM71 = DSM 17998 strain GCM71 EFN26G59, whole genome shotgun sequence	24377	0.0500540632373017	0.452219257821974	0.967399052732536
NZ_AWXR01000064.1 Rhodonellum psychrophilum GCM71 = DSM 17998 strain GCM71 EFN26G5B, whole genome shotgun sequence	24152	0.00701840491568425	0.773223381033228	0.967399052732536
NZ_AWXR01000065.1 Rhodonellum psychrophilum GCM71 = DSM 17998 strain GCM71 EFN26G5D, whole genome shotgun sequence	23557	0.011766888741056	0.700945913170022	0.967399052732536
NZ_AWXR01000066.1 Rhodonellum psychrophilum GCM71 = DSM 17998 strain GCM71 EFN26G5F, whole genome shotgun sequence	23556	0.0375380855713352	0.501333980111569	0.967399052732536
NZ_AWXR01000067.1 Rhodonellum psychrophilum GCM71 = DSM 17998 strain GCM71 EFN26G5H, whole genome shotgun sequence	23231	0.0145182658048866	0.669536745088528	0.967399052732536
NZ_AWXR01000068.1 Rhodonellum psychrophilum GCM71 = DSM 17998 strain GCM71 EFN26G5K, whole genome shotgun sequence	23219	0.00519640133422648	0.810817365995634	0.967399052732536
NZ_AWXR01000069.1 Rhodonellum psychrophilum GCM71 = DSM 17998 strain GCM71 EFN26G5L, whole genome shotgun sequence	23200	0.00352855548447508	0.851200582100412	0.967399052732536
NZ_AWXR01000070.1 Rhodonellum psychrophilum GCM71 = DSM 17998 strain GCM71 EFN26G5N, whole genome shotgun sequence	22872	0.00524931491155809	0.809968469560999	0.967399052732536
NZ_AWXR01000071.1 Rhodonellum psychrophilum GCM71 = DSM 17998 strain GCM71 EFN26G5P, whole genome shotgun sequence	22706	0.00639561991568588	0.787654620422023	0.967399052732536
NZ_AWXR01000072.1 Rhodonellum psychrophilum GCM71 = DSM 17998 strain GCM71 EFN26G5R, whole genome shotgun sequence	22435	0.00420403457155134	0.832161047780742	0.967399052732536
NZ_AWXR01000073.1 Rhodonellum psychrophilum GCM71 = DSM 17998 strain GCM71 EFN26G5T, whole genome shotgun sequence	21732	0.0116710641817779	0.702401164200825	0.967399052732536
NZ_AWXR01000074.1 Rhodonellum psychrophilum GCM71 = DSM 17998 strain GCM71 EFN26G5V, whole genome shotgun sequence	21421	0.00877856674071835	0.744603444094106	0.967399052732536
NZ_AWXR01000075.1 Rhodonellum psychrophilum GCM71 = DSM 17998 strain GCM71 EFN26G5W, whole genome shotgun sequence	21192	0.00895054315170899	0.742056754790201	0.967399052732536
NZ_AWXR01000076.1 Rhodonellum psychrophilum GCM71 = DSM 17998 strain GCM71 EFN26G5Z, whole genome shotgun sequence	20803	0.00952995031418654	0.731869997574582	0.967399052732536
NZ_AWXR01000077.1 Rhodonellum psychrophilum GCM71 = DSM 17998 strain GCM71 EFN26G61, whole genome shotgun sequence	20193	0.00124523865787843	0.929177783167596	0.967399052732536
NZ_AWXR01000078.1 Rhodonellum psychrophilum GCM71 = DSM 17998 strain GCM71 EFN26G62, whole genome shotgun sequence	19827	0.0032836502626768	0.858476837254426	0.967399052732536
NZ_AWXR01000079.1 Rhodonellum psychrophilum GCM71 = DSM 17998 strain GCM71 EFN26G64, whole genome shotgun sequence	19777	0.00648423836980269	0.785471743875819	0.967399052732536
NZ_AWXR01000080.1 Rhodonellum psychrophilum GCM71 = DSM 17998 strain GCM71 EFN26G65, whole genome shotgun sequence	19495	0.0024902924843537	0.881639582828038	0.967399052732536
NZ_AWXR01000081.1 Rhodonellum psychrophilum GCM71 = DSM 17998 strain GCM71 EFN26G67, whole genome shotgun sequence	19245	0.00475373440537984	0.819670143099685	0.967399052732536
NZ_AWXR01000082.1 Rhodonellum psychrophilum GCM71 = DSM 17998 strain GCM71 EFN26G68, whole genome shotgun sequence	19175	0.00303231368954147	0.864904195973806	0.967399052732536
NZ_AWXR01000083.1 Rhodonellum psychrophilum GCM71 = DSM 17998 strain GCM71 EFN26G6B, whole genome shotgun sequence	18992	0.000680123627585739	0.956463739995149	0.967399052732536
NZ_AWXR01000084.1 Rhodonellum psychrophilum GCM71 = DSM 17998 strain GCM71 EFN26G6C, whole genome shotgun sequence	18569	0.00296669404703842	0.866965801600776	0.967399052732536
NZ_AWXR01000085.1 Rhodonellum psychrophilum GCM71 = DSM 17998 strain GCM71 EFN26G6F, whole genome shotgun sequence	18552	0.00351919461884053	0.851321853019646	0.967399052732536
NZ_AWXR01000086.1 Rhodonellum psychrophilum GCM71 = DSM 17998 strain GCM71 EFN26G6G, whole genome shotgun sequence	18025	0.00851719609189487	0.748847926267281	0.967399052732536
NZ_AWXR01000087.1 Rhodonellum psychrophilum GCM71 = DSM 17998 strain GCM71 EFN26G6J, whole genome shotgun sequence	17756	0.0103332900996658	0.720713073005093	0.967399052732536
NZ_AWXR01000088.1 Rhodonellum psychrophilum GCM71 = DSM 17998 strain GCM71 EFN26G6K, whole genome shotgun sequence	16683	0.00306998464785936	0.86405529953917	0.967399052732536
NZ_AWXR01000089.1 Rhodonellum psychrophilum GCM71 = DSM 17998 strain GCM71 EFN26G6M, whole genome shotgun sequence	16648	0.00983270983377124	0.726291535289837	0.967399052732536
NZ_AWXR01000090.1 Rhodonellum psychrophilum GCM71 = DSM 17998 strain GCM71 EFN26G6N, whole genome shotgun sequence	16379	0.00392453729023506	0.840407470288625	0.967399052732536
NZ_AWXR01000091.1 Rhodonellum psychrophilum GCM71 = DSM 17998 strain GCM71 EFN26G6P, whole genome shotgun sequence	16108	0.139925960995874	0.279893281591074	0.967399052732536
NZ_AWXR01000092.1 Rhodonellum psychrophilum GCM71 = DSM 17998 strain GCM71 EFN26G6R, whole genome shotgun sequence	15879	0.0230095080797996	0.592287169536745	0.967399052732536
NZ_AWXR01000093.1 Rhodonellum psychrophilum GCM71 = DSM 17998 strain GCM71 EFN26G6S, whole genome shotgun sequence	15783	0.0050311455491053	0.814334222653408	0.967399052732536
NZ_AWXR01000094.1 Rhodonellum psychrophilum GCM71 = DSM 17998 strain GCM71 EFN26G6V, whole genome shotgun sequence	13195	0.00795002571544959	0.759034683482901	0.967399052732536
NZ_AWXR01000095.1 Rhodonellum psychrophilum GCM71 = DSM 17998 strain GCM71 EFN26G6W, whole genome shotgun sequence	13140	0.0193343740013726	0.621998544748969	0.967399052732536
NZ_AWXR01000096.1 Rhodonellum psychrophilum GCM71 = DSM 17998 strain GCM71 EFN26G6Z, whole genome shotgun sequence	12671	0.00280327609887373	0.870118845500849	0.967399052732536
NZ_AWXR01000097.1 Rhodonellum psychrophilum GCM71 = DSM 17998 strain GCM71 EFN26G70, whole genome shotgun sequence	11967	0.0012705528814748	0.928571428571429	0.967399052732536
NZ_AWXR01000098.1 Rhodonellum psychrophilum GCM71 = DSM 17998 strain GCM71 EFN26G71, whole genome shotgun sequence	11751	0.0078628424605357	0.760489934513704	0.967399052732536
NZ_AWXR01000099.1 Rhodonellum psychrophilum GCM71 = DSM 17998 strain GCM71 EFN26G73, whole genome shotgun sequence	11445	0.00491526395888483	0.815910744603444	0.967399052732536
NZ_AWXR01000100.1 Rhodonellum psychrophilum GCM71 = DSM 17998 strain GCM71 EFN26G74, whole genome shotgun sequence	11232	0.0011545394753708	0.933422265340771	0.967399052732536
NZ_AWXR01000101.1 Rhodonellum psychrophilum GCM71 = DSM 17998 strain GCM71 EFN26G75, whole genome shotgun sequence	11174	0.0068589261459106	0.777225321367936	0.967399052732536
NZ_AWXR01000102.1 Rhodonellum psychrophilum GCM71 = DSM 17998 strain GCM71 EFN26G77, whole genome shotgun sequence	10178	0.00170838218382607	0.909531894251758	0.967399052732536
NZ_AWXR01000103.1 Rhodonellum psychrophilum GCM71 = DSM 17998 strain GCM71 EFN26G78, whole genome shotgun sequence	9462	0.00261019310276866	0.876303662381761	0.967399052732536
NZ_AWXR01000104.1 Rhodonellum psychrophilum GCM71 = DSM 17998 strain GCM71 EFN26G79, whole genome shotgun sequence	8940	0.03778595720574	0.5	0.967399052732536
NZ_AWXR01000105.1 Rhodonellum psychrophilum GCM71 = DSM 17998 strain GCM71 EFN26G7C, whole genome shotgun sequence	8919	0.00496113070842583	0.81542566092651	0.967399052732536
NZ_AWXR01000106.1 Rhodonellum psychrophilum GCM71 = DSM 17998 strain GCM71 EFN26G7D, whole genome shotgun sequence	8874	0.00186062084786595	0.904923599320883	0.967399052732536
NZ_AWXR01000107.1 Rhodonellum psychrophilum GCM71 = DSM 17998 strain GCM71 EFN26G7F, whole genome shotgun sequence	8848	0.00161867721790039	0.913412563667233	0.967399052732536
NZ_AWXR01000108.1 Rhodonellum psychrophilum GCM71 = DSM 17998 strain GCM71 EFN26G7H, whole genome shotgun sequence	8295	0.00638977488775211	0.787654620422023	0.967399052732536
NZ_AWXR01000109.1 Rhodonellum psychrophilum GCM71 = DSM 17998 strain GCM71 EFN26G7J, whole genome shotgun sequence	8235	0.000665330816131495	0.957676449187485	0.967399052732536
NZ_AWXR01000110.1 Rhodonellum psychrophilum GCM71 = DSM 17998 strain GCM71 EFN26G7K, whole genome shotgun sequence	8074	0.000739395039182311	0.954159592529711	0.967399052732536
NZ_AWXR01000111.1 Rhodonellum psychrophilum GCM71 = DSM 17998 strain GCM71 EFN26G7M, whole genome shotgun sequence	7762	0.0292779577873908	0.548872180451128	0.967399052732536
NZ_AWXR01000112.1 Rhodonellum psychrophilum GCM71 = DSM 17998 strain GCM71 EFN26G7N, whole genome shotgun sequence	7716	0.00578060557298582	0.799296628668445	0.967399052732536
NZ_AWXR01000113.1 Rhodonellum psychrophilum GCM71 = DSM 17998 strain GCM71 EFN26G7Q, whole genome shotgun sequence	7675	0.00164633974456195	0.91232112539413	0.967399052732536
NZ_AWXR01000114.1 Rhodonellum psychrophilum GCM71 = DSM 17998 strain GCM71 EFN26G7R, whole genome shotgun sequence	7599	0.00222605024320546	0.890734901770555	0.967399052732536
NZ_AWXR01000115.1 Rhodonellum psychrophilum GCM71 = DSM 17998 strain GCM71 EFN26G7S, whole genome shotgun sequence	7552	0.0625557460083777	0.41232112539413	0.967399052732536
NZ_AWXR01000116.1 Rhodonellum psychrophilum GCM71 = DSM 17998 strain GCM71 EFN26G7V, whole genome shotgun sequence	7447	0.00631995397252071	0.789109871452826	0.967399052732536
NZ_AWXR01000117.1 Rhodonellum psychrophilum GCM71 = DSM 17998 strain GCM71 EFN26G7W, whole genome shotgun sequence	7254	0.000857129647297911	0.9483385884065	0.967399052732536
NZ_AWXR01000118.1 Rhodonellum psychrophilum GCM71 = DSM 17998 strain GCM71 EFN26G7X, whole genome shotgun sequence	6686	0.815680072787749	0.0260732476352171	0.967399052732536
NZ_AWXR01000119.1 Rhodonellum psychrophilum GCM71 = DSM 17998 strain GCM71 EFN26G7Z, whole genome shotgun sequence	6163	0.0019858230092798	0.900436575309241	0.967399052732536
NZ_AWXR01000120.1 Rhodonellum psychrophilum GCM71 = DSM 17998 strain GCM71 EFN26G81, whole genome shotgun sequence	6152	0.0125994000395519	0.690637885035169	0.967399052732536
NZ_AWXR01000121.1 Rhodonellum psychrophilum GCM71 = DSM 17998 strain GCM71 EFN26G82, whole genome shotgun sequence	6048	0.00305822135542468	0.864419112296871	0.967399052732536
NZ_AWXR01000122.1 Rhodonellum psychrophilum GCM71 = DSM 17998 strain GCM71 EFN26G83, whole genome shotgun sequence	5885	0.00333821403333411	0.85690031530439	0.967399052732536
NZ_AWXR01000123.1 Rhodonellum psychrophilum GCM71 = DSM 17998 strain GCM71 EFN26G85, whole genome shotgun sequence	5878	0.00261277299763069	0.876182391462527	0.967399052732536
NZ_AWXR01000124.1 Rhodonellum psychrophilum GCM71 = DSM 17998 strain GCM71 EFN26G86, whole genome shotgun sequence	5668	0.00176836705266949	0.907834101382488	0.967399052732536
NZ_AWXR01000125.1 Rhodonellum psychrophilum GCM71 = DSM 17998 strain GCM71 EFN26G87, whole genome shotgun sequence	5332	0.000329190220384404	0.979990298326461	0.980615690168818
NZ_AWXR01000126.1 Rhodonellum psychrophilum GCM71 = DSM 17998 strain GCM71 EFN26G89, whole genome shotgun sequence	4980	0.387667144164594	0.125030317729808	0.967399052732536
NZ_AWXR01000127.1 Rhodonellum psychrophilum GCM71 = DSM 17998 strain GCM71 EFN26G8B, whole genome shotgun sequence	4964	0.00113563293110027	0.93439243269464	0.967399052732536
NZ_AWXR01000128.1 Rhodonellum psychrophilum GCM71 = DSM 17998 strain GCM71 EFN26G8C, whole genome shotgun sequence	4804	0.0434567185648483	0.476594712587921	0.967399052732536
NZ_AWXR01000129.1 Rhodonellum psychrophilum GCM71 = DSM 17998 strain GCM71 EFN26G8F, whole genome shotgun sequence	4761	0.208654007492704	0.216953674508853	0.967399052732536
NZ_AWXR01000130.1 Rhodonellum psychrophilum GCM71 = DSM 17998 strain GCM71 EFN26G8G, whole genome shotgun sequence	4525	0.00165474042610468	0.912199854474897	0.967399052732536
NZ_AWXR01000131.1 Rhodonellum psychrophilum GCM71 = DSM 17998 strain GCM71 EFN26G8H, whole genome shotgun sequence	4349	0.00435426129397397	0.827310211011399	0.967399052732536
NZ_AWXR01000132.1 Rhodonellum psychrophilum GCM71 = DSM 17998 strain GCM71 EFN26G8J, whole genome shotgun sequence	4146	0.257140594373198	0.185544506427359	0.967399052732536
NZ_AWXR01000133.1 Rhodonellum psychrophilum GCM71 = DSM 17998 strain GCM71 EFN26G8L, whole genome shotgun sequence	4082	0.0551238223431673	0.436454038321611	0.967399052732536
NZ_AWXR01000134.1 Rhodonellum psychrophilum GCM71 = DSM 17998 strain GCM71 EFN26G8M, whole genome shotgun sequence	4041	0.00593677885297255	0.796628668445307	0.967399052732536
NZ_AWXR01000135.1 Rhodonellum psychrophilum GCM71 = DSM 17998 strain GCM71 EFN26G8N, whole genome shotgun sequence	3884	0.0187465006012511	0.627698277952947	0.967399052732536
NZ_AWXR01000136.1 Rhodonellum psychrophilum GCM71 = DSM 17998 strain GCM71 EFN26G8P, whole genome shotgun sequence	3450	0.00369433855565254	0.846592287169537	0.967399052732536
NZ_AWXR01000137.1 Rhodonellum psychrophilum GCM71 = DSM 17998 strain GCM71 EFN26G8R, whole genome shotgun sequence	3415	0.00766876867037773	0.763279165656076	0.967399052732536
NZ_AWXR01000138.1 Rhodonellum psychrophilum GCM71 = DSM 17998 strain GCM71 EFN26G8S, whole genome shotgun sequence	3356	0.0037464449724279	0.845743390734902	0.967399052732536
NZ_AWXR01000139.1 Rhodonellum psychrophilum GCM71 = DSM 17998 strain GCM71 EFN26G8T, whole genome shotgun sequence	3300	0.0497362409889905	0.453553237933544	0.967399052732536
NZ_AWXR01000140.1 Rhodonellum psychrophilum GCM71 = DSM 17998 strain GCM71 EFN26G8W, whole genome shotgun sequence	3248	0.00118391792481521	0.931481930633034	0.967399052732536
NZ_AWXR01000141.1 Rhodonellum psychrophilum GCM71 = DSM 17998 strain GCM71 EFN26G8X, whole genome shotgun sequence	3147	0.00139604274017762	0.92250788260975	0.967399052732536
NZ_AWXR01000142.1 Rhodonellum psychrophilum GCM71 = DSM 17998 strain GCM71 EFN26G8Z, whole genome shotgun sequence	3144	0.0164109634183755	0.650254668930391	0.967399052732536
NZ_AWXR01000143.1 Rhodonellum psychrophilum GCM71 = DSM 17998 strain GCM71 EFN26G90, whole genome shotgun sequence	3107	0.0164469253697814	0.650133398011157	0.967399052732536
NZ_AWXR01000144.1 Rhodonellum psychrophilum GCM71 = DSM 17998 strain GCM71 EFN26G92, whole genome shotgun sequence	3081	0.00299197988951993	0.865874363327674	0.967399052732536
NZ_AWXR01000145.1 Rhodonellum psychrophilum GCM71 = DSM 17998 strain GCM71 EFN26G93, whole genome shotgun sequence	3025	0.00218579938866985	0.892190152801358	0.967399052732536
NZ_AWXR01000146.1 Rhodonellum psychrophilum GCM71 = DSM 17998 strain GCM71 EFN26G94, whole genome shotgun sequence	2953	0.0327216454612683	0.762705783872125	0.967399052732536
NZ_AWXR01000147.1 Rhodonellum psychrophilum GCM71 = DSM 17998 strain GCM71 EFN26G95, whole genome shotgun sequence	2892	0.024261993500961	0.806393749750867	0.967399052732536
NZ_AWXR01000148.1 Rhodonellum psychrophilum GCM71 = DSM 17998 strain GCM71 EFN26G97, whole genome shotgun sequence	2846	0.0309374691436566	0.771236098377646	0.967399052732536
NZ_AWXR01000149.1 Rhodonellum psychrophilum GCM71 = DSM 17998 strain GCM71 EFN26G98, whole genome shotgun sequence	2794	0.113928024524595	0.512735679834177	0.967399052732536
NZ_AWXR01000150.1 Rhodonellum psychrophilum GCM71 = DSM 17998 strain GCM71 EFN26G99, whole genome shotgun sequence	2779	0.091618202006254	0.562044086578706	0.967399052732536
NZ_AWXR01000151.1 Rhodonellum psychrophilum GCM71 = DSM 17998 strain GCM71 EFN26G9B, whole genome shotgun sequence	2746	0.00589659258923483	0.941882249770798	0.967399052732536
NZ_AWXR01000152.1 Rhodonellum psychrophilum GCM71 = DSM 17998 strain GCM71 EFN26G9D, whole genome shotgun sequence	2719	0.0283742912617228	0.784111292701399	0.967399052732536
NZ_AWXR01000153.1 Rhodonellum psychrophilum GCM71 = DSM 17998 strain GCM71 EFN26G9F, whole genome shotgun sequence	2547	0.56147447685696	0.127994578865548	0.967399052732536
NZ_AWXR01000154.1 Rhodonellum psychrophilum GCM71 = DSM 17998 strain GCM71 EFN26G9G, whole genome shotgun sequence	2272	0.00820812731251934	0.920875353768884	0.967399052732536
NZ_AWXR01000155.1 Rhodonellum psychrophilum GCM71 = DSM 17998 strain GCM71 EFN26G9H, whole genome shotgun sequence	2182	0.093536855663637	0.556503368278391	0.967399052732536
NZ_AWXR01000156.1 Rhodonellum psychrophilum GCM71 = DSM 17998 strain GCM71 EFN26G9J, whole genome shotgun sequence	2076	0.0309949703155927	0.771076653246701	0.967399052732536
NZ_AWXR01000157.1 Rhodonellum psychrophilum GCM71 = DSM 17998 strain GCM71 EFN26G9L, whole genome shotgun sequence	2064	0.0985699466840921	0.54462470602304	0.967399052732536
NZ_AWXR01000158.1 Rhodonellum psychrophilum GCM71 = DSM 17998 strain GCM71 EFN26G9M, whole genome shotgun sequence	2027	0.503231843100736	0.154462470602304	0.967399052732536
NZ_AWXR01000159.1 Rhodonellum psychrophilum GCM71 = DSM 17998 strain GCM71 EFN26G9N, whole genome shotgun sequence	2005	0.146099892869103	0.456770438872723	0.967399052732536
NZ_AWXR01000160.1 Rhodonellum psychrophilum GCM71 = DSM 17998 strain GCM71 EFN26G9P, whole genome shotgun sequence	1967	0.129011018546659	0.485111810898075	0.967399052732536
NZ_AWXR01000161.1 Rhodonellum psychrophilum GCM71 = DSM 17998 strain GCM71 EFN26G9Q, whole genome shotgun sequence	1923	0.0199986337296013	0.831984693267429	0.967399052732536
NZ_AWXR01000162.1 Rhodonellum psychrophilum GCM71 = DSM 17998 strain GCM71 EFN26G9S, whole genome shotgun sequence	1922	0.125869845118536	0.491529477418583	0.967399052732536
NZ_AWXR01000163.1 Rhodonellum psychrophilum GCM71 = DSM 17998 strain GCM71 EFN26G9T, whole genome shotgun sequence	1806	0.830538952254604	0.0353170965041655	0.967399052732536
NZ_AWXR01000164.1 Rhodonellum psychrophilum GCM71 = DSM 17998 strain GCM71 EFN26G9V, whole genome shotgun sequence	1593	0.0568030952793003	0.661179096743333	0.967399052732536
NZ_AWXR01000165.1 Rhodonellum psychrophilum GCM71 = DSM 17998 strain GCM71 EFN26G9X, whole genome shotgun sequence	1591	0.0126281247999266	0.88392394467254	0.967399052732536
NZ_AWXR01000166.1 Rhodonellum psychrophilum GCM71 = DSM 17998 strain GCM71 EFN26G9Z, whole genome shotgun sequence	1571	0.170373875232312	0.42081556184478	0.967399052732536
NZ_AWXR01000167.1 Rhodonellum psychrophilum GCM71 = DSM 17998 strain GCM71 EFN26GB0, whole genome shotgun sequence	1539	0.0541109887982424	0.671264001275561	0.967399052732536
NZ_AWXR01000168.1 Rhodonellum psychrophilum GCM71 = DSM 17998 strain GCM71 EFN26GB1, whole genome shotgun sequence	1519	0.0757053458876525	0.601985091880257	0.967399052732536
NZ_AWXR01000169.1 Rhodonellum psychrophilum GCM71 = DSM 17998 strain GCM71 EFN26GB3, whole genome shotgun sequence	1366	0.2227813807878	0.353489855303544	0.967399052732536
NZ_AWXR01000170.1 Rhodonellum psychrophilum GCM71 = DSM 17998 strain GCM71 EFN26GB4, whole genome shotgun sequence	1252	0.093477570265819	0.556742535974808	0.967399052732536
NZ_AWXR01000171.1 Rhodonellum psychrophilum GCM71 = DSM 17998 strain GCM71 EFN26GB5, whole genome shotgun sequence	1243	0.151000038013714	0.449635269262965	0.967399052732536
NZ_AWXR01000172.1 Rhodonellum psychrophilum GCM71 = DSM 17998 strain GCM71 EFN26GB6, whole genome shotgun sequence	1168	0.0234864043589256	0.811017658548252	0.967399052732536
NZ_AWXR01000173.1 Rhodonellum psychrophilum GCM71 = DSM 17998 strain GCM71 EFN26GB7, whole genome shotgun sequence	1128	0.369956254785973	0.227049866464703	0.967399052732536
NZ_AWXR01000174.1 Rhodonellum psychrophilum GCM71 = DSM 17998 strain GCM71 EFN26GB9, whole genome shotgun sequence	986	0.117529884764353	0.632949354518371	0.967399052732536
NZ_AWXR01000175.1 Rhodonellum psychrophilum GCM71 = DSM 17998 strain GCM71 EFN26GBB, whole genome shotgun sequence	964	0.241113082863931	0.430526315789474	0.967399052732536
NZ_AWXR01000176.1 Rhodonellum psychrophilum GCM71 = DSM 17998 strain GCM71 EFN26GBC, whole genome shotgun sequence	962	0.0491464535296355	0.815749751737835	0.967399052732536
NZ_AWXR01000177.1 Rhodonellum psychrophilum GCM71 = DSM 17998 strain GCM71 EFN26GBD, whole genome shotgun sequence	921	0.155829935986854	0.55648460774578	0.967399052732536
NZ_AWXR01000178.1 Rhodonellum psychrophilum GCM71 = DSM 17998 strain GCM71 EFN26GBF, whole genome shotgun sequence	840	0.288143846382847	0.374538232373386	0.967399052732536
NZ_AWXR01000179.1 Rhodonellum psychrophilum GCM71 = DSM 17998 strain GCM71 EFN26GBH, whole genome shotgun sequence	766	0.748416812360576	0.0637140019860973	0.967399052732536
NZ_AWXR01000180.1 Rhodonellum psychrophilum GCM71 = DSM 17998 strain GCM71 EFN26GBJ, whole genome shotgun sequence	742	0.0672162883187132	0.759106256206554	0.967399052732536
NZ_AWXR01000181.1 Rhodonellum psychrophilum GCM71 = DSM 17998 strain GCM71 EFN26GBK, whole genome shotgun sequence	712	0.74335182372631	0.066077457795432	0.967399052732536
NZ_AWXR01000182.1 Rhodonellum psychrophilum GCM71 = DSM 17998 strain GCM71 EFN26GBL, whole genome shotgun sequence	711	0.141765869506533	0.582502482621648	0.967399052732536
NZ_AWXR01000183.1 Rhodonellum psychrophilum GCM71 = DSM 17998 strain GCM71 EFN26GBN, whole genome shotgun sequence	708	0.339081420676969	0.320357497517378	0.967399052732536
NZ_AWXR01000184.1 Rhodonellum psychrophilum GCM71 = DSM 17998 strain GCM71 EFN26GBP, whole genome shotgun sequence	708	0.386872161361371	0.276127110228401	0.967399052732536
NZ_AWXR01000185.1 Rhodonellum psychrophilum GCM71 = DSM 17998 strain GCM71 EFN26GBQ, whole genome shotgun sequence	706	0.183220988412804	0.510526315789474	0.967399052732536
NZ_AWXR01000186.1 Rhodonellum psychrophilum GCM71 = DSM 17998 strain GCM71 EFN26GBR, whole genome shotgun sequence	694	0.735399022756516	0.0692353525322741	0.967399052732536
NZ_AWXR01000187.1 Rhodonellum psychrophilum GCM71 = DSM 17998 strain GCM71 EFN26GBS, whole genome shotgun sequence	690	0.602996551644778	0.132591857000993	0.967399052732536
NZ_AWXR01000188.1 Rhodonellum psychrophilum GCM71 = DSM 17998 strain GCM71 EFN26GBV, whole genome shotgun sequence	655	0.157514688830598	0.553962264150943	0.967399052732536
NZ_AWXR01000189.1 Rhodonellum psychrophilum GCM71 = DSM 17998 strain GCM71 EFN26GBW, whole genome shotgun sequence	574	0.43854158118545	0.236186693147964	0.967399052732536
NZ_AWXR01000190.1 Rhodonellum psychrophilum GCM71 = DSM 17998 strain GCM71 EFN26GBX, whole genome shotgun sequence	557	0.223488035082894	0.453982125124131	0.967399052732536
NZ_AWXR01000191.1 Rhodonellum psychrophilum GCM71 = DSM 17998 strain GCM71 EFN26GBZ, whole genome shotgun sequence	529	0.748384286016004	0.0637140019860973	0.967399052732536
NZ_AWXR01000192.1 Rhodonellum psychrophilum GCM71 = DSM 17998 strain GCM71 EFN26GC1, whole genome shotgun sequence	521	0.563307340471988	0.155412115193644	0.967399052732536
NZ_AWXR01000193.1 Rhodonellum psychrophilum GCM71 = DSM 17998 strain GCM71 EFN26GC2, whole genome shotgun sequence	518	0.318088010714367	0.342204568023833	0.967399052732536
NZ_AWXR01000194.1 Rhodonellum psychrophilum GCM71 = DSM 17998 strain GCM71 EFN26GC3, whole genome shotgun sequence	481	0.456418605817424	0.222939424031778	0.967399052732536
NZ_AWXR01000195.1 Rhodonellum psychrophilum GCM71 = DSM 17998 strain GCM71 EFN26GC4, whole genome shotgun sequence	477	0.0536456563561715	0.800536246276068	0.967399052732536
NZ_AWXR01000196.1 Rhodonellum psychrophilum GCM71 = DSM 17998 strain GCM71 EFN26GC5, whole genome shotgun sequence	468	0.0171867572478807	0.936146971201589	0.967399052732536
NZ_AWXR01000197.1 Rhodonellum psychrophilum GCM71 = DSM 17998 strain GCM71 EFN26GC7, whole genome shotgun sequence	418	0.551907080951413	0.161727904667329	0.967399052732536
NZ_AWXR01000198.1 Rhodonellum psychrophilum GCM71 = DSM 17998 strain GCM71 EFN26GC8, whole genome shotgun sequence	416	0.00683262866212362	0.980615690168818	0.980615690168818
NZ_AWXR01000199.1 Rhodonellum psychrophilum GCM71 = DSM 17998 strain GCM71 EFN26GC9, whole genome shotgun sequence	412	0.515341588060705	0.184170804369414	0.967399052732536
