name	length	score	pvalue	qvalue
NW_003315114.1 Trichophyton verrucosum HKI 0517 chromosome Unknown contig01395_1.f1.exp, whole genome shotgun sequence	7713	0.450359476716134	0.103565365025467	0.0204775541127464
NW_003315115.1 Trichophyton verrucosum HKI 0517 chromosome Unknown contig01394_1.f1.exp, whole genome shotgun sequence	4297	0.177705089923113	0.242784380305603	0.0246817995556473
NW_003315116.1 Trichophyton verrucosum HKI 0517 chromosome Unknown contig01387_1.f1.exp, whole genome shotgun sequence	8374	0.321071896138159	0.153165170991996	0.0204775541127464
NW_003315117.1 Trichophyton verrucosum HKI 0517 chromosome Unknown contig01380_1.f1.exp, whole genome shotgun sequence	4213	0.00477281874232561	0.819306330341984	0.0710002176399342
NW_003315118.1 Trichophyton verrucosum HKI 0517 chromosome Unknown contig01378_1.f1.exp, whole genome shotgun sequence	7847	0.373548537273305	0.12951734174145	0.0204775541127464
NW_003315119.1 Trichophyton verrucosum HKI 0517 chromosome Unknown contig01361_1.f1.exp, whole genome shotgun sequence	47469	0.316932611585446	0.1549842347805	0.0204775541127464
NW_003315120.1 Trichophyton verrucosum HKI 0517 chromosome Unknown contig01349_1.f1.exp, whole genome shotgun sequence	49436	0.301168516360434	0.161047780742178	0.0204775541127464
NW_003315121.1 Trichophyton verrucosum HKI 0517 chromosome Unknown contig01336_1.f1.exp, whole genome shotgun sequence	9842	0.230954263178137	0.199733203977686	0.0214408078557539
NW_003315122.1 Trichophyton verrucosum HKI 0517 chromosome Unknown contig01329_1.f1.exp, whole genome shotgun sequence	13052	0.118825264081203	0.306572883822459	0.0294239778420084
NW_003315123.1 Trichophyton verrucosum HKI 0517 chromosome Unknown contig01318_1.f1.exp, whole genome shotgun sequence	12287	0.615737852995278	0.063424690759156	0.0204775541127464
NW_003315124.1 Trichophyton verrucosum HKI 0517 chromosome Unknown contig01299_1.f1.exp, whole genome shotgun sequence	13400	0.083249093798967	0.367814698035411	0.0342324354551333
NW_003315125.1 Trichophyton verrucosum HKI 0517 chromosome Unknown contig01293_4.r1.exp, whole genome shotgun sequence	6038	0.0057365339208384	0.800509337860781	0.0701469110620573
NW_003315126.1 Trichophyton verrucosum HKI 0517 chromosome Unknown contig01282_1.f1.exp, whole genome shotgun sequence	84185	0.449034680787192	0.103807906863934	0.0204775541127464
NW_003315127.1 Trichophyton verrucosum HKI 0517 chromosome Unknown contig01263_1.f1.exp, whole genome shotgun sequence	21236	0.10232755447942	0.331190880426874	0.0312491225724187
NW_003315128.1 Trichophyton verrucosum HKI 0517 chromosome Unknown TV-F-b-01b06.M13f1, whole genome shotgun sequence	19787	0.309717078094307	0.157409653165171	0.0204775541127464
NW_003315129.1 Trichophyton verrucosum HKI 0517 chromosome Unknown contig01258_1.f1.exp, whole genome shotgun sequence	3836	0.00527891297673458	0.809240844045598	0.0705388592490442
NW_003315130.1 Trichophyton verrucosum HKI 0517 chromosome Unknown contig01255_1.f1.exp, whole genome shotgun sequence	3511	0.00567988183246142	0.801600776133883	0.0701469110620573
NW_003315131.1 Trichophyton verrucosum HKI 0517 chromosome Unknown contig01254_1.f1.exp, whole genome shotgun sequence	10902	0.324353087249243	0.151346107203493	0.0204775541127464
NW_003315132.1 Trichophyton verrucosum HKI 0517 chromosome Unknown contig01251_1.f1.exp, whole genome shotgun sequence	38544	0.343743535968882	0.140916808149406	0.0204775541127464
NW_003315133.1 Trichophyton verrucosum HKI 0517 chromosome Unknown contig01233_1.f1.exp, whole genome shotgun sequence	10467	0.16310982735872	0.257821974290565	0.0259179535301822
NW_003315134.1 Trichophyton verrucosum HKI 0517 chromosome Unknown contig01231_1.f1.exp, whole genome shotgun sequence	57102	0.214461083013093	0.211860295901043	0.0222984401699841
NW_003315135.1 Trichophyton verrucosum HKI 0517 chromosome Unknown contig01229_1.f1.exp, whole genome shotgun sequence	68833	0.509113532238142	0.085010914382731	0.0204775541127464
NW_003315136.1 Trichophyton verrucosum HKI 0517 chromosome Unknown contig01223_1.f1.exp, whole genome shotgun sequence	7527	0.607007569711896	0.0654862963861266	0.0204775541127464
NW_003315137.1 Trichophyton verrucosum HKI 0517 chromosome Unknown contig01222_1.f1.exp, whole genome shotgun sequence	8611	0.537543205420996	0.0795537230172205	0.0204775541127464
NW_003315138.1 Trichophyton verrucosum HKI 0517 chromosome Unknown contig01218_1.f1.exp, whole genome shotgun sequence	5868	0.012792352685045	0.688576279408198	0.0609279209681628
NW_003315139.1 Trichophyton verrucosum HKI 0517 chromosome Unknown contig01211_1.f1.exp, whole genome shotgun sequence	15161	0.321974676529739	0.152922629153529	0.0204775541127464
NW_003315140.1 Trichophyton verrucosum HKI 0517 chromosome Unknown contig01209_1.f1.exp, whole genome shotgun sequence	8976	0.572284514943486	0.0717923841862721	0.0204775541127464
NW_003315141.1 Trichophyton verrucosum HKI 0517 chromosome Unknown contig01207_1.f1.exp, whole genome shotgun sequence	17793	0.229952449538262	0.200339558573854	0.0214413070480394
NW_003315142.1 Trichophyton verrucosum HKI 0517 chromosome Unknown contig01205_1.f1.exp, whole genome shotgun sequence	30382	0.532706376393073	0.0804026194518555	0.0204775541127464
NW_003315143.1 Trichophyton verrucosum HKI 0517 chromosome Unknown contig01202_1.f1.exp, whole genome shotgun sequence	4150	0.0395780287471124	0.492723744845986	0.0444241259246079
NW_003315144.1 Trichophyton verrucosum HKI 0517 chromosome Unknown contig01194_1.f1.exp, whole genome shotgun sequence	49231	0.340804316737551	0.142129517341741	0.0204775541127464
NW_003315145.1 Trichophyton verrucosum HKI 0517 chromosome Unknown contig01193_1.f1.exp, whole genome shotgun sequence	7290	0.00395987565503273	0.838830948338588	0.0724109925897071
NW_003315146.1 Trichophyton verrucosum HKI 0517 chromosome Unknown contig01190_1.f1.exp, whole genome shotgun sequence	70925	0.443608201416841	0.105141886975503	0.0204775541127464
NW_003315147.1 Trichophyton verrucosum HKI 0517 chromosome Unknown contig01188_1.f1.exp, whole genome shotgun sequence	7461	0.639823148602622	0.0573611447974776	0.0204775541127464
NW_003315148.1 Trichophyton verrucosum HKI 0517 chromosome Unknown contig01187_1.f1.exp, whole genome shotgun sequence	24715	0.640310227059199	0.0573611447974776	0.0204775541127464
NW_003315149.1 Trichophyton verrucosum HKI 0517 chromosome Unknown contig01185_1.f1.exp, whole genome shotgun sequence	10641	0.00485636490319241	0.818093621149648	0.0710002176399342
NW_003315150.1 Trichophyton verrucosum HKI 0517 chromosome Unknown contig01182_1.f1.exp, whole genome shotgun sequence	15162	0.376460488560968	0.128304632549115	0.0204775541127464
NW_003315151.1 Trichophyton verrucosum HKI 0517 chromosome Unknown contig01181_1.f1.exp, whole genome shotgun sequence	5107	0.967919960413257	0.00533592044627698	0.0204775541127464
NW_003315152.1 Trichophyton verrucosum HKI 0517 chromosome Unknown contig01174_1.f1.exp, whole genome shotgun sequence	20306	0.550224056955834	0.0767644918748484	0.0204775541127464
NW_003315153.1 Trichophyton verrucosum HKI 0517 chromosome Unknown contig01170_1.f1.exp, whole genome shotgun sequence	152656	0.456016447328359	0.10162503031773	0.0204775541127464
NW_003315154.1 Trichophyton verrucosum HKI 0517 chromosome Unknown contig01162_1.f1.exp, whole genome shotgun sequence	26797	0.106103722530777	0.32561241814213	0.0309764532417151
NW_003315155.1 Trichophyton verrucosum HKI 0517 chromosome Unknown contig01160_1.f1.exp, whole genome shotgun sequence	28161	0.329133988123383	0.148314334222653	0.0204775541127464
NW_003315156.1 Trichophyton verrucosum HKI 0517 chromosome Unknown contig01157_1.f1.exp, whole genome shotgun sequence	6450	0.00546395336611162	0.805966529226292	0.0703909302954963
NW_003315157.1 Trichophyton verrucosum HKI 0517 chromosome Unknown contig01156_1.f1.exp, whole genome shotgun sequence	12556	0.339851232681196	0.142614601018676	0.0204775541127464
NW_003315158.1 Trichophyton verrucosum HKI 0517 chromosome Unknown contig01154_1.f1.exp, whole genome shotgun sequence	49507	0.425082200166995	0.111084162017948	0.0204775541127464
NW_003315159.1 Trichophyton verrucosum HKI 0517 chromosome Unknown contig01153_1.f1.exp, whole genome shotgun sequence	19896	0.259009959124225	0.18457433907349	0.0210138609190582
NW_003315160.1 Trichophyton verrucosum HKI 0517 chromosome Unknown contig01150_1.f1.exp, whole genome shotgun sequence	17298	0.247222807253864	0.191122968712103	0.0211024145039725
NW_003315161.1 Trichophyton verrucosum HKI 0517 chromosome Unknown contig01137_1.f1.exp, whole genome shotgun sequence	14209	0.0601175147851477	0.421173902498181	0.0385178670173259
NW_003315162.1 Trichophyton verrucosum HKI 0517 chromosome Unknown contig01136_1.f1.exp, whole genome shotgun sequence	20660	0.336408828999493	0.145161290322581	0.0204775541127464
NW_003315163.1 Trichophyton verrucosum HKI 0517 chromosome Unknown contig01134_1.f1.exp, whole genome shotgun sequence	24678	0.433297887398946	0.108294930875576	0.0204775541127464
NW_003315164.1 Trichophyton verrucosum HKI 0517 chromosome Unknown TV-F-a-03c03.M13f1, whole genome shotgun sequence	11535	0.709521167845675	0.0440213436817851	0.0204775541127464
NW_003315165.1 Trichophyton verrucosum HKI 0517 chromosome Unknown contig01120_1.f1.exp, whole genome shotgun sequence	5791	0.0441342301479801	0.473684210526316	0.0427939680554803
NW_003315166.1 Trichophyton verrucosum HKI 0517 chromosome Unknown contig01106_1.f1.exp, whole genome shotgun sequence	4981	0.0686895594787353	0.39801115692457	0.0364742930951774
NW_003315167.1 Trichophyton verrucosum HKI 0517 chromosome Unknown contig01100_1.f1.exp, whole genome shotgun sequence	90905	0.357026452348378	0.135338345864662	0.0204775541127464
NW_003315168.1 Trichophyton verrucosum HKI 0517 chromosome Unknown contig01097_1.f1.exp, whole genome shotgun sequence	27237	0.683058786774438	0.049114722289595	0.0204775541127464
NW_003315169.1 Trichophyton verrucosum HKI 0517 chromosome Unknown contig01086_1.f1.exp, whole genome shotgun sequence	41101	0.297180936085017	0.163351928207616	0.0204775541127464
NW_003315170.1 Trichophyton verrucosum HKI 0517 chromosome Unknown contig01084_1.f1.exp, whole genome shotgun sequence	51421	0.37347036386801	0.12951734174145	0.0204775541127464
NW_003315171.1 Trichophyton verrucosum HKI 0517 chromosome Unknown contig01082_1.f1.exp, whole genome shotgun sequence	33200	0.181785238576075	0.238539898132428	0.0243612849161087
NW_003315172.1 Trichophyton verrucosum HKI 0517 chromosome Unknown contig01079_3.r1.exp, whole genome shotgun sequence	5520	0.0247948127506393	0.576521950036381	0.0514596041592739
NW_003315173.1 Trichophyton verrucosum HKI 0517 chromosome Unknown contig01076_1.f1.exp, whole genome shotgun sequence	10378	0.464878452235464	0.098471986417657	0.0204775541127464
NW_003315174.1 Trichophyton verrucosum HKI 0517 chromosome Unknown contig01073_1.f1.exp, whole genome shotgun sequence	38844	0.405658171878368	0.118360417171962	0.0204775541127464
NW_003315175.1 Trichophyton verrucosum HKI 0517 chromosome Unknown contig01070_1.f1.exp, whole genome shotgun sequence	3844	0.00947404216348734	0.733567790443852	0.0645732868904434
NW_003315176.1 Trichophyton verrucosum HKI 0517 chromosome Unknown contig01056_1.f1.exp, whole genome shotgun sequence	8182	0.0793419283393523	0.376424933300994	0.0348539450749459
NW_003315177.1 Trichophyton verrucosum HKI 0517 chromosome Unknown contig01045_2.r1.exp, whole genome shotgun sequence	4072	0.0258582056014783	0.571428571428571	0.0511071901477542
NW_003315178.1 Trichophyton verrucosum HKI 0517 chromosome Unknown contig01039_1.f1.exp, whole genome shotgun sequence	17221	0.189677292224569	0.232597623089983	0.0239756133286236
NW_003315179.1 Trichophyton verrucosum HKI 0517 chromosome Unknown contig01036_1.f1.exp, whole genome shotgun sequence	8895	0.218710098229144	0.208100897404802	0.0220080771934918
NW_003315180.1 Trichophyton verrucosum HKI 0517 chromosome Unknown contig01035_1.f1.exp, whole genome shotgun sequence	12753	0.317143255321032	0.154741692942032	0.0204775541127464
NW_003315181.1 Trichophyton verrucosum HKI 0517 chromosome Unknown contig01034_1.f1.exp, whole genome shotgun sequence	9504	0.0147522611343745	0.66723259762309	0.0592011126518811
NW_003315182.1 Trichophyton verrucosum HKI 0517 chromosome Unknown contig01032_1.f1.exp, whole genome shotgun sequence	8628	0.0017054718895859	0.909531894251758	0.0780611936495895
NW_003315183.1 Trichophyton verrucosum HKI 0517 chromosome Unknown contig01031_1.f1.exp, whole genome shotgun sequence	34571	0.325427490602307	0.150861023526558	0.0204775541127464
NW_003315184.1 Trichophyton verrucosum HKI 0517 chromosome Unknown contig01030_1.f1.exp, whole genome shotgun sequence	74492	0.54895620758976	0.0771283046325491	0.0204775541127464
NW_003315185.1 Trichophyton verrucosum HKI 0517 chromosome Unknown contig01029_1.f1.exp, whole genome shotgun sequence	44567	0.499393892065666	0.0878001455251031	0.0204775541127464
NW_003315186.1 Trichophyton verrucosum HKI 0517 chromosome Unknown contig01027_1.f1.exp, whole genome shotgun sequence	43235	0.325277419128897	0.150861023526558	0.0204775541127464
NW_003315187.1 Trichophyton verrucosum HKI 0517 chromosome Unknown contig01025_1.f1.exp, whole genome shotgun sequence	39596	0.477607799349636	0.093984962406015	0.0204775541127464
NW_003315188.1 Trichophyton verrucosum HKI 0517 chromosome Unknown contig01021_1.f1.exp, whole genome shotgun sequence	21561	0.653251122459077	0.0552995391705069	0.0204775541127464
NW_003315189.1 Trichophyton verrucosum HKI 0517 chromosome Unknown contig01017_1.f1.exp, whole genome shotgun sequence	15264	0.306210123110714	0.158864904195974	0.0204775541127464
NW_003315190.1 Trichophyton verrucosum HKI 0517 chromosome Unknown contig01013_1.f1.exp, whole genome shotgun sequence	13133	0.295552924275332	0.16383701188455	0.0204775541127464
NW_003315191.1 Trichophyton verrucosum HKI 0517 chromosome Unknown contig01012_1.f1.exp, whole genome shotgun sequence	91863	0.44293487327047	0.105263157894737	0.0204775541127464
NW_003315192.1 Trichophyton verrucosum HKI 0517 chromosome Unknown contig01011_1.f1.exp, whole genome shotgun sequence	85752	0.266347579175357	0.180572398738782	0.0209741979155316
NW_003315193.1 Trichophyton verrucosum HKI 0517 chromosome Unknown contig01010_1.f1.exp, whole genome shotgun sequence	45305	0.410179689071539	0.116056269706524	0.0204775541127464
NW_003315194.1 Trichophyton verrucosum HKI 0517 chromosome Unknown contig01008_1.f1.exp, whole genome shotgun sequence	4990	0.3896750602689	0.123938879456706	0.0204775541127464
NW_003315195.1 Trichophyton verrucosum HKI 0517 chromosome Unknown contig01006_1.f1.exp, whole genome shotgun sequence	100011	0.404444644118697	0.118724229929663	0.0204775541127464
NW_003315196.1 Trichophyton verrucosum HKI 0517 chromosome Unknown contig01004_1.f1.exp, whole genome shotgun sequence	4269	0.909396159210409	0.0124909046810575	0.0204775541127464
NW_003315197.1 Trichophyton verrucosum HKI 0517 chromosome Unknown contig01003_1.f1.exp, whole genome shotgun sequence	8937	0.156495907112988	0.262915352898375	0.0261913890692861
NW_003315198.1 Trichophyton verrucosum HKI 0517 chromosome Unknown contig01001_1.f1.exp, whole genome shotgun sequence	23485	0.325250833209971	0.150861023526558	0.0204775541127464
NW_003315199.1 Trichophyton verrucosum HKI 0517 chromosome Unknown contig01000_1.f1.exp, whole genome shotgun sequence	59713	0.252050169016604	0.188697550327431	0.0211024145039725
NW_003315200.1 Trichophyton verrucosum HKI 0517 chromosome Unknown contig00997_1.f1.exp, whole genome shotgun sequence	115080	0.364534616583101	0.132306572883822	0.0204775541127464
NW_003315201.1 Trichophyton verrucosum HKI 0517 chromosome Unknown contig00995_1.f1.exp, whole genome shotgun sequence	33451	0.550604148628991	0.0766432209556148	0.0204775541127464
NW_003315202.1 Trichophyton verrucosum HKI 0517 chromosome Unknown contig00993_1.f1.exp, whole genome shotgun sequence	7946	0.494692441829478	0.0896192093136066	0.0204775541127464
NW_003315203.1 Trichophyton verrucosum HKI 0517 chromosome Unknown contig00979_20.r1.exp, whole genome shotgun sequence	28445	0.455268464121295	0.101867572156197	0.0204775541127464
NW_003315204.1 Trichophyton verrucosum HKI 0517 chromosome Unknown contig00978_1.f1.exp, whole genome shotgun sequence	14822	0.6977267827624	0.0464467620664565	0.0204775541127464
NW_003315205.1 Trichophyton verrucosum HKI 0517 chromosome Unknown contig00977_1.f1.exp, whole genome shotgun sequence	10388	0.214743197103517	0.211496483143342	0.0222984401699841
NW_003315206.1 Trichophyton verrucosum HKI 0517 chromosome Unknown contig00976_1.f1.exp, whole genome shotgun sequence	11389	0.361044335986049	0.134004365753092	0.0204775541127464
NW_003315207.1 Trichophyton verrucosum HKI 0517 chromosome Unknown contig00974_1.f1.exp, whole genome shotgun sequence	7229	0.0922655917692011	0.349866601988843	0.0328031940372869
NW_003315208.1 Trichophyton verrucosum HKI 0517 chromosome Unknown contig00971_1.f1.exp, whole genome shotgun sequence	5435	0.119472988504247	0.305602716468591	0.0293940770570179
NW_003315209.1 Trichophyton verrucosum HKI 0517 chromosome Unknown TV-F-a-02e01.M13r1, whole genome shotgun sequence	39258	0.364629188453392	0.132185301964589	0.0204775541127464
NW_003315210.1 Trichophyton verrucosum HKI 0517 chromosome Unknown contig00969_2.r1.exp, whole genome shotgun sequence	4118	0.00675957318924162	0.77940819791414	0.068473394127211
NW_003315211.1 Trichophyton verrucosum HKI 0517 chromosome Unknown contig00956_1.f1.exp, whole genome shotgun sequence	4283	0.083112918512818	0.368178510793112	0.0342324354551333
NW_003315212.1 Trichophyton verrucosum HKI 0517 chromosome Unknown contig00943_1.f1.exp, whole genome shotgun sequence	65627	0.393361467832451	0.122968712102838	0.0204775541127464
NW_003315213.1 Trichophyton verrucosum HKI 0517 chromosome Unknown contig00938_1.f1.exp, whole genome shotgun sequence	14971	0.266375944523572	0.180572398738782	0.0209741979155316
NW_003315214.1 Trichophyton verrucosum HKI 0517 chromosome Unknown contig00937_1.f1.exp, whole genome shotgun sequence	20300	0.346234397840312	0.13970409895707	0.0204775541127464
NW_003315215.1 Trichophyton verrucosum HKI 0517 chromosome Unknown contig00936_1.f1.exp, whole genome shotgun sequence	45163	0.688516114693895	0.0479020130972593	0.0204775541127464
NW_003315216.1 Trichophyton verrucosum HKI 0517 chromosome Unknown contig00929_1.f1.exp, whole genome shotgun sequence	37825	0.271909787510602	0.177661896677177	0.0209741979155316
NW_003315217.1 Trichophyton verrucosum HKI 0517 chromosome Unknown contig00926_1.f1.exp, whole genome shotgun sequence	12094	0.262912386500661	0.182391462527286	0.0210073133920503
NW_003315218.1 Trichophyton verrucosum HKI 0517 chromosome Unknown contig00925_1.f1.exp, whole genome shotgun sequence	13032	0.14663591992515	0.27225321367936	0.0269412084158258
NW_003315219.1 Trichophyton verrucosum HKI 0517 chromosome Unknown contig00915_1.f1.exp, whole genome shotgun sequence	34719	0.36188687172394	0.133519282076158	0.0204775541127464
NW_003315220.1 Trichophyton verrucosum HKI 0517 chromosome Unknown contig00901_1.f1.exp, whole genome shotgun sequence	76220	0.354919165847655	0.135823429541596	0.0204775541127464
NW_003315221.1 Trichophyton verrucosum HKI 0517 chromosome Unknown contig00899_1.f1.exp, whole genome shotgun sequence	6945	0.0479172869205514	0.459738054814456	0.0417878050958069
NW_003315222.1 Trichophyton verrucosum HKI 0517 chromosome Unknown contig00897_1.f1.exp, whole genome shotgun sequence	73204	0.512514667215446	0.0845258307057968	0.0204775541127464
NW_003315223.1 Trichophyton verrucosum HKI 0517 chromosome Unknown contig00896_1.f1.exp, whole genome shotgun sequence	57088	0.451443877679042	0.103322823187	0.0204775541127464
NW_003315224.1 Trichophyton verrucosum HKI 0517 chromosome Unknown contig00892_3.r1.exp, whole genome shotgun sequence	4564	0.0768258004983674	0.382367208343439	0.0352578541763419
NW_003315225.1 Trichophyton verrucosum HKI 0517 chromosome Unknown contig00888_1.f1.exp, whole genome shotgun sequence	44549	0.476851166366866	0.0942275042444822	0.0204775541127464
NW_003315226.1 Trichophyton verrucosum HKI 0517 chromosome Unknown contig00882_1.f1.exp, whole genome shotgun sequence	7455	0.0945091659422298	0.344773223381033	0.0323936971912441
NW_003315227.1 Trichophyton verrucosum HKI 0517 chromosome Unknown TV-F-b-06a05.M13r1, whole genome shotgun sequence	23954	0.395475183181268	0.121877273829736	0.0204775541127464
NW_003315228.1 Trichophyton verrucosum HKI 0517 chromosome Unknown contig00878_1.f1.exp, whole genome shotgun sequence	3608	0.031163966455223	0.537351443123939	0.0482528122097632
NW_003315229.1 Trichophyton verrucosum HKI 0517 chromosome Unknown contig00872_1.f1.exp, whole genome shotgun sequence	75004	0.246211621102954	0.191729323308271	0.0211024145039725
NW_003315230.1 Trichophyton verrucosum HKI 0517 chromosome Unknown contig00862_1.f1.exp, whole genome shotgun sequence	3791	0.00219105532470994	0.891947610962891	0.0766995096293436
NW_003315231.1 Trichophyton verrucosum HKI 0517 chromosome Unknown contig00859_1.f1.exp, whole genome shotgun sequence	250154	0.318042125565668	0.154014067426631	0.0204775541127464
NW_003315232.1 Trichophyton verrucosum HKI 0517 chromosome Unknown contig00658_1.f1.exp, whole genome shotgun sequence	6884	0.261882117423679	0.182634004365753	0.0210073133920503
NW_003315233.1 Trichophyton verrucosum HKI 0517 chromosome Unknown contig00845_1.f1.exp, whole genome shotgun sequence	56511	0.458100726271088	0.101261217560029	0.0204775541127464
NW_003315234.1 Trichophyton verrucosum HKI 0517 chromosome Unknown contig00843_1.f1.exp, whole genome shotgun sequence	18786	0.375423968566451	0.128547174387582	0.0204775541127464
NW_003315235.1 Trichophyton verrucosum HKI 0517 chromosome Unknown contig00842_1.f1.exp, whole genome shotgun sequence	18221	0.656906067383475	0.053601746301237	0.0204775541127464
NW_003315236.1 Trichophyton verrucosum HKI 0517 chromosome Unknown contig00841_1.f1.exp, whole genome shotgun sequence	9696	0.189019251167283	0.233567790443852	0.0239756133286236
NW_003315237.1 Trichophyton verrucosum HKI 0517 chromosome Unknown contig00838_1.f1.exp, whole genome shotgun sequence	17749	0.294321764224402	0.164443366480718	0.0204775541127464
NW_003315238.1 Trichophyton verrucosum HKI 0517 chromosome Unknown contig00832_1.f1.exp, whole genome shotgun sequence	84648	0.445103734742198	0.104778074217803	0.0204775541127464
NW_003315239.1 Trichophyton verrucosum HKI 0517 chromosome Unknown contig00829_1.f1.exp, whole genome shotgun sequence	43492	0.365916316530673	0.131942760126122	0.0204775541127464
NW_003315240.1 Trichophyton verrucosum HKI 0517 chromosome Unknown contig00828_1.f1.exp, whole genome shotgun sequence	17387	0.34703013590671	0.139340286199369	0.0204775541127464
NW_003315241.1 Trichophyton verrucosum HKI 0517 chromosome Unknown contig00823_1.f1.exp, whole genome shotgun sequence	9338	0.0898799498552727	0.354232355081252	0.0331428953901425
NW_003315242.1 Trichophyton verrucosum HKI 0517 chromosome Unknown contig00822_1.f1.exp, whole genome shotgun sequence	24190	0.298418107380732	0.162624302692214	0.0204775541127464
NW_003315243.1 Trichophyton verrucosum HKI 0517 chromosome Unknown contig00818_1.f1.exp, whole genome shotgun sequence	21061	0.547059604579364	0.0776133883094834	0.0204775541127464
NW_003315244.1 Trichophyton verrucosum HKI 0517 chromosome Unknown contig00817_1.f1.exp, whole genome shotgun sequence	3726	7.25657493166602e-05	0.995876788746059	0.0849815249382341
NW_003315245.1 Trichophyton verrucosum HKI 0517 chromosome Unknown contig00814_1.f1.exp, whole genome shotgun sequence	91853	0.296590419151965	0.16383701188455	0.0204775541127464
NW_003315246.1 Trichophyton verrucosum HKI 0517 chromosome Unknown contig00813_1.f1.exp, whole genome shotgun sequence	10636	0.293835485772474	0.164564637399952	0.0204775541127464
NW_003315247.1 Trichophyton verrucosum HKI 0517 chromosome Unknown contig00812_1.f1.exp, whole genome shotgun sequence	20134	0.346327537336373	0.13970409895707	0.0204775541127464
NW_003315248.1 Trichophyton verrucosum HKI 0517 chromosome Unknown contig00811_1.f1.exp, whole genome shotgun sequence	73663	0.632316082245282	0.0593014795052147	0.0204775541127464
NW_003315249.1 Trichophyton verrucosum HKI 0517 chromosome Unknown contig00810_1.f1.exp, whole genome shotgun sequence	69368	0.607923126689221	0.065365025466893	0.0204775541127464
NW_003315250.1 Trichophyton verrucosum HKI 0517 chromosome Unknown contig00807_1.f1.exp, whole genome shotgun sequence	29966	0.246865363509067	0.19136551055057	0.0211024145039725
NW_003315251.1 Trichophyton verrucosum HKI 0517 chromosome Unknown contig00791_1.f1.exp, whole genome shotgun sequence	29874	0.508327588937437	0.085010914382731	0.0204775541127464
NW_003315252.1 Trichophyton verrucosum HKI 0517 chromosome Unknown contig00789_1.f1.exp, whole genome shotgun sequence	4343	0.000791373291246023	0.951976715983507	0.0815472277613882
NW_003315253.1 Trichophyton verrucosum HKI 0517 chromosome Unknown contig00787_1.f1.exp, whole genome shotgun sequence	33207	0.224057222041478	0.204705311666262	0.0218036065462397
NW_003315254.1 Trichophyton verrucosum HKI 0517 chromosome Unknown contig00775_1.f1.exp, whole genome shotgun sequence	11130	0.277041201557458	0.175236478292505	0.0209741979155316
NW_003315255.1 Trichophyton verrucosum HKI 0517 chromosome Unknown contig00773_1.f1.exp, whole genome shotgun sequence	100173	0.280912202507571	0.173417414504002	0.0209741979155316
NW_003315256.1 Trichophyton verrucosum HKI 0517 chromosome Unknown contig00767_1.f1.exp, whole genome shotgun sequence	75985	0.394524214588446	0.12236235750667	0.0204775541127464
NW_003315257.1 Trichophyton verrucosum HKI 0517 chromosome Unknown contig00764_1.f1.exp, whole genome shotgun sequence	99179	0.438271107583792	0.106597138006306	0.0204775541127464
NW_003315258.1 Trichophyton verrucosum HKI 0517 chromosome Unknown contig00759_1.f1.exp, whole genome shotgun sequence	42688	0.287216879852195	0.167475139461557	0.0204775541127464
NW_003315259.1 Trichophyton verrucosum HKI 0517 chromosome Unknown contig00740_1.f1.exp, whole genome shotgun sequence	22778	0.435586626930311	0.107446034440941	0.0204775541127464
NW_003315260.1 Trichophyton verrucosum HKI 0517 chromosome Unknown contig00739_1.f1.exp, whole genome shotgun sequence	72518	0.341038188686503	0.142008246422508	0.0204775541127464
NW_003315261.1 Trichophyton verrucosum HKI 0517 chromosome Unknown contig00736_1.f1.exp, whole genome shotgun sequence	11814	0.00996130163519674	0.725321367935969	0.0639735651102665
NW_003315262.1 Trichophyton verrucosum HKI 0517 chromosome Unknown contig00730_1.f1.exp, whole genome shotgun sequence	27307	0.322863238721581	0.152073732718894	0.0204775541127464
NW_003315263.1 Trichophyton verrucosum HKI 0517 chromosome Unknown contig00727_1.f1.exp, whole genome shotgun sequence	19868	0.277499246516534	0.175236478292505	0.0209741979155316
NW_003315264.1 Trichophyton verrucosum HKI 0517 chromosome Unknown contig00723_1.f1.exp, whole genome shotgun sequence	49514	0.562930499025219	0.0739752607324764	0.0204775541127464
NW_003315265.1 Trichophyton verrucosum HKI 0517 chromosome Unknown contig00718_1.f1.exp, whole genome shotgun sequence	34437	0.60422584195643	0.0659713800630609	0.0204775541127464
NW_003315266.1 Trichophyton verrucosum HKI 0517 chromosome Unknown contig00711_1.f1.exp, whole genome shotgun sequence	11259	0.349737225894378	0.138491389764734	0.0204775541127464
NW_003315267.1 Trichophyton verrucosum HKI 0517 chromosome Unknown contig00710_1.f1.exp, whole genome shotgun sequence	20042	0.16653727307349	0.253941304875091	0.0257573553155046
NW_003315268.1 Trichophyton verrucosum HKI 0517 chromosome Unknown contig00709_1.f1.exp, whole genome shotgun sequence	15131	0.399934996137426	0.120422022798933	0.0204775541127464
NW_003315269.1 Trichophyton verrucosum HKI 0517 chromosome Unknown contig00708_1.f1.exp, whole genome shotgun sequence	40730	0.381203051154169	0.126485568760611	0.0204775541127464
NW_003315270.1 Trichophyton verrucosum HKI 0517 chromosome Unknown contig00707_1.f1.exp, whole genome shotgun sequence	26092	0.207033142450065	0.218530196458889	0.0228940409694558
NW_003315271.1 Trichophyton verrucosum HKI 0517 chromosome Unknown contig00706_1.f1.exp, whole genome shotgun sequence	24408	0.36969831069501	0.130366238176085	0.0204775541127464
NW_003315272.1 Trichophyton verrucosum HKI 0517 chromosome Unknown contig00704_1.f1.exp, whole genome shotgun sequence	9417	0.297097038248641	0.163594470046083	0.0204775541127464
NW_003315273.1 Trichophyton verrucosum HKI 0517 chromosome Unknown contig00702_1.f1.exp, whole genome shotgun sequence	117208	0.438899762213999	0.106597138006306	0.0204775541127464
NW_003315274.1 Trichophyton verrucosum HKI 0517 chromosome Unknown contig00699_1.f1.exp, whole genome shotgun sequence	86675	0.567158032954961	0.0726412806209071	0.0204775541127464
NW_003315275.1 Trichophyton verrucosum HKI 0517 chromosome Unknown contig00696_1.f1.exp, whole genome shotgun sequence	15691	0.414150388305232	0.11557118602959	0.0204775541127464
NW_003315276.1 Trichophyton verrucosum HKI 0517 chromosome Unknown contig00695_1.f1.exp, whole genome shotgun sequence	102902	0.358256667025895	0.134853262187727	0.0204775541127464
NW_003315277.1 Trichophyton verrucosum HKI 0517 chromosome Unknown contig00693_1.f1.exp, whole genome shotgun sequence	34846	0.55228778208805	0.0764006791171477	0.0204775541127464
NW_003315278.1 Trichophyton verrucosum HKI 0517 chromosome Unknown contig00692_1.f1.exp, whole genome shotgun sequence	88603	0.442008234958417	0.10538442881397	0.0204775541127464
NW_003315279.1 Trichophyton verrucosum HKI 0517 chromosome Unknown contig00689_1.f1.exp, whole genome shotgun sequence	21516	0.554362820854608	0.076036866359447	0.0204775541127464
NW_003315280.1 Trichophyton verrucosum HKI 0517 chromosome Unknown contig00688_1.f1.exp, whole genome shotgun sequence	7435	0.139850922717857	0.280014552510308	0.0274656451256232
NW_003315281.1 Trichophyton verrucosum HKI 0517 chromosome Unknown contig00687_1.f1.exp, whole genome shotgun sequence	20505	0.300545831146126	0.161775406257579	0.0204775541127464
NW_003315282.1 Trichophyton verrucosum HKI 0517 chromosome Unknown contig00686_1.f1.exp, whole genome shotgun sequence	18744	0.677211230257279	0.0500848896434635	0.0204775541127464
NW_003315283.1 Trichophyton verrucosum HKI 0517 chromosome Unknown contig00685_1.f1.exp, whole genome shotgun sequence	28983	0.506306807521157	0.085859810817366	0.0204775541127464
NW_003315284.1 Trichophyton verrucosum HKI 0517 chromosome Unknown TV-F-b-12a05.M13f1, whole genome shotgun sequence	24482	0.394950290254105	0.121998544748969	0.0204775541127464
NW_003315285.1 Trichophyton verrucosum HKI 0517 chromosome Unknown contig00683_1.f1.exp, whole genome shotgun sequence	70143	0.475587033341532	0.0942275042444822	0.0204775541127464
NW_003315286.1 Trichophyton verrucosum HKI 0517 chromosome Unknown contig00681_1.f1.exp, whole genome shotgun sequence	5083	0.268807682013976	0.178995876788746	0.0209741979155316
NW_003315287.1 Trichophyton verrucosum HKI 0517 chromosome Unknown contig00680_1.f1.exp, whole genome shotgun sequence	17414	0.45258539565984	0.102837739510065	0.0204775541127464
NW_003315288.1 Trichophyton verrucosum HKI 0517 chromosome Unknown contig00679_1.f1.exp, whole genome shotgun sequence	34722	0.32729636638974	0.149769585253456	0.0204775541127464
NW_003315289.1 Trichophyton verrucosum HKI 0517 chromosome Unknown contig00678_55.r1.exp, whole genome shotgun sequence	77153	0.523302752216383	0.0827067669172932	0.0204775541127464
NW_003315290.1 Trichophyton verrucosum HKI 0517 chromosome Unknown contig00677_48.r1.exp, whole genome shotgun sequence	68211	0.307915056389845	0.158258549599806	0.0204775541127464
NW_003315291.1 Trichophyton verrucosum HKI 0517 chromosome Unknown contig00671_1.f1.exp, whole genome shotgun sequence	19346	0.141860202348804	0.27734659228717	0.027324060025265
NW_003315292.1 Trichophyton verrucosum HKI 0517 chromosome Unknown contig00670_1.f1.exp, whole genome shotgun sequence	148571	0.322028821487301	0.152922629153529	0.0204775541127464
NW_003315293.1 Trichophyton verrucosum HKI 0517 chromosome Unknown contig00668_1.f1.exp, whole genome shotgun sequence	96546	0.376301506046254	0.128304632549115	0.0204775541127464
NW_003315294.1 Trichophyton verrucosum HKI 0517 chromosome Unknown contig00662_1.f1.exp, whole genome shotgun sequence	16315	0.299787474268775	0.16213921901528	0.0204775541127464
NW_003315295.1 Trichophyton verrucosum HKI 0517 chromosome Unknown contig00660_1.f1.exp, whole genome shotgun sequence	7924	0.550621139918473	0.0766432209556148	0.0204775541127464
NW_003315296.1 Trichophyton verrucosum HKI 0517 chromosome Unknown contig00659_1.f1.exp, whole genome shotgun sequence	96448	0.241189290738001	0.193427116177541	0.0211581549061992
NW_003315297.1 Trichophyton verrucosum HKI 0517 chromosome Unknown contig00656_1.f1.exp, whole genome shotgun sequence	41723	0.533484040681865	0.0802813485326219	0.0204775541127464
NW_003315298.1 Trichophyton verrucosum HKI 0517 chromosome Unknown contig00655_1.f1.exp, whole genome shotgun sequence	174828	0.400858062516282	0.120179480960466	0.0204775541127464
NW_003315299.1 Trichophyton verrucosum HKI 0517 chromosome Unknown TV-F-a-03g01.M13f1, whole genome shotgun sequence	46094	0.201987446646522	0.22265340771283	0.0231628850974782
NW_003315300.1 Trichophyton verrucosum HKI 0517 chromosome Unknown contig00652_1.f1.exp, whole genome shotgun sequence	56264	0.655872494777925	0.0544506427358719	0.0204775541127464
NW_003315301.1 Trichophyton verrucosum HKI 0517 chromosome Unknown contig00651_1.f1.exp, whole genome shotgun sequence	186214	0.301789560827449	0.16044142614601	0.0204775541127464
NW_003315302.1 Trichophyton verrucosum HKI 0517 chromosome Unknown contig00650_1.f1.exp, whole genome shotgun sequence	26120	0.788731212750745	0.0304390007276255	0.0204775541127464
NW_003315303.1 Trichophyton verrucosum HKI 0517 chromosome Unknown contig00649_1.f1.exp, whole genome shotgun sequence	38273	0.388207510399451	0.124545234052874	0.0204775541127464
NW_003315304.1 Trichophyton verrucosum HKI 0517 chromosome Unknown contig00606_1.f1.exp, whole genome shotgun sequence	17538	0.134004878417881	0.285835556633519	0.0278529611017999
NW_003315305.1 Trichophyton verrucosum HKI 0517 chromosome Unknown contig00503_1.f1.exp, whole genome shotgun sequence	10447	0.12853709352412	0.293354353626	0.0283995992098179
NW_003315306.1 Trichophyton verrucosum HKI 0517 chromosome Unknown contig00484_1.f1.exp, whole genome shotgun sequence	3704	0.0300407135274469	0.543778801843318	0.0487319207520415
NW_003315307.1 Trichophyton verrucosum HKI 0517 chromosome Unknown contig00482_1.f1.exp, whole genome shotgun sequence	54726	0.595223258048701	0.0673053601746301	0.0204775541127464
NW_003315308.1 Trichophyton verrucosum HKI 0517 chromosome Unknown contig00478_1.f1.exp, whole genome shotgun sequence	7039	0.690460207994222	0.0477807421780257	0.0204775541127464
NW_003315309.1 Trichophyton verrucosum HKI 0517 chromosome Unknown contig00471_1.f1.exp, whole genome shotgun sequence	7369	0.266211191448356	0.180572398738782	0.0209741979155316
NW_003315310.1 Trichophyton verrucosum HKI 0517 chromosome Unknown contig00470_1.f1.exp, whole genome shotgun sequence	22910	0.447733959316245	0.104050448702401	0.0204775541127464
NW_003315311.1 Trichophyton verrucosum HKI 0517 chromosome Unknown contig00469_4.r1.exp, whole genome shotgun sequence	6470	0.0740637380892409	0.387339316032016	0.0356426873700977
NW_003315312.1 Trichophyton verrucosum HKI 0517 chromosome Unknown contig00468_1.f1.exp, whole genome shotgun sequence	7328	0.238406122643162	0.195003638127577	0.0211749059795753
NW_003315313.1 Trichophyton verrucosum HKI 0517 chromosome Unknown contig00463_1.f1.exp, whole genome shotgun sequence	3905	0.112002687402944	0.316759641038079	0.0302067907870708
NW_003315314.1 Trichophyton verrucosum HKI 0517 chromosome Unknown contig00462_1.f1.exp, whole genome shotgun sequence	14960	0.323968263108088	0.151346107203493	0.0204775541127464
NW_003315315.1 Trichophyton verrucosum HKI 0517 chromosome Unknown contig00461_1.f1.exp, whole genome shotgun sequence	11191	0.0956852936906913	0.342711617754063	0.0322679283521645
NW_003315316.1 Trichophyton verrucosum HKI 0517 chromosome Unknown contig00460_1.f1.exp, whole genome shotgun sequence	3623	0.460792512778712	0.100412321125394	0.0204775541127464
NW_003315317.1 Trichophyton verrucosum HKI 0517 chromosome Unknown contig00459_1.f1.exp, whole genome shotgun sequence	5449	0.16190228468387	0.258428328886733	0.0259179535301822
NW_003315318.1 Trichophyton verrucosum HKI 0517 chromosome Unknown contig00458_1.f1.exp, whole genome shotgun sequence	4163	0.132659239228236	0.287412078583556	0.027945567190633
NW_003315319.1 Trichophyton verrucosum HKI 0517 chromosome Unknown contig00456_1.f1.exp, whole genome shotgun sequence	13269	0.270799611244482	0.178146980354111	0.0209741979155316
NW_003315320.1 Trichophyton verrucosum HKI 0517 chromosome Unknown contig00455_1.f1.exp, whole genome shotgun sequence	12431	0.653490664270088	0.0550569973320398	0.0204775541127464
NW_003315321.1 Trichophyton verrucosum HKI 0517 chromosome Unknown contig00453_1.f1.exp, whole genome shotgun sequence	7798	0.0455914849843887	0.467984477322338	0.0424306658544815
NW_003315322.1 Trichophyton verrucosum HKI 0517 chromosome Unknown contig00451_1.f1.exp, whole genome shotgun sequence	11452	0.803558479167881	0.0281348532621877	0.0204775541127464
NW_003315323.1 Trichophyton verrucosum HKI 0517 chromosome Unknown contig00450_1.f1.exp, whole genome shotgun sequence	24924	0.387552961836324	0.125151588649042	0.0204775541127464
NW_003315324.1 Trichophyton verrucosum HKI 0517 chromosome Unknown contig00448_17.r1.exp, whole genome shotgun sequence	25210	0.73031130706412	0.0406257579432452	0.0204775541127464
NW_003315325.1 Trichophyton verrucosum HKI 0517 chromosome Unknown contig00447_1.f1.exp, whole genome shotgun sequence	27737	0.577235296874502	0.0705796749939365	0.0204775541127464
NW_003315326.1 Trichophyton verrucosum HKI 0517 chromosome Unknown contig00446_1.f1.exp, whole genome shotgun sequence	51685	0.517570961669811	0.0835556633519282	0.0204775541127464
NW_003315327.1 Trichophyton verrucosum HKI 0517 chromosome Unknown contig00445_1.f1.exp, whole genome shotgun sequence	25744	0.205529827907234	0.219742905651225	0.0229671753643682
NW_003315328.1 Trichophyton verrucosum HKI 0517 chromosome Unknown contig00444_1.f1.exp, whole genome shotgun sequence	7978	0.299285486311258	0.162381760853747	0.0204775541127464
NW_003315329.1 Trichophyton verrucosum HKI 0517 chromosome Unknown contig00443_1.f1.exp, whole genome shotgun sequence	7031	0.3963603533472	0.121392190152801	0.0204775541127464
NW_003315330.1 Trichophyton verrucosum HKI 0517 chromosome Unknown contig00442_1.f1.exp, whole genome shotgun sequence	19701	0.408116246419254	0.117026437060393	0.0204775541127464
NW_003315331.1 Trichophyton verrucosum HKI 0517 chromosome Unknown contig00441_1.f1.exp, whole genome shotgun sequence	7962	0.720787842849454	0.042081008974048	0.0204775541127464
NW_003315332.1 Trichophyton verrucosum HKI 0517 chromosome Unknown contig00440_1.f1.exp, whole genome shotgun sequence	39565	0.0871823740231108	0.359083191850594	0.0335264661328162
NW_003315333.1 Trichophyton verrucosum HKI 0517 chromosome Unknown contig00437_1.f1.exp, whole genome shotgun sequence	24969	0.391001085670341	0.123575066699006	0.0204775541127464
NW_003315334.1 Trichophyton verrucosum HKI 0517 chromosome Unknown contig00436_1.f1.exp, whole genome shotgun sequence	7812	0.0783487670387079	0.3793354353626	0.0350507150152316
NW_003315335.1 Trichophyton verrucosum HKI 0517 chromosome Unknown contig00435_1.f1.exp, whole genome shotgun sequence	10188	0.0221806234646834	0.598350715498423	0.0533014087352971
NW_003315336.1 Trichophyton verrucosum HKI 0517 chromosome Unknown contig00433_27.r1.exp, whole genome shotgun sequence	38484	0.38873093093993	0.124423963133641	0.0204775541127464
NW_003315337.1 Trichophyton verrucosum HKI 0517 chromosome Unknown contig00432_1.f1.exp, whole genome shotgun sequence	15285	0.763017754631086	0.0349260247392675	0.0204775541127464
NW_003315338.1 Trichophyton verrucosum HKI 0517 chromosome Unknown contig00430_1.f1.exp, whole genome shotgun sequence	31886	0.491339092936648	0.0904681057482416	0.0204775541127464
NW_003315339.1 Trichophyton verrucosum HKI 0517 chromosome Unknown contig00429_1.f1.exp, whole genome shotgun sequence	34396	0.285525861382892	0.169172932330827	0.0206286301906784
NW_003315340.1 Trichophyton verrucosum HKI 0517 chromosome Unknown contig00428_1.f1.exp, whole genome shotgun sequence	7539	0.189577349147302	0.232961435847684	0.0239756133286236
NW_003315341.1 Trichophyton verrucosum HKI 0517 chromosome Unknown contig00427_1.f1.exp, whole genome shotgun sequence	7296	0.194292833859022	0.228959495512976	0.0237083859172223
NW_003315342.1 Trichophyton verrucosum HKI 0517 chromosome Unknown contig00426_1.f1.exp, whole genome shotgun sequence	40851	0.488387594913191	0.0909531894251758	0.0204775541127464
NW_003315343.1 Trichophyton verrucosum HKI 0517 chromosome Unknown contig00425_1.f1.exp, whole genome shotgun sequence	33359	0.397073481998805	0.121270919233568	0.0204775541127464
NW_003315344.1 Trichophyton verrucosum HKI 0517 chromosome Unknown TV-F-a-04d11.M13r1, whole genome shotgun sequence	103936	0.366138663412237	0.131821489206888	0.0204775541127464
NW_003315345.1 Trichophyton verrucosum HKI 0517 chromosome Unknown contig00423_1.f1.exp, whole genome shotgun sequence	40269	0.367747146011724	0.13085132185302	0.0204775541127464
NW_003315346.1 Trichophyton verrucosum HKI 0517 chromosome Unknown contig00422_1.f1.exp, whole genome shotgun sequence	10963	0.4727441080777	0.0951976715983507	0.0204775541127464
NW_003315347.1 Trichophyton verrucosum HKI 0517 chromosome Unknown contig00421_1.f1.exp, whole genome shotgun sequence	3717	0.134633715127636	0.285593014795052	0.0278529611017999
NW_003315348.1 Trichophyton verrucosum HKI 0517 chromosome Unknown contig00420_1.f1.exp, whole genome shotgun sequence	3551	0.880682010487102	0.0162503031772981	0.0204775541127464
NW_003315349.1 Trichophyton verrucosum HKI 0517 chromosome Unknown contig00418_1.f1.exp, whole genome shotgun sequence	31381	0.398356708105859	0.120907106475867	0.0204775541127464
NW_003315350.1 Trichophyton verrucosum HKI 0517 chromosome Unknown contig00417_1.f1.exp, whole genome shotgun sequence	39553	0.451082647127227	0.103322823187	0.0204775541127464
NW_003315351.1 Trichophyton verrucosum HKI 0517 chromosome Unknown contig00416_1.f1.exp, whole genome shotgun sequence	65112	0.342625462088969	0.14140189182634	0.0204775541127464
NW_003315352.1 Trichophyton verrucosum HKI 0517 chromosome Unknown contig00415_1.f1.exp, whole genome shotgun sequence	4268	0.629930615274588	0.0597865631821489	0.0204775541127464
NW_003315353.1 Trichophyton verrucosum HKI 0517 chromosome Unknown contig00414_1.f1.exp, whole genome shotgun sequence	20007	0.2740668107445	0.176934271161775	0.0209741979155316
NW_003315354.1 Trichophyton verrucosum HKI 0517 chromosome Unknown contig00413_1.f1.exp, whole genome shotgun sequence	65902	0.495250408234468	0.089497938394373	0.0204775541127464
NW_003315355.1 Trichophyton verrucosum HKI 0517 chromosome Unknown contig00412_1.f1.exp, whole genome shotgun sequence	26045	0.233472286830322	0.19815668202765	0.0214130863664837
NW_003315356.1 Trichophyton verrucosum HKI 0517 chromosome Unknown contig00411_1.f1.exp, whole genome shotgun sequence	27363	0.373882962667973	0.129032258064516	0.0204775541127464
NW_003315357.1 Trichophyton verrucosum HKI 0517 chromosome Unknown contig00410_1.f1.exp, whole genome shotgun sequence	16737	0.427772442305789	0.11011399466408	0.0204775541127464
NW_003315358.1 Trichophyton verrucosum HKI 0517 chromosome Unknown contig00409_1.f1.exp, whole genome shotgun sequence	11915	0.566499224045581	0.0728838224593742	0.0204775541127464
NW_003315359.1 Trichophyton verrucosum HKI 0517 chromosome Unknown contig00408_1.f1.exp, whole genome shotgun sequence	19460	0.399587321227172	0.120422022798933	0.0204775541127464
NW_003315360.1 Trichophyton verrucosum HKI 0517 chromosome Unknown contig00407_1.f1.exp, whole genome shotgun sequence	30312	0.433146345621543	0.108294930875576	0.0204775541127464
NW_003315361.1 Trichophyton verrucosum HKI 0517 chromosome Unknown contig00406_1.f1.exp, whole genome shotgun sequence	15831	0.547697911155948	0.0774921173902498	0.0204775541127464
NW_003315362.1 Trichophyton verrucosum HKI 0517 chromosome Unknown contig00404_1.f1.exp, whole genome shotgun sequence	9581	0.815415185941091	0.0261945185544506	0.0204775541127464
NW_003315363.1 Trichophyton verrucosum HKI 0517 chromosome Unknown contig00403_1.f1.exp, whole genome shotgun sequence	5406	0.750927815199001	0.036745088527771	0.0204775541127464
NW_003315364.1 Trichophyton verrucosum HKI 0517 chromosome Unknown contig00401_1.f1.exp, whole genome shotgun sequence	27332	0.516670824795281	0.0836769342711618	0.0204775541127464
NW_003315365.1 Trichophyton verrucosum HKI 0517 chromosome Unknown contig00400_1.f1.exp, whole genome shotgun sequence	23530	0.409708652368605	0.116298811544992	0.0204775541127464
NW_003315366.1 Trichophyton verrucosum HKI 0517 chromosome Unknown contig00399_43.r1.exp, whole genome shotgun sequence	61658	0.538665663489064	0.0790686393402862	0.0204775541127464
NW_003315367.1 Trichophyton verrucosum HKI 0517 chromosome Unknown contig00398_1.f1.exp, whole genome shotgun sequence	19416	0.65356054909908	0.0549357264128062	0.0204775541127464
NW_003315368.1 Trichophyton verrucosum HKI 0517 chromosome Unknown contig00397_1.f1.exp, whole genome shotgun sequence	21571	0.481819726824909	0.0927722532136794	0.0204775541127464
NW_003315369.1 Trichophyton verrucosum HKI 0517 chromosome Unknown contig00396_1.f1.exp, whole genome shotgun sequence	6521	0.475873375102335	0.0942275042444822	0.0204775541127464
NW_003315370.1 Trichophyton verrucosum HKI 0517 chromosome Unknown contig00395_1.f1.exp, whole genome shotgun sequence	50771	0.530927976478267	0.0811302449672568	0.0204775541127464
NW_003315371.1 Trichophyton verrucosum HKI 0517 chromosome Unknown contig00394_1.f1.exp, whole genome shotgun sequence	130540	0.492161322938223	0.0902255639097744	0.0204775541127464
NW_003315372.1 Trichophyton verrucosum HKI 0517 chromosome Unknown contig00392_1.f1.exp, whole genome shotgun sequence	60689	0.367123374807254	0.131457676449187	0.0204775541127464
NW_003315373.1 Trichophyton verrucosum HKI 0517 chromosome Unknown contig00391_1.f1.exp, whole genome shotgun sequence	17322	0.422214524566111	0.111933058452583	0.0204775541127464
NW_003315374.1 Trichophyton verrucosum HKI 0517 chromosome Unknown contig00390_1.f1.exp, whole genome shotgun sequence	14930	0.221674670933211	0.205918020858598	0.0218289506080258
NW_003315375.1 Trichophyton verrucosum HKI 0517 chromosome Unknown contig00389_1.f1.exp, whole genome shotgun sequence	49631	0.24843231849656	0.190759155954402	0.0211024145039725
NW_003315376.1 Trichophyton verrucosum HKI 0517 chromosome Unknown contig00388_1.f1.exp, whole genome shotgun sequence	31140	0.37374636596884	0.129274799902983	0.0204775541127464
NW_003315377.1 Trichophyton verrucosum HKI 0517 chromosome Unknown contig00387_1.f1.exp, whole genome shotgun sequence	29282	0.162221388355545	0.258428328886733	0.0259179535301822
NW_003315378.1 Trichophyton verrucosum HKI 0517 chromosome Unknown contig00385_1.f1.exp, whole genome shotgun sequence	44025	0.425674666751802	0.110962891098715	0.0204775541127464
NW_003315379.1 Trichophyton verrucosum HKI 0517 chromosome Unknown contig00384_1.f1.exp, whole genome shotgun sequence	33369	0.364793406853327	0.132185301964589	0.0204775541127464
NW_003315380.1 Trichophyton verrucosum HKI 0517 chromosome Unknown contig00383_1.f1.exp, whole genome shotgun sequence	125468	0.294040234826325	0.164564637399952	0.0204775541127464
NW_003315381.1 Trichophyton verrucosum HKI 0517 chromosome Unknown contig00382_1.f1.exp, whole genome shotgun sequence	31649	0.295852182381275	0.16383701188455	0.0204775541127464
NW_003315382.1 Trichophyton verrucosum HKI 0517 chromosome Unknown contig00381_1.f1.exp, whole genome shotgun sequence	16903	0.244805365162824	0.191971865146738	0.0211024145039725
NW_003315383.1 Trichophyton verrucosum HKI 0517 chromosome Unknown contig00380_1.f1.exp, whole genome shotgun sequence	44172	0.499515304706371	0.0878001455251031	0.0204775541127464
NW_003315384.1 Trichophyton verrucosum HKI 0517 chromosome Unknown contig00379_1.f1.exp, whole genome shotgun sequence	133012	0.447805401366657	0.104050448702401	0.0204775541127464
NW_003315385.1 Trichophyton verrucosum HKI 0517 chromosome Unknown contig00377_1.f1.exp, whole genome shotgun sequence	23158	0.246142125297756	0.191729323308271	0.0211024145039725
NW_003315386.1 Trichophyton verrucosum HKI 0517 chromosome Unknown contig00376_1.f1.exp, whole genome shotgun sequence	63377	0.543019597710999	0.0780984719864177	0.0204775541127464
NW_003315387.1 Trichophyton verrucosum HKI 0517 chromosome Unknown contig00375_1.f1.exp, whole genome shotgun sequence	24967	0.608899985884393	0.0651224836284259	0.0204775541127464
NW_003315388.1 Trichophyton verrucosum HKI 0517 chromosome Unknown contig00374_1.f1.exp, whole genome shotgun sequence	7955	0.0794894165658424	0.376182391462527	0.0348539450749459
NW_003315389.1 Trichophyton verrucosum HKI 0517 chromosome Unknown contig00373_1.f1.exp, whole genome shotgun sequence	213107	0.401146045441658	0.120058210041232	0.0204775541127464
NW_003315390.1 Trichophyton verrucosum HKI 0517 chromosome Unknown contig00372_1.f1.exp, whole genome shotgun sequence	34897	0.20262513361969	0.222410865874363	0.0231628850974782
NW_003315391.1 Trichophyton verrucosum HKI 0517 chromosome Unknown contig00371_1.f1.exp, whole genome shotgun sequence	24838	0.24009839075177	0.194397283531409	0.0211605491312364
NW_003315392.1 Trichophyton verrucosum HKI 0517 chromosome Unknown contig00370_1.f1.exp, whole genome shotgun sequence	4462	0.413098678089409	0.115692456948824	0.0204775541127464
NW_003315393.1 Trichophyton verrucosum HKI 0517 chromosome Unknown contig00369_1.f1.exp, whole genome shotgun sequence	47549	0.251434056173387	0.189061363085132	0.0211024145039725
NW_003315394.1 Trichophyton verrucosum HKI 0517 chromosome Unknown contig00368_1.f1.exp, whole genome shotgun sequence	53442	0.398467025132049	0.120785835556634	0.0204775541127464
NW_003315395.1 Trichophyton verrucosum HKI 0517 chromosome Unknown contig00367_1.f1.exp, whole genome shotgun sequence	20985	0.147880478147686	0.271404317244725	0.0269168873249323
NW_003315396.1 Trichophyton verrucosum HKI 0517 chromosome Unknown contig00366_1.f1.exp, whole genome shotgun sequence	84523	0.271562681842595	0.178025709434878	0.0209741979155316
NW_003315397.1 Trichophyton verrucosum HKI 0517 chromosome Unknown contig00365_1.f1.exp, whole genome shotgun sequence	21101	0.241833604016343	0.19306330341984	0.0211581549061992
NW_003315398.1 Trichophyton verrucosum HKI 0517 chromosome Unknown contig00364_1.f1.exp, whole genome shotgun sequence	6105	0.513774886561505	0.0842832888673296	0.0204775541127464
NW_003315399.1 Trichophyton verrucosum HKI 0517 chromosome Unknown contig00363_1.f1.exp, whole genome shotgun sequence	24537	0.292081067868424	0.165413533834586	0.0204775541127464
NW_003315400.1 Trichophyton verrucosum HKI 0517 chromosome Unknown contig00362_1.f1.exp, whole genome shotgun sequence	41129	0.346333177062227	0.13970409895707	0.0204775541127464
NW_003315401.1 Trichophyton verrucosum HKI 0517 chromosome Unknown contig00361_33.r1.exp, whole genome shotgun sequence	47669	0.340394421422899	0.142372059180209	0.0204775541127464
NW_003315402.1 Trichophyton verrucosum HKI 0517 chromosome Unknown contig00360_1.f1.exp, whole genome shotgun sequence	199369	0.385021974089477	0.125151588649042	0.0204775541127464
NW_003315403.1 Trichophyton verrucosum HKI 0517 chromosome Unknown contig00359_1.f1.exp, whole genome shotgun sequence	7381	0.12773819132622	0.294567062818336	0.0284552763275392
NW_003315404.1 Trichophyton verrucosum HKI 0517 chromosome Unknown contig00358_1.f1.exp, whole genome shotgun sequence	29477	0.356827290820875	0.135338345864662	0.0204775541127464
NW_003315405.1 Trichophyton verrucosum HKI 0517 chromosome Unknown contig00357_1.f1.exp, whole genome shotgun sequence	58125	0.456915125060292	0.101503759398496	0.0204775541127464
NW_003315406.1 Trichophyton verrucosum HKI 0517 chromosome Unknown contig00356_1.f1.exp, whole genome shotgun sequence	22281	0.366684439074567	0.131700218287655	0.0204775541127464
NW_003315407.1 Trichophyton verrucosum HKI 0517 chromosome Unknown contig00355_1.f1.exp, whole genome shotgun sequence	17498	0.305861858251638	0.158864904195974	0.0204775541127464
NW_003315408.1 Trichophyton verrucosum HKI 0517 chromosome Unknown contig00354_1.f1.exp, whole genome shotgun sequence	23332	0.674051276015212	0.0509337860780985	0.0204775541127464
NW_003315409.1 Trichophyton verrucosum HKI 0517 chromosome Unknown TV-F-a-04g03.M13f1, whole genome shotgun sequence	66833	0.433935950009805	0.108173659956342	0.0204775541127464
NW_003315410.1 Trichophyton verrucosum HKI 0517 chromosome Unknown contig00352_1.f1.exp, whole genome shotgun sequence	78097	0.314073540115647	0.155954402134368	0.0204775541127464
NW_003315411.1 Trichophyton verrucosum HKI 0517 chromosome Unknown contig00351_1.f1.exp, whole genome shotgun sequence	137985	0.383191723989481	0.126121756002911	0.0204775541127464
NW_003315412.1 Trichophyton verrucosum HKI 0517 chromosome Unknown contig00350_1.f1.exp, whole genome shotgun sequence	10939	0.339054950170384	0.142978413776376	0.0204775541127464
NW_003315413.1 Trichophyton verrucosum HKI 0517 chromosome Unknown contig00349_1.f1.exp, whole genome shotgun sequence	24536	0.186781436716896	0.234659228716954	0.0240199305963967
NW_003315414.1 Trichophyton verrucosum HKI 0517 chromosome Unknown contig00348_1.f1.exp, whole genome shotgun sequence	6940	0.129614027285995	0.292262915352898	0.0283554457628016
NW_003315415.1 Trichophyton verrucosum HKI 0517 chromosome Unknown contig00347_1.f1.exp, whole genome shotgun sequence	39905	0.410728274687363	0.115934998787291	0.0204775541127464
NW_003315416.1 Trichophyton verrucosum HKI 0517 chromosome Unknown contig00346_1.f1.exp, whole genome shotgun sequence	22675	0.697745142735521	0.0464467620664565	0.0204775541127464
NW_003315417.1 Trichophyton verrucosum HKI 0517 chromosome Unknown contig00345_1.f1.exp, whole genome shotgun sequence	195052	0.353789216753035	0.136551055056997	0.0204775541127464
NW_003315418.1 Trichophyton verrucosum HKI 0517 chromosome Unknown contig00344_1.f1.exp, whole genome shotgun sequence	68096	0.378156097987615	0.127334465195246	0.0204775541127464
NW_003315419.1 Trichophyton verrucosum HKI 0517 chromosome Unknown contig00343_1.f1.exp, whole genome shotgun sequence	28565	0.213265323271667	0.212345379577977	0.0222984401699841
NW_003315420.1 Trichophyton verrucosum HKI 0517 chromosome Unknown contig00341_1.f1.exp, whole genome shotgun sequence	72824	0.446867993427633	0.104292990540868	0.0204775541127464
NW_003315421.1 Trichophyton verrucosum HKI 0517 chromosome Unknown contig00340_1.f1.exp, whole genome shotgun sequence	56917	0.360108730759744	0.134368178510793	0.0204775541127464
NW_003315422.1 Trichophyton verrucosum HKI 0517 chromosome Unknown contig00331_1.f1.exp, whole genome shotgun sequence	92003	0.346871773823573	0.139461557118603	0.0204775541127464
NW_003315423.1 Trichophyton verrucosum HKI 0517 chromosome Unknown contig00330_1.f1.exp, whole genome shotgun sequence	90102	0.265665405992234	0.180936211496483	0.0209741979155316
NW_003315424.1 Trichophyton verrucosum HKI 0517 chromosome Unknown contig00329_1.f1.exp, whole genome shotgun sequence	30983	0.263462185809141	0.182148920688819	0.0210073133920503
NW_003315425.1 Trichophyton verrucosum HKI 0517 chromosome Unknown contig00328_1.f1.exp, whole genome shotgun sequence	12220	0.253671448694416	0.187363570215862	0.0211024145039725
NW_003315426.1 Trichophyton verrucosum HKI 0517 chromosome Unknown contig00327_1.f1.exp, whole genome shotgun sequence	16114	0.383871454246182	0.125879214164443	0.0204775541127464
NW_003315427.1 Trichophyton verrucosum HKI 0517 chromosome Unknown contig00326_1.f1.exp, whole genome shotgun sequence	21757	0.666209378278575	0.0520252243512006	0.0204775541127464
NW_003315428.1 Trichophyton verrucosum HKI 0517 chromosome Unknown contig00325_1.f1.exp, whole genome shotgun sequence	26799	0.236570379829775	0.195852534562212	0.021215466157581
NW_003315429.1 Trichophyton verrucosum HKI 0517 chromosome Unknown contig00324_1.f1.exp, whole genome shotgun sequence	155227	0.399748949298	0.120422022798933	0.0204775541127464
NW_003315430.1 Trichophyton verrucosum HKI 0517 chromosome Unknown contig00323_1.f1.exp, whole genome shotgun sequence	23554	0.489804056852279	0.0907106475867087	0.0204775541127464
NW_003315431.1 Trichophyton verrucosum HKI 0517 chromosome Unknown contig00321_1.f1.exp, whole genome shotgun sequence	31696	0.349491189733041	0.138491389764734	0.0204775541127464
NW_003315432.1 Trichophyton verrucosum HKI 0517 chromosome Unknown TV-F-b-10a05.M13f1, whole genome shotgun sequence	171685	0.303478024682529	0.159349987872908	0.0204775541127464
NW_003315433.1 Trichophyton verrucosum HKI 0517 chromosome Unknown contig00319_1.f1.exp, whole genome shotgun sequence	72098	0.551911496839322	0.0765219500363813	0.0204775541127464
NW_003315434.1 Trichophyton verrucosum HKI 0517 chromosome Unknown contig00318_1.f1.exp, whole genome shotgun sequence	70390	0.436011085983888	0.107324763521708	0.0204775541127464
NW_003315435.1 Trichophyton verrucosum HKI 0517 chromosome Unknown contig00317_1.f1.exp, whole genome shotgun sequence	25227	0.519784014413975	0.0830705796749939	0.0204775541127464
NW_003315436.1 Trichophyton verrucosum HKI 0517 chromosome Unknown contig00316_1.f1.exp, whole genome shotgun sequence	72408	0.334196172418823	0.146010186757216	0.0204775541127464
NW_003315437.1 Trichophyton verrucosum HKI 0517 chromosome Unknown contig00314_1.f1.exp, whole genome shotgun sequence	6379	0.287001458402913	0.167475139461557	0.0204775541127464
NW_003315438.1 Trichophyton verrucosum HKI 0517 chromosome Unknown contig00313_1.f1.exp, whole genome shotgun sequence	76099	0.328621210647318	0.148556876061121	0.0204775541127464
NW_003315439.1 Trichophyton verrucosum HKI 0517 chromosome Unknown contig00310_1.f1.exp, whole genome shotgun sequence	39164	0.281577898096654	0.173174872665535	0.0209741979155316
NW_003315440.1 Trichophyton verrucosum HKI 0517 chromosome Unknown TV-F-b-06e04.M13r1, whole genome shotgun sequence	84645	0.326485993515859	0.14989085617269	0.0204775541127464
NW_003315441.1 Trichophyton verrucosum HKI 0517 chromosome Unknown contig00308_77.r1.exp, whole genome shotgun sequence	108887	0.318580005369151	0.153771525588164	0.0204775541127464
NW_003315442.1 Trichophyton verrucosum HKI 0517 chromosome Unknown contig00307_1.f1.exp, whole genome shotgun sequence	36143	0.370894537573115	0.130244967256852	0.0204775541127464
NW_003315443.1 Trichophyton verrucosum HKI 0517 chromosome Unknown contig00306_1.f1.exp, whole genome shotgun sequence	22507	0.479734298306916	0.093984962406015	0.0204775541127464
NW_003315444.1 Trichophyton verrucosum HKI 0517 chromosome Unknown contig00305_1.f1.exp, whole genome shotgun sequence	27713	0.580047658152244	0.069852049478535	0.0204775541127464
NW_003315445.1 Trichophyton verrucosum HKI 0517 chromosome Unknown contig00304_1.f1.exp, whole genome shotgun sequence	64914	0.418150521838627	0.113630851321853	0.0204775541127464
NW_003315446.1 Trichophyton verrucosum HKI 0517 chromosome Unknown TV-F-a-06a01.M13r1, whole genome shotgun sequence	6346	0.731454055562417	0.0402619451855445	0.0204775541127464
NW_003315447.1 Trichophyton verrucosum HKI 0517 chromosome Unknown contig00302_1.f1.exp, whole genome shotgun sequence	46438	0.30990709798318	0.157167111326704	0.0204775541127464
NW_003315448.1 Trichophyton verrucosum HKI 0517 chromosome Unknown contig00301_1.f1.exp, whole genome shotgun sequence	68523	0.610205951662007	0.0648799417899588	0.0204775541127464
NW_003315449.1 Trichophyton verrucosum HKI 0517 chromosome Unknown contig00300_1.f1.exp, whole genome shotgun sequence	43680	0.457705858923197	0.101261217560029	0.0204775541127464
NW_003315450.1 Trichophyton verrucosum HKI 0517 chromosome Unknown contig00299_1.f1.exp, whole genome shotgun sequence	30297	0.225785165933784	0.20361387339316	0.0217396066831207
NW_003315451.1 Trichophyton verrucosum HKI 0517 chromosome Unknown contig00298_1.f1.exp, whole genome shotgun sequence	104866	0.319077627508446	0.153528983749697	0.0204775541127464
NW_003315452.1 Trichophyton verrucosum HKI 0517 chromosome Unknown contig00297_1.f1.exp, whole genome shotgun sequence	5456	0.815190917266061	0.0261945185544506	0.0204775541127464
NW_003315453.1 Trichophyton verrucosum HKI 0517 chromosome Unknown contig00296_1.f1.exp, whole genome shotgun sequence	105062	0.386205070493183	0.125151588649042	0.0204775541127464
NW_003315454.1 Trichophyton verrucosum HKI 0517 chromosome Unknown contig00295_1.f1.exp, whole genome shotgun sequence	194337	0.448659969734996	0.103807906863934	0.0204775541127464
NW_003315455.1 Trichophyton verrucosum HKI 0517 chromosome Unknown contig00294_1.f1.exp, whole genome shotgun sequence	6557	0.298434734801173	0.162624302692214	0.0204775541127464
NW_003315456.1 Trichophyton verrucosum HKI 0517 chromosome Unknown contig00293_1.f1.exp, whole genome shotgun sequence	23661	0.343033920537792	0.140916808149406	0.0204775541127464
NW_003315457.1 Trichophyton verrucosum HKI 0517 chromosome Unknown TV-F-b-11a04.M13r1, whole genome shotgun sequence	142214	0.420292388889834	0.112781954887218	0.0204775541127464
NW_003315458.1 Trichophyton verrucosum HKI 0517 chromosome Unknown contig00289_1.f1.exp, whole genome shotgun sequence	23600	0.704732951284956	0.0451127819548872	0.0204775541127464
NW_003315459.1 Trichophyton verrucosum HKI 0517 chromosome Unknown contig00288_1.f1.exp, whole genome shotgun sequence	6826	0.055310993691044	0.435968954644676	0.0397081892268143
NW_003315460.1 Trichophyton verrucosum HKI 0517 chromosome Unknown contig00287_1.f1.exp, whole genome shotgun sequence	142578	0.4195579823481	0.113024496725685	0.0204775541127464
NW_003315461.1 Trichophyton verrucosum HKI 0517 chromosome Unknown contig00286_1.f1.exp, whole genome shotgun sequence	32693	0.328097891004844	0.148920688818821	0.0204775541127464
NW_003315462.1 Trichophyton verrucosum HKI 0517 chromosome Unknown contig00285_1.f1.exp, whole genome shotgun sequence	23042	0.413967201420594	0.11557118602959	0.0204775541127464
NW_003315463.1 Trichophyton verrucosum HKI 0517 chromosome Unknown contig00284_1.f1.exp, whole genome shotgun sequence	8230	0.64062598539011	0.0573611447974776	0.0204775541127464
NW_003315464.1 Trichophyton verrucosum HKI 0517 chromosome Unknown contig00283_1.f1.exp, whole genome shotgun sequence	43594	0.483456444974022	0.0921658986175115	0.0204775541127464
NW_003315465.1 Trichophyton verrucosum HKI 0517 chromosome Unknown contig00282_1.f1.exp, whole genome shotgun sequence	61583	0.430195593291957	0.109628910987145	0.0204775541127464
NW_003315466.1 Trichophyton verrucosum HKI 0517 chromosome Unknown contig00281_1.f1.exp, whole genome shotgun sequence	44565	0.393784241102003	0.122483628425903	0.0204775541127464
NW_003315467.1 Trichophyton verrucosum HKI 0517 chromosome Unknown TV-F-b-12g09.M13f1, whole genome shotgun sequence	41737	0.258966860550919	0.18457433907349	0.0210138609190582
NW_003315468.1 Trichophyton verrucosum HKI 0517 chromosome Unknown contig00278_1.f1.exp, whole genome shotgun sequence	18731	0.615275422667046	0.0636672325976231	0.0204775541127464
NW_003315469.1 Trichophyton verrucosum HKI 0517 chromosome Unknown contig00276_1.f1.exp, whole genome shotgun sequence	9490	0.139765487598925	0.280014552510308	0.0274656451256232
NW_003315470.1 Trichophyton verrucosum HKI 0517 chromosome Unknown contig00275_1.f1.exp, whole genome shotgun sequence	147024	0.438985971387483	0.106597138006306	0.0204775541127464
NW_003315471.1 Trichophyton verrucosum HKI 0517 chromosome Unknown contig00274_1.f1.exp, whole genome shotgun sequence	44023	0.5108176602032	0.0848896434634974	0.0204775541127464
NW_003315472.1 Trichophyton verrucosum HKI 0517 chromosome Unknown contig00273_1.f1.exp, whole genome shotgun sequence	33580	0.641193244929214	0.0573611447974776	0.0204775541127464
NW_003315473.1 Trichophyton verrucosum HKI 0517 chromosome Unknown contig00272_1.f1.exp, whole genome shotgun sequence	83494	0.435503624658007	0.107446034440941	0.0204775541127464
NW_003315474.1 Trichophyton verrucosum HKI 0517 chromosome Unknown contig00271_1.f1.exp, whole genome shotgun sequence	102980	0.366401662527797	0.131700218287655	0.0204775541127464
NW_003315475.1 Trichophyton verrucosum HKI 0517 chromosome Unknown contig00265_1.f1.exp, whole genome shotgun sequence	16222	0.230559116445602	0.19985447489692	0.0214408078557539
NW_003315476.1 Trichophyton verrucosum HKI 0517 chromosome Unknown contig00264_1.f1.exp, whole genome shotgun sequence	87756	0.488838851924724	0.0909531894251758	0.0204775541127464
NW_003315477.1 Trichophyton verrucosum HKI 0517 chromosome Unknown contig00263_1.f1.exp, whole genome shotgun sequence	42720	0.481330757712382	0.0928935241329129	0.0204775541127464
NW_003315478.1 Trichophyton verrucosum HKI 0517 chromosome Unknown contig00262_1.f1.exp, whole genome shotgun sequence	71394	0.310457511573809	0.157167111326704	0.0204775541127464
NW_003315479.1 Trichophyton verrucosum HKI 0517 chromosome Unknown contig00261_1.f1.exp, whole genome shotgun sequence	98476	0.509930957235976	0.085010914382731	0.0204775541127464
NW_003315480.1 Trichophyton verrucosum HKI 0517 chromosome Unknown contig00260_1.f1.exp, whole genome shotgun sequence	33742	0.270192226247827	0.178389522192578	0.0209741979155316
NW_003315481.1 Trichophyton verrucosum HKI 0517 chromosome Unknown contig00259_1.f1.exp, whole genome shotgun sequence	22852	0.465076527160552	0.098471986417657	0.0204775541127464
NW_003315482.1 Trichophyton verrucosum HKI 0517 chromosome Unknown contig00258_1.f1.exp, whole genome shotgun sequence	5516	0.896626290400957	0.0137036138733932	0.0204775541127464
NW_003315483.1 Trichophyton verrucosum HKI 0517 chromosome Unknown contig00257_1.f1.exp, whole genome shotgun sequence	26263	0.405787605649385	0.118360417171962	0.0204775541127464
NW_003315484.1 Trichophyton verrucosum HKI 0517 chromosome Unknown contig00256_1.f1.exp, whole genome shotgun sequence	3614	0.910746053722168	0.0123696337618239	0.0204775541127464
NW_003315485.1 Trichophyton verrucosum HKI 0517 chromosome Unknown contig00255_1.f1.exp, whole genome shotgun sequence	59916	0.33260179210776	0.146616541353383	0.0204775541127464
NW_003315486.1 Trichophyton verrucosum HKI 0517 chromosome Unknown contig00254_1.f1.exp, whole genome shotgun sequence	32263	0.26030073228933	0.183604171719622	0.0210138609190582
NW_003315487.1 Trichophyton verrucosum HKI 0517 chromosome Unknown contig00253_1.f1.exp, whole genome shotgun sequence	132343	0.292993122375797	0.165170991996119	0.0204775541127464
NW_003315488.1 Trichophyton verrucosum HKI 0517 chromosome Unknown contig00249_1.f1.exp, whole genome shotgun sequence	8258	0.384923254829	0.125151588649042	0.0204775541127464
NW_003315489.1 Trichophyton verrucosum HKI 0517 chromosome Unknown contig00248_45.r1.exp, whole genome shotgun sequence	63285	0.473379300142167	0.0950764006791171	0.0204775541127464
NW_003315490.1 Trichophyton verrucosum HKI 0517 chromosome Unknown contig00242_1.f1.exp, whole genome shotgun sequence	145054	0.474703062589222	0.0947125879214164	0.0204775541127464
NW_003315491.1 Trichophyton verrucosum HKI 0517 chromosome Unknown contig00241_1.f1.exp, whole genome shotgun sequence	58604	0.160362843579703	0.259762308998302	0.0259351767142904
NW_003315492.1 Trichophyton verrucosum HKI 0517 chromosome Unknown contig00240_1.f1.exp, whole genome shotgun sequence	102017	0.372904905066675	0.129638612660684	0.0204775541127464
NW_003315493.1 Trichophyton verrucosum HKI 0517 chromosome Unknown contig00238_1.f1.exp, whole genome shotgun sequence	29575	0.546746335256883	0.077734659228717	0.0204775541127464
NW_003315494.1 Trichophyton verrucosum HKI 0517 chromosome Unknown contig00237_1.f1.exp, whole genome shotgun sequence	38518	0.253043755680455	0.188091195731264	0.0211024145039725
NW_003315495.1 Trichophyton verrucosum HKI 0517 chromosome Unknown contig00236_1.f1.exp, whole genome shotgun sequence	88974	0.321950019659372	0.152922629153529	0.0204775541127464
NW_003315496.1 Trichophyton verrucosum HKI 0517 chromosome Unknown contig00235_55.r1.exp, whole genome shotgun sequence	77651	0.308812533469711	0.158016007761339	0.0204775541127464
NW_003315497.1 Trichophyton verrucosum HKI 0517 chromosome Unknown contig00232_1.f1.exp, whole genome shotgun sequence	78783	0.369970673479592	0.130366238176085	0.0204775541127464
NW_003315498.1 Trichophyton verrucosum HKI 0517 chromosome Unknown contig00230_1.f1.exp, whole genome shotgun sequence	6246	0.0558426702421375	0.433543536260005	0.0395680324456952
NW_003315499.1 Trichophyton verrucosum HKI 0517 chromosome Unknown contig00228_1.f1.exp, whole genome shotgun sequence	12566	0.525827945850249	0.0821004123211254	0.0204775541127464
NW_003315500.1 Trichophyton verrucosum HKI 0517 chromosome Unknown contig00227_1.f1.exp, whole genome shotgun sequence	22055	0.250391479029376	0.1896677176813	0.0211024145039725
NW_003315501.1 Trichophyton verrucosum HKI 0517 chromosome Unknown contig00224_1.f1.exp, whole genome shotgun sequence	22600	0.447510482246796	0.104050448702401	0.0204775541127464
NW_003315502.1 Trichophyton verrucosum HKI 0517 chromosome Unknown contig00223_1.f1.exp, whole genome shotgun sequence	21654	0.682115949462419	0.0492359932088285	0.0204775541127464
NW_003315503.1 Trichophyton verrucosum HKI 0517 chromosome Unknown contig00222_1.f1.exp, whole genome shotgun sequence	140399	0.46084227285891	0.100291050206161	0.0204775541127464
NW_003315504.1 Trichophyton verrucosum HKI 0517 chromosome Unknown contig00221_1.f1.exp, whole genome shotgun sequence	34890	0.126145676998553	0.296992481203008	0.0286276080313548
NW_003315505.1 Trichophyton verrucosum HKI 0517 chromosome Unknown contig00220_1.f1.exp, whole genome shotgun sequence	22316	0.357389635697263	0.135095804026195	0.0204775541127464
NW_003315506.1 Trichophyton verrucosum HKI 0517 chromosome Unknown contig00219_1.f1.exp, whole genome shotgun sequence	58939	0.200224099006877	0.223866116905166	0.0232348840335237
NW_003315507.1 Trichophyton verrucosum HKI 0517 chromosome Unknown contig00218_1.f1.exp, whole genome shotgun sequence	22418	0.549559411871642	0.0771283046325491	0.0204775541127464
NW_003315508.1 Trichophyton verrucosum HKI 0517 chromosome Unknown contig00217_1.f1.exp, whole genome shotgun sequence	225009	0.404623976513428	0.118602959010429	0.0204775541127464
NW_003315509.1 Trichophyton verrucosum HKI 0517 chromosome Unknown contig00216_1.f1.exp, whole genome shotgun sequence	10469	0.162889266863438	0.258064516129032	0.0259179535301822
NW_003315510.1 Trichophyton verrucosum HKI 0517 chromosome Unknown contig00215_1.f1.exp, whole genome shotgun sequence	19939	0.304981419787437	0.158986175115207	0.0204775541127464
NW_003315511.1 Trichophyton verrucosum HKI 0517 chromosome Unknown contig00214_1.f1.exp, whole genome shotgun sequence	62953	0.484402057896308	0.0918020858598108	0.0204775541127464
NW_003315512.1 Trichophyton verrucosum HKI 0517 chromosome Unknown contig00213_1.f1.exp, whole genome shotgun sequence	28595	0.271039512513962	0.178146980354111	0.0209741979155316
NW_003315513.1 Trichophyton verrucosum HKI 0517 chromosome Unknown contig00209_1.f1.exp, whole genome shotgun sequence	25816	0.523230214507709	0.0827067669172932	0.0204775541127464
NW_003315514.1 Trichophyton verrucosum HKI 0517 chromosome Unknown contig00208_1.f1.exp, whole genome shotgun sequence	4655	0.929653410944483	0.00982294445791899	0.0204775541127464
NW_003315515.1 Trichophyton verrucosum HKI 0517 chromosome Unknown contig00207_1.f1.exp, whole genome shotgun sequence	70693	0.35943899479837	0.134489449430027	0.0204775541127464
NW_003315516.1 Trichophyton verrucosum HKI 0517 chromosome Unknown contig00206_1.f1.exp, whole genome shotgun sequence	60498	0.377250017355926	0.127698277952947	0.0204775541127464
NW_003315517.1 Trichophyton verrucosum HKI 0517 chromosome Unknown contig00205_1.f1.exp, whole genome shotgun sequence	265846	0.443584506378314	0.105141886975503	0.0204775541127464
NW_003315518.1 Trichophyton verrucosum HKI 0517 chromosome Unknown contig00204_1.f1.exp, whole genome shotgun sequence	71416	0.457421554111269	0.101261217560029	0.0204775541127464
NW_003315519.1 Trichophyton verrucosum HKI 0517 chromosome Unknown contig00203_1.f1.exp, whole genome shotgun sequence	64889	0.165284284931422	0.25527528498666	0.0258339478666185
NW_003315520.1 Trichophyton verrucosum HKI 0517 chromosome Unknown contig00202_1.f1.exp, whole genome shotgun sequence	121237	0.42214311868312	0.111933058452583	0.0204775541127464
NW_003315521.1 Trichophyton verrucosum HKI 0517 chromosome Unknown contig00201_1.f1.exp, whole genome shotgun sequence	16469	0.548283294160842	0.0771283046325491	0.0204775541127464
NW_003315522.1 Trichophyton verrucosum HKI 0517 chromosome Unknown contig00200_1.f1.exp, whole genome shotgun sequence	16733	0.102804096275419	0.330341983992239	0.0312350620284663
NW_003315523.1 Trichophyton verrucosum HKI 0517 chromosome Unknown contig00199_1.f1.exp, whole genome shotgun sequence	37424	0.563606529905882	0.0737327188940092	0.0204775541127464
NW_003315524.1 Trichophyton verrucosum HKI 0517 chromosome Unknown contig00198_1.f1.exp, whole genome shotgun sequence	100493	0.340081575185084	0.142493330099442	0.0204775541127464
NW_003315525.1 Trichophyton verrucosum HKI 0517 chromosome Unknown contig00197_1.f1.exp, whole genome shotgun sequence	24403	0.467781870219911	0.0972592772253214	0.0204775541127464
NW_003315526.1 Trichophyton verrucosum HKI 0517 chromosome Unknown contig00196_1.f1.exp, whole genome shotgun sequence	23809	0.283025319906571	0.171840892553966	0.0208968610095418
NW_003315527.1 Trichophyton verrucosum HKI 0517 chromosome Unknown contig00195_1.f1.exp, whole genome shotgun sequence	16225	0.178268000381142	0.242784380305603	0.0246817995556473
NW_003315528.1 Trichophyton verrucosum HKI 0517 chromosome Unknown contig00194_1.f1.exp, whole genome shotgun sequence	18634	0.31989149102301	0.153528983749697	0.0204775541127464
NW_003315529.1 Trichophyton verrucosum HKI 0517 chromosome Unknown contig00193_1.f1.exp, whole genome shotgun sequence	22784	0.748177623559987	0.036745088527771	0.0204775541127464
NW_003315530.1 Trichophyton verrucosum HKI 0517 chromosome Unknown contig00192_1.f1.exp, whole genome shotgun sequence	12205	0.300937319788203	0.161532864419112	0.0204775541127464
NW_003315531.1 Trichophyton verrucosum HKI 0517 chromosome Unknown contig00191_1.f1.exp, whole genome shotgun sequence	14065	0.328941663697672	0.148435605141887	0.0204775541127464
NW_003315532.1 Trichophyton verrucosum HKI 0517 chromosome Unknown contig00190_1.f1.exp, whole genome shotgun sequence	148980	0.473398308535022	0.0950764006791171	0.0204775541127464
NW_003315533.1 Trichophyton verrucosum HKI 0517 chromosome Unknown contig00189_1.f1.exp, whole genome shotgun sequence	32058	0.443400591869302	0.105141886975503	0.0204775541127464
NW_003315534.1 Trichophyton verrucosum HKI 0517 chromosome Unknown contig00188_1.f1.exp, whole genome shotgun sequence	152721	0.405798716977678	0.118360417171962	0.0204775541127464
NW_003315535.1 Trichophyton verrucosum HKI 0517 chromosome Unknown contig00187_1.f1.exp, whole genome shotgun sequence	17230	0.490367981752145	0.0907106475867087	0.0204775541127464
NW_003315536.1 Trichophyton verrucosum HKI 0517 chromosome Unknown contig00186_1.f1.exp, whole genome shotgun sequence	6070	0.0127213498421966	0.689425175842833	0.0609279209681628
NW_003315537.1 Trichophyton verrucosum HKI 0517 chromosome Unknown contig00185_1.f1.exp, whole genome shotgun sequence	113629	0.419412633668338	0.113267038564152	0.0204775541127464
NW_003315538.1 Trichophyton verrucosum HKI 0517 chromosome Unknown contig00180_1.f1.exp, whole genome shotgun sequence	27775	0.342129489460156	0.141644433664807	0.0204775541127464
NW_003315539.1 Trichophyton verrucosum HKI 0517 chromosome Unknown contig00179_1.f1.exp, whole genome shotgun sequence	67187	0.417464696655879	0.113994664079554	0.0204775541127464
NW_003315540.1 Trichophyton verrucosum HKI 0517 chromosome Unknown contig00178_1.f1.exp, whole genome shotgun sequence	23874	0.337761496307224	0.144069852049479	0.0204775541127464
NW_003315541.1 Trichophyton verrucosum HKI 0517 chromosome Unknown contig00168_1.f1.exp, whole genome shotgun sequence	171098	0.380824240509567	0.126606839679845	0.0204775541127464
NW_003315542.1 Trichophyton verrucosum HKI 0517 chromosome Unknown contig00150_1.f1.exp, whole genome shotgun sequence	3830	0.000638270187965473	0.95888915837982	0.0819819990440353
NW_003315543.1 Trichophyton verrucosum HKI 0517 chromosome Unknown contig00142_1.f1.exp, whole genome shotgun sequence	32073	0.439634414831959	0.106112054329372	0.0204775541127464
NW_003315544.1 Trichophyton verrucosum HKI 0517 chromosome Unknown contig00134_1.f1.exp, whole genome shotgun sequence	64858	0.38681964913278	0.125151588649042	0.0204775541127464
NW_003315545.1 Trichophyton verrucosum HKI 0517 chromosome Unknown contig00133_1.f1.exp, whole genome shotgun sequence	15865	0.433043086605242	0.108537472714043	0.0204775541127464
NW_003315546.1 Trichophyton verrucosum HKI 0517 chromosome Unknown contig00132_1.f1.exp, whole genome shotgun sequence	10114	0.497664270629448	0.0890128547174388	0.0204775541127464
NW_003315547.1 Trichophyton verrucosum HKI 0517 chromosome Unknown contig00131_1.f1.exp, whole genome shotgun sequence	36964	0.768341548596493	0.0335920446276983	0.0204775541127464
NW_003315548.1 Trichophyton verrucosum HKI 0517 chromosome Unknown contig00129_1.f1.exp, whole genome shotgun sequence	9227	0.304082214241036	0.159228716953675	0.0204775541127464
NW_003315549.1 Trichophyton verrucosum HKI 0517 chromosome Unknown contig00128_1.f1.exp, whole genome shotgun sequence	46328	0.230979148770931	0.199611933058453	0.0214408078557539
NW_003315550.1 Trichophyton verrucosum HKI 0517 chromosome Unknown contig00127_1.f1.exp, whole genome shotgun sequence	8779	0.257392044281922	0.185423235508125	0.0210567918055693
NW_003315551.1 Trichophyton verrucosum HKI 0517 chromosome Unknown contig00125_1.f1.exp, whole genome shotgun sequence	64540	0.333213441471357	0.146252728595683	0.0204775541127464
NW_003315552.1 Trichophyton verrucosum HKI 0517 chromosome Unknown contig00124_1.f1.exp, whole genome shotgun sequence	120486	0.289492629209402	0.166990055784623	0.0204775541127464
NW_003315553.1 Trichophyton verrucosum HKI 0517 chromosome Unknown contig00123_1.f1.exp, whole genome shotgun sequence	55559	0.306357309901697	0.15874363327674	0.0204775541127464
NW_003315554.1 Trichophyton verrucosum HKI 0517 chromosome Unknown contig00122_1.f1.exp, whole genome shotgun sequence	136686	0.51457386505869	0.0841620179480961	0.0204775541127464
NW_003315555.1 Trichophyton verrucosum HKI 0517 chromosome Unknown contig00121_1.f1.exp, whole genome shotgun sequence	34850	0.406112879751789	0.118117875333495	0.0204775541127464
NW_003315556.1 Trichophyton verrucosum HKI 0517 chromosome Unknown contig00120_1.f1.exp, whole genome shotgun sequence	39385	0.362194469164077	0.133155469318457	0.0204775541127464
NW_003315557.1 Trichophyton verrucosum HKI 0517 chromosome Unknown contig00119_1.f1.exp, whole genome shotgun sequence	99359	0.416348481350774	0.114601018675722	0.0204775541127464
NW_003315558.1 Trichophyton verrucosum HKI 0517 chromosome Unknown contig00118_1.f1.exp, whole genome shotgun sequence	75556	0.460748197535866	0.100412321125394	0.0204775541127464
NW_003315559.1 Trichophyton verrucosum HKI 0517 chromosome Unknown contig00117_1.f1.exp, whole genome shotgun sequence	120834	0.513919521092653	0.0842832888673296	0.0204775541127464
NW_003315560.1 Trichophyton verrucosum HKI 0517 chromosome Unknown contig00116_1.f1.exp, whole genome shotgun sequence	178818	0.451811744412667	0.102959010429299	0.0204775541127464
NW_003315561.1 Trichophyton verrucosum HKI 0517 chromosome Unknown contig00115_1.f1.exp, whole genome shotgun sequence	25274	0.304967014696532	0.158986175115207	0.0204775541127464
NW_003315562.1 Trichophyton verrucosum HKI 0517 chromosome Unknown contig00113_1.f1.exp, whole genome shotgun sequence	10588	0.58624750817852	0.0690031530439001	0.0204775541127464
NW_003315563.1 Trichophyton verrucosum HKI 0517 chromosome Unknown contig00112_1.f1.exp, whole genome shotgun sequence	4324	0.240581644859734	0.193912199854475	0.0211593549456433
NW_003315564.1 Trichophyton verrucosum HKI 0517 chromosome Unknown contig00111_1.f1.exp, whole genome shotgun sequence	141195	0.329009099674855	0.148314334222653	0.0204775541127464
NW_003315565.1 Trichophyton verrucosum HKI 0517 chromosome Unknown contig00110_1.f1.exp, whole genome shotgun sequence	19480	0.669535022479997	0.0515401406742663	0.0204775541127464
NW_003315566.1 Trichophyton verrucosum HKI 0517 chromosome Unknown contig00109_1.f1.exp, whole genome shotgun sequence	117194	0.376908999352816	0.128062090710648	0.0204775541127464
NW_003315567.1 Trichophyton verrucosum HKI 0517 chromosome Unknown contig00108_1.f1.exp, whole genome shotgun sequence	3503	0.223240563660188	0.205190395343197	0.0218036065462397
NW_003315568.1 Trichophyton verrucosum HKI 0517 chromosome Unknown contig00107_1.f1.exp, whole genome shotgun sequence	14813	0.265642332932812	0.180936211496483	0.0209741979155316
NW_003315569.1 Trichophyton verrucosum HKI 0517 chromosome Unknown contig00106_1.f1.exp, whole genome shotgun sequence	13371	0.137074911543766	0.282197429056512	0.0276190546092834
NW_003315570.1 Trichophyton verrucosum HKI 0517 chromosome Unknown contig00103_1.f1.exp, whole genome shotgun sequence	15225	0.304467619171946	0.159228716953675	0.0204775541127464
NW_003315571.1 Trichophyton verrucosum HKI 0517 chromosome Unknown contig00102_1.f1.exp, whole genome shotgun sequence	47014	0.514592374653034	0.0841620179480961	0.0204775541127464
NW_003315572.1 Trichophyton verrucosum HKI 0517 chromosome Unknown contig00101_1.f1.exp, whole genome shotgun sequence	87995	0.370972194697858	0.130244967256852	0.0204775541127464
NW_003315573.1 Trichophyton verrucosum HKI 0517 chromosome Unknown contig00100_1.f1.exp, whole genome shotgun sequence	73146	0.455341626243218	0.101746301236963	0.0204775541127464
NW_003315574.1 Trichophyton verrucosum HKI 0517 chromosome Unknown contig00099_1.f1.exp, whole genome shotgun sequence	87121	0.24557541527837	0.191729323308271	0.0211024145039725
NW_003315575.1 Trichophyton verrucosum HKI 0517 chromosome Unknown contig00098_1.f1.exp, whole genome shotgun sequence	65636	0.359870559251609	0.134368178510793	0.0204775541127464
NW_003315576.1 Trichophyton verrucosum HKI 0517 chromosome Unknown contig00097_1.f1.exp, whole genome shotgun sequence	99104	0.445217826020412	0.104656803298569	0.0204775541127464
NW_003315577.1 Trichophyton verrucosum HKI 0517 chromosome Unknown contig00096_1.f1.exp, whole genome shotgun sequence	85395	0.457500887455573	0.101261217560029	0.0204775541127464
NW_003315578.1 Trichophyton verrucosum HKI 0517 chromosome Unknown contig00095_1.f1.exp, whole genome shotgun sequence	17753	0.370083770787086	0.130244967256852	0.0204775541127464
NW_003315579.1 Trichophyton verrucosum HKI 0517 chromosome Unknown contig00094_1.f1.exp, whole genome shotgun sequence	46327	0.38823159933258	0.124423963133641	0.0204775541127464
NW_003315580.1 Trichophyton verrucosum HKI 0517 chromosome Unknown contig00093_1.f1.exp, whole genome shotgun sequence	103407	0.455851943851217	0.10162503031773	0.0204775541127464
NW_003315581.1 Trichophyton verrucosum HKI 0517 chromosome Unknown contig00092_1.f1.exp, whole genome shotgun sequence	8188	0.0193551902995111	0.621877273829736	0.0552868144855908
NW_003315582.1 Trichophyton verrucosum HKI 0517 chromosome Unknown contig00090_1.f1.exp, whole genome shotgun sequence	15686	0.708083356792105	0.0442638855202522	0.0204775541127464
NW_003315583.1 Trichophyton verrucosum HKI 0517 chromosome Unknown contig00089_1.f1.exp, whole genome shotgun sequence	94684	0.456507616548298	0.101503759398496	0.0204775541127464
NW_003315584.1 Trichophyton verrucosum HKI 0517 chromosome Unknown contig00086_1.f1.exp, whole genome shotgun sequence	90999	0.560720578471089	0.0745816153286442	0.0204775541127464
NW_003315585.1 Trichophyton verrucosum HKI 0517 chromosome Unknown contig00084_1.f1.exp, whole genome shotgun sequence	139099	0.309067845885507	0.158016007761339	0.0204775541127464
NW_003315586.1 Trichophyton verrucosum HKI 0517 chromosome Unknown contig00083_1.f1.exp, whole genome shotgun sequence	9853	0.117638899531554	0.308028134853262	0.0295002073168463
NW_003315587.1 Trichophyton verrucosum HKI 0517 chromosome Unknown contig00082_1.f1.exp, whole genome shotgun sequence	129658	0.296458365032625	0.16383701188455	0.0204775541127464
NW_003315588.1 Trichophyton verrucosum HKI 0517 chromosome Unknown contig00081_1.f1.exp, whole genome shotgun sequence	77671	0.369016974400473	0.130608780014553	0.0204775541127464
NW_003315589.1 Trichophyton verrucosum HKI 0517 chromosome Unknown contig00080_128.r1.exp, whole genome shotgun sequence	180257	0.409109900173256	0.116541353383459	0.0204775541127464
NW_003315590.1 Trichophyton verrucosum HKI 0517 chromosome Unknown contig00079_25.r1.exp, whole genome shotgun sequence	35488	0.349496471122312	0.138491389764734	0.0204775541127464
NW_003315591.1 Trichophyton verrucosum HKI 0517 chromosome Unknown contig00078_1.f1.exp, whole genome shotgun sequence	7587	0.743546392899883	0.0374727140431724	0.0204775541127464
NW_003315592.1 Trichophyton verrucosum HKI 0517 chromosome Unknown contig00075_1.f1.exp, whole genome shotgun sequence	6830	0.0723128921289004	0.390492359932088	0.0358588923585384
NW_003315593.1 Trichophyton verrucosum HKI 0517 chromosome Unknown contig00067_2.r1.exp, whole genome shotgun sequence	3849	0.00400673553462194	0.837375697307786	0.0724109925897071
NW_003315594.1 Trichophyton verrucosum HKI 0517 chromosome Unknown contig00066_1.f1.exp, whole genome shotgun sequence	16428	0.0375052228463956	0.501576521950036	0.0451311210768938
NW_003315595.1 Trichophyton verrucosum HKI 0517 chromosome Unknown contig00065_1.f1.exp, whole genome shotgun sequence	62205	0.267635705088342	0.179966044142615	0.0209741979155316
NW_003315596.1 Trichophyton verrucosum HKI 0517 chromosome Unknown contig00064_1.f1.exp, whole genome shotgun sequence	10235	0.287124347466312	0.167475139461557	0.0204775541127464
NW_003315597.1 Trichophyton verrucosum HKI 0517 chromosome Unknown contig00063_1.f1.exp, whole genome shotgun sequence	29590	0.508111241710404	0.0851321853019646	0.0204775541127464
NW_003315598.1 Trichophyton verrucosum HKI 0517 chromosome Unknown contig00062_1.f1.exp, whole genome shotgun sequence	35411	0.60706029302586	0.0654862963861266	0.0204775541127464
NW_003315599.1 Trichophyton verrucosum HKI 0517 chromosome Unknown contig00057_1.f1.exp, whole genome shotgun sequence	10351	0.00519017099878112	0.810938636914868	0.0705490591308899
NW_003315600.1 Trichophyton verrucosum HKI 0517 chromosome Unknown contig00056_1.f1.exp, whole genome shotgun sequence	20037	0.750908696103808	0.036745088527771	0.0204775541127464
NW_003315601.1 Trichophyton verrucosum HKI 0517 chromosome Unknown contig00050_1.f1.exp, whole genome shotgun sequence	29739	0.188429432922695	0.233689061363085	0.0239756133286236
NW_003315602.1 Trichophyton verrucosum HKI 0517 chromosome Unknown contig00049_1.f1.exp, whole genome shotgun sequence	24828	0.427785713063856	0.11011399466408	0.0204775541127464
NW_003315603.1 Trichophyton verrucosum HKI 0517 chromosome Unknown contig00048_1.f1.exp, whole genome shotgun sequence	26810	0.440861435022412	0.105505699733204	0.0204775541127464
NW_003315604.1 Trichophyton verrucosum HKI 0517 chromosome Unknown contig00047_1.f1.exp, whole genome shotgun sequence	9665	0.10293529167009	0.330099442153772	0.0312350620284663
NW_003315605.1 Trichophyton verrucosum HKI 0517 chromosome Unknown contig00046_1.f1.exp, whole genome shotgun sequence	77824	0.303720541492307	0.159349987872908	0.0204775541127464
NW_003315606.1 Trichophyton verrucosum HKI 0517 chromosome Unknown contig00045_1.f1.exp, whole genome shotgun sequence	28857	0.597573625215801	0.0669415474169294	0.0204775541127464
NW_003315607.1 Trichophyton verrucosum HKI 0517 chromosome Unknown contig00043_1.f1.exp, whole genome shotgun sequence	26636	0.259443811245541	0.184210526315789	0.0210138609190582
NW_003315608.1 Trichophyton verrucosum HKI 0517 chromosome Unknown contig00041_1.f1.exp, whole genome shotgun sequence	43627	0.45896449389207	0.101018675721562	0.0204775541127464
NW_003315609.1 Trichophyton verrucosum HKI 0517 chromosome Unknown contig00040_1.f1.exp, whole genome shotgun sequence	15233	0.565225438979366	0.0734901770555421	0.0204775541127464
NW_003315610.1 Trichophyton verrucosum HKI 0517 chromosome Unknown contig00039_1.f1.exp, whole genome shotgun sequence	4406	0.160932985513332	0.259277225321368	0.0259351767142904
NW_003315611.1 Trichophyton verrucosum HKI 0517 chromosome Unknown contig00038_1.f1.exp, whole genome shotgun sequence	5157	0.818482687928266	0.0257094348775164	0.0204775541127464
NW_003315612.1 Trichophyton verrucosum HKI 0517 chromosome Unknown contig00037_1.f1.exp, whole genome shotgun sequence	98777	0.351653090860484	0.137036138733932	0.0204775541127464
NW_003315613.1 Trichophyton verrucosum HKI 0517 chromosome Unknown contig00036_1.f1.exp, whole genome shotgun sequence	32813	0.407124579515444	0.117511520737327	0.0204775541127464
NW_003315614.1 Trichophyton verrucosum HKI 0517 chromosome Unknown contig00035_1.f1.exp, whole genome shotgun sequence	14111	0.105505389850383	0.326218772738297	0.0309764532417151
NW_003315615.1 Trichophyton verrucosum HKI 0517 chromosome Unknown contig00034_1.f1.exp, whole genome shotgun sequence	143861	0.409210947585551	0.116541353383459	0.0204775541127464
NW_003315616.1 Trichophyton verrucosum HKI 0517 chromosome Unknown contig00033_1.f1.exp, whole genome shotgun sequence	27061	0.155396343755266	0.263521707494543	0.0261933263181263
NW_003315617.1 Trichophyton verrucosum HKI 0517 chromosome Unknown contig00029_1.f1.exp, whole genome shotgun sequence	105457	0.348535195996127	0.138855202522435	0.0204775541127464
NW_003315618.1 Trichophyton verrucosum HKI 0517 chromosome Unknown contig00027_1.f1.exp, whole genome shotgun sequence	112095	0.44493639407176	0.104778074217803	0.0204775541127464
NW_003315619.1 Trichophyton verrucosum HKI 0517 chromosome Unknown contig00026_1.f1.exp, whole genome shotgun sequence	4329	0.0025300661430636	0.879820519039534	0.0758027436711561
NW_003315620.1 Trichophyton verrucosum HKI 0517 chromosome Unknown contig00021_1.f1.exp, whole genome shotgun sequence	19143	0.266731204491295	0.180329856900315	0.0209741979155316
NW_003315621.1 Trichophyton verrucosum HKI 0517 chromosome Unknown contig00020_1.f1.exp, whole genome shotgun sequence	158458	0.385638457107823	0.125151588649042	0.0204775541127464
NW_003315622.1 Trichophyton verrucosum HKI 0517 chromosome Unknown contig00019_1.f1.exp, whole genome shotgun sequence	155890	0.380477948439049	0.126728110599078	0.0204775541127464
NW_003315623.1 Trichophyton verrucosum HKI 0517 chromosome Unknown contig00018_1.f1.exp, whole genome shotgun sequence	11578	0.146035746369094	0.272859568275528	0.0269414739144601
NW_003315624.1 Trichophyton verrucosum HKI 0517 chromosome Unknown contig00015_1.f1.exp, whole genome shotgun sequence	36184	0.379063648721446	0.127334465195246	0.0204775541127464
NW_003315625.1 Trichophyton verrucosum HKI 0517 chromosome Unknown contig00013_1.f1.exp, whole genome shotgun sequence	9643	0.25065285078917	0.189425175842833	0.0211024145039725
NW_003315626.1 Trichophyton verrucosum HKI 0517 chromosome Unknown contig00012_1.f1.exp, whole genome shotgun sequence	57069	0.566740874335415	0.0728838224593742	0.0204775541127464
NW_003315627.1 Trichophyton verrucosum HKI 0517 chromosome Unknown contig00011_1.f1.exp, whole genome shotgun sequence	11181	0.0454454366336354	0.46871210283774	0.0424306658544815
NW_003315628.1 Trichophyton verrucosum HKI 0517 chromosome Unknown contig00010_1.f1.exp, whole genome shotgun sequence	17444	0.115636188345805	0.310696095076401	0.0296920041763681
NW_003315629.1 Trichophyton verrucosum HKI 0517 chromosome Unknown contig00009_1.f1.exp, whole genome shotgun sequence	9711	0.822577046100963	0.0251030802813485	0.0204775541127464
NW_003315630.1 Trichophyton verrucosum HKI 0517 chromosome Unknown contig00008_1.f1.exp, whole genome shotgun sequence	21560	0.337044009496175	0.144191122968712	0.0204775541127464
NW_003315631.1 Trichophyton verrucosum HKI 0517 chromosome Unknown contig00007_1.f1.exp, whole genome shotgun sequence	15575	0.382223861663023	0.126243026922144	0.0204775541127464
NW_003315632.1 Trichophyton verrucosum HKI 0517 chromosome Unknown contig00006_1.f1.exp, whole genome shotgun sequence	75328	0.445377221359123	0.104656803298569	0.0204775541127464
NW_003315633.1 Trichophyton verrucosum HKI 0517 chromosome Unknown contig00005_32.r1.exp, whole genome shotgun sequence	46087	0.375536873326327	0.128425903468348	0.0204775541127464
NW_003315634.1 Trichophyton verrucosum HKI 0517 chromosome Unknown contig00004_1.f1.exp, whole genome shotgun sequence	83204	0.289101016299657	0.167111326703856	0.0204775541127464
NW_003315635.1 Trichophyton verrucosum HKI 0517 chromosome Unknown contig00003_1.f1.exp, whole genome shotgun sequence	101763	0.395316786855479	0.121877273829736	0.0204775541127464
NW_003315636.1 Trichophyton verrucosum HKI 0517 chromosome Unknown contig00001_1.f1.exp, whole genome shotgun sequence	60261	0.527850616021024	0.0817365995634247	0.0204775541127464
